UID        PID  PPID  C STIME TTY          TIME CMD
root         1     0  0 06:18 ?        00:00:01 /sbin/init
root         2     0  0 06:18 ?        00:00:00 [kthreadd]
root         3     2  0 06:18 ?        00:00:03 [ksoftirqd/0]
root         5     2  0 06:18 ?        00:00:00 [kworker/0:0H]
root         7     2  0 06:18 ?        00:00:00 [kworker/u:0H]
root         8     2  0 06:18 ?        00:00:01 [migration/0]
root         9     2  0 06:18 ?        00:00:00 [rcu_bh]
root        10     2  0 06:18 ?        00:01:25 [rcu_sched]
root        11     2  0 06:18 ?        00:00:00 [watchdog/0]
root        12     2  0 06:18 ?        00:00:00 [watchdog/1]
root        13     2  0 06:18 ?        00:00:04 [ksoftirqd/1]
root        14     2  0 06:18 ?        00:00:01 [migration/1]
root        16     2  0 06:18 ?        00:00:00 [kworker/1:0H]
root        17     2  0 06:18 ?        00:00:00 [cpuset]
root        18     2  0 06:18 ?        00:00:00 [khelper]
root        19     2  0 06:18 ?        00:00:00 [kdevtmpfs]
root        20     2  0 06:18 ?        00:00:00 [netns]
root        21     2  0 06:18 ?        00:00:00 [bdi-default]
root        22     2  0 06:18 ?        00:00:00 [kintegrityd]
root        23     2  0 06:18 ?        00:00:00 [kblockd]
root        24     2  0 06:18 ?        00:00:00 [xenbus_frontend]
root        25     2  0 06:18 ?        00:00:00 [ata_sff]
root        26     2  0 06:18 ?        00:00:00 [khubd]
root        27     2  0 06:18 ?        00:00:00 [md]
root        30     2  0 06:18 ?        00:00:00 [khungtaskd]
root        31     2  0 06:18 ?        00:00:35 [kswapd0]
root        32     2  0 06:18 ?        00:00:00 [ksmd]
root        33     2  0 06:18 ?        00:00:00 [fsnotify_mark]
root        34     2  0 06:18 ?        00:00:00 [crypto]
root        43     2  0 06:18 ?        00:00:00 [kthrotld]
root        45     2  0 06:18 ?        00:00:00 [kpsmoused]
root        46     2  0 06:18 ?        00:00:00 [deferwq]
root       140     2  0 06:18 ?        00:00:00 [scsi_eh_0]
root       141     2  0 06:18 ?        00:00:00 [scsi_eh_1]
root       142     2  0 06:18 ?        00:00:00 [kworker/u:2]
root       143     2  0 06:18 ?        00:00:00 [kworker/u:3]
root       155     2  0 06:18 ?        00:00:00 [scsi_eh_2]
root       156     2  0 06:18 ?        00:00:00 [scsi_eh_3]
root       157     2  0 06:18 ?        00:00:00 [scsi_eh_4]
root       158     2  0 06:18 ?        00:00:00 [scsi_eh_5]
root       212     2  0 06:18 ?        00:00:04 [kworker/0:1H]
root       229     2  0 06:18 ?        00:00:00 [kworker/1:1H]
root       249     2  0 06:18 ?        00:00:00 [btrfs-genwork-1]
root       250     2  0 06:18 ?        00:00:01 [btrfs-submit-1]
root       251     2  0 06:18 ?        00:00:00 [btrfs-delalloc-]
root       252     2  0 06:18 ?        00:00:00 [btrfs-fixup-1]
root       255     2  0 06:18 ?        00:00:00 [btrfs-endio-met]
root       257     2  0 06:18 ?        00:00:00 [btrfs-freespace]
root       259     2  0 06:18 ?        00:00:00 [btrfs-cache-1]
root       260     2  0 06:18 ?        00:00:00 [btrfs-readahead]
root       261     2  0 06:18 ?        00:00:00 [btrfs-flush_del]
root       262     2  0 06:18 ?        00:00:00 [btrfs-cleaner]
root       263     2  0 06:18 ?        00:00:01 [btrfs-transacti]
root       375     2  0 06:18 ?        00:00:00 [iprt]
root       693     2  0 06:18 ?        00:00:00 [jbd2/sda1-8]
root       694     2  0 06:18 ?        00:00:00 [ext4-dio-unwrit]
root       727     2  0 06:18 ?        00:00:00 [kauditd]
root       875     2  0 06:18 ?        00:00:01 [flush-btrfs-1]
root       944     1  0 06:18 ?        00:00:02 auditd
root       969     1  0 06:18 ?        00:00:00 /sbin/rsyslogd -i /var/run/syslogd.pid -c 5
dbus       981     1  0 06:18 ?        00:00:00 dbus-daemon --system
root       996     1  0 06:18 ?        00:00:00 cupsd -C /etc/cups/cupsd.conf
root      1085     1  0 06:18 ?        00:00:04 /usr/sbin/VBoxService
root      1104     1  0 06:18 ?        00:00:00 /usr/sbin/sshd
root      1180     1  0 06:18 ?        00:00:00 /usr/libexec/postfix/master
postfix   1189  1180  0 06:18 ?        00:00:00 qmgr -l -t fifo -u
root      1190     1  0 06:18 ?        00:00:00 crond
root      1201     1  0 06:18 ?        00:00:00 /usr/sbin/atd
root      1219     1  0 06:18 tty1     00:00:00 /sbin/mingetty /dev/tty1
root      1221     1  0 06:18 tty2     00:00:00 /sbin/mingetty /dev/tty2
root      1223     1  0 06:18 tty3     00:00:00 /sbin/mingetty /dev/tty3
root      1225     1  0 06:18 tty4     00:00:00 /sbin/mingetty /dev/tty4
root      1228     1  0 06:18 tty5     00:00:00 /sbin/mingetty /dev/tty5
root      1230     1  0 06:18 tty6     00:00:00 /sbin/mingetty /dev/tty6
root      2109     1  0 06:19 ?        00:00:00 /sbin/dhclient -H node1 -1 -q -cf /etc/dhcp/dh
root      2328     1  1 07:13 ?        00:02:06 /u01/app/12.1.0.1/grid/bin/ohasd.bin reboot _O
grid      2423     1  0 07:13 ?        00:00:33 /u01/app/12.1.0.1/grid/bin/oraagent.bin
grid      2436     1  0 07:13 ?        00:01:06 /u01/app/12.1.0.1/grid/bin/evmd.bin
grid      2439     1  0 07:13 ?        00:00:00 /u01/app/12.1.0.1/grid/bin/mdnsd.bin
grid      2455     1  0 07:13 ?        00:00:03 /u01/app/12.1.0.1/grid/bin/gpnpd.bin
grid      2467  2436  0 07:13 ?        00:00:00 /u01/app/12.1.0.1/grid/bin/evmlogger.bin -o /u
grid      2472     1  2 07:13 ?        00:03:40 /u01/app/12.1.0.1/grid/bin/gipcd.bin
root      2490     1  0 07:14 ?        00:00:06 /u01/app/12.1.0.1/grid/bin/cssdmonitor
root      2504     1  0 07:14 ?        00:00:06 /u01/app/12.1.0.1/grid/bin/cssdagent
grid      2528     1  1 07:14 ?        00:01:19 /u01/app/12.1.0.1/grid/bin/ocssd.bin 
root      2586     1  0 07:14 ?        00:00:18 /u01/app/12.1.0.1/grid/bin/orarootagent.bin
root      2599     1  0 07:14 ?        00:01:03 /u01/app/12.1.0.1/grid/bin/octssd.bin reboot
grid      2626     1  0 07:14 ?        00:00:01 asm_pmon_+ASM1
grid      2628     1  0 07:14 ?        00:00:04 asm_psp0_+ASM1
grid      2630     1  7 07:14 ?        00:09:41 asm_vktm_+ASM1
grid      2634     1  0 07:14 ?        00:00:00 asm_gen0_+ASM1
grid      2636     1  0 07:14 ?        00:00:00 asm_mman_+ASM1
grid      2640     1  0 07:14 ?        00:00:10 asm_diag_+ASM1
grid      2642     1  0 07:14 ?        00:00:02 asm_ping_+ASM1
grid      2646     1  0 07:14 ?        00:00:29 asm_lmon_+ASM1
grid      2648     1  0 07:14 ?        00:00:30 asm_lmd0_+ASM1
grid      2650     1  0 07:14 ?        00:01:09 asm_lms0_+ASM1
grid      2654     1  0 07:14 ?        00:00:02 asm_lmhb_+ASM1
grid      2656     1  0 07:14 ?        00:00:00 asm_lck1_+ASM1
grid      2658     1  0 07:14 ?        00:00:00 asm_dbw0_+ASM1
grid      2660     1  0 07:14 ?        00:00:00 asm_lgwr_+ASM1
grid      2662     1  0 07:14 ?        00:00:00 asm_ckpt_+ASM1
grid      2664     1  0 07:14 ?        00:00:00 asm_smon_+ASM1
grid      2666     1  0 07:14 ?        00:00:00 asm_lreg_+ASM1
grid      2668     1  0 07:14 ?        00:00:06 asm_rbal_+ASM1
grid      2670     1  0 07:14 ?        00:00:03 asm_gmon_+ASM1
grid      2672     1  0 07:14 ?        00:00:00 asm_mmon_+ASM1
grid      2674     1  0 07:14 ?        00:00:02 asm_mmnl_+ASM1
grid      2676     1  0 07:14 ?        00:00:02 asm_lck0_+ASM1
grid      2680     1  0 07:14 ?        00:00:00 oracle+ASM1 (DESCRIPTION=(LOCAL=YES)(ADDRESS=(
grid      2682     1  0 07:14 ?        00:00:00 asm_gcr0_+ASM1
root      2698     1  1 07:14 ?        00:02:17 /u01/app/12.1.0.1/grid/bin/osysmond.bin
root      2707     1  1 07:14 ?        00:01:26 /u01/app/12.1.0.1/grid/bin/crsd.bin reboot
grid      2724     1  0 07:14 ?        00:00:00 asm_asmb_+ASM1
grid      2727     1  0 07:14 ?        00:00:01 oracle+ASM1_asmb_+asm1 (DESCRIPTION=(LOCAL=YES
grid      2791     1  0 07:15 ?        00:00:53 /u01/app/12.1.0.1/grid/bin/oraagent.bin
root      2795     1  1 07:15 ?        00:01:21 /u01/app/12.1.0.1/grid/bin/orarootagent.bin
grid      2824     1  0 07:15 ?        00:00:00 oracle+ASM1 (DESCRIPTION=(LOCAL=YES)(ADDRESS=(
grid      2834     1  0 07:15 ?        00:00:00 /u01/app/12.1.0.1/grid/opmn/bin/ons -d
grid      2835  2834  0 07:15 ?        00:00:01 /u01/app/12.1.0.1/grid/opmn/bin/ons -d
grid      2852     1  0 07:15 ?        00:00:00 /u01/app/12.1.0.1/grid/bin/tnslsnr LISTENER -n
grid      3028     1  0 07:15 ?        00:00:00 /u01/app/12.1.0.1/grid/bin/tnslsnr MGMTLSNR -n
grid      3048     1  0 07:16 ?        00:00:01 mdb_pmon_-MGMTDB
grid      3050     1  0 07:16 ?        00:00:04 mdb_psp0_-MGMTDB
grid      3052     1  7 07:16 ?        00:09:35 mdb_vktm_-MGMTDB
grid      3056     1  0 07:16 ?        00:00:00 mdb_gen0_-MGMTDB
grid      3058     1  0 07:16 ?        00:00:00 mdb_mman_-MGMTDB
grid      3062     1  0 07:16 ?        00:00:00 mdb_diag_-MGMTDB
grid      3064     1  0 07:16 ?        00:00:00 mdb_dbrm_-MGMTDB
grid      3066     1  0 07:16 ?        00:00:05 mdb_dia0_-MGMTDB
grid      3068     1  0 07:16 ?        00:00:01 mdb_dbw0_-MGMTDB
grid      3070     1  0 07:16 ?        00:00:03 mdb_lgwr_-MGMTDB
grid      3072     1  0 07:16 ?        00:00:05 mdb_ckpt_-MGMTDB
grid      3074     1  0 07:16 ?        00:00:00 mdb_lg00_-MGMTDB
grid      3076     1  0 07:16 ?        00:00:00 mdb_lg01_-MGMTDB
grid      3078     1  0 07:16 ?        00:00:00 mdb_smon_-MGMTDB
grid      3080     1  0 07:16 ?        00:00:00 mdb_lreg_-MGMTDB
grid      3082     1  0 07:16 ?        00:00:00 mdb_rbal_-MGMTDB
grid      3084     1  0 07:16 ?        00:00:00 mdb_asmb_-MGMTDB
grid      3086     1  0 07:16 ?        00:00:10 mdb_mmon_-MGMTDB
grid      3088     1  0 07:16 ?        00:00:05 mdb_mmnl_-MGMTDB
grid      3090     1  0 07:16 ?        00:00:01 oracle+ASM1_asmb_-mgmtdb (DESCRIPTION=(LOCAL=Y
grid      3092     1  0 07:16 ?        00:00:00 mdb_d000_-MGMTDB
grid      3094     1  0 07:16 ?        00:00:00 mdb_s000_-MGMTDB
grid      3096     1  0 07:16 ?        00:00:00 mdb_mark_-MGMTDB
grid      3130     1  0 07:16 ?        00:00:00 mdb_tmon_-MGMTDB
grid      3132     1  0 07:16 ?        00:00:00 mdb_tt00_-MGMTDB
grid      3134     1  0 07:16 ?        00:00:00 mdb_smco_-MGMTDB
grid      3136     1  0 07:16 ?        00:00:00 mdb_fbda_-MGMTDB
grid      3139     1  0 07:16 ?        00:00:00 mdb_aqpc_-MGMTDB
grid      3141     1  0 07:16 ?        00:00:00 mdb_cjq0_-MGMTDB
grid      3194     1  0 07:16 ?        00:00:00 mdb_p000_-MGMTDB
grid      3196     1  0 07:16 ?        00:00:00 mdb_p001_-MGMTDB
grid      3198     1  0 07:16 ?        00:00:00 mdb_p002_-MGMTDB
grid      3200     1  0 07:16 ?        00:00:00 mdb_p003_-MGMTDB
grid      3202     1  0 07:16 ?        00:00:00 mdb_p004_-MGMTDB
grid      3204     1  0 07:16 ?        00:00:00 mdb_p005_-MGMTDB
grid      3206     1  0 07:16 ?        00:00:00 mdb_p006_-MGMTDB
grid      3209     1  0 07:16 ?        00:00:00 mdb_p007_-MGMTDB
grid      3321     1  0 07:16 ?        00:00:00 mdb_qm02_-MGMTDB
grid      3325     1  0 07:16 ?        00:00:00 mdb_q002_-MGMTDB
grid      3327     1  0 07:16 ?        00:00:00 mdb_q003_-MGMTDB
root      3407     2  0 07:16 ?        00:00:02 [btrfs-endio-wri]
root      4026     2  0 06:19 ?        00:00:00 [btrfs-genwork-1]
root      4027     2  0 06:19 ?        00:00:06 [btrfs-submit-1]
root      4028     2  0 06:19 ?        00:00:00 [btrfs-delalloc-]
root      4029     2  0 06:19 ?        00:00:00 [btrfs-fixup-1]
root      4032     2  0 06:19 ?        00:00:00 [btrfs-endio-met]
root      4034     2  0 06:19 ?        00:00:00 [btrfs-freespace]
root      4036     2  0 06:19 ?        00:00:00 [btrfs-cache-1]
root      4037     2  0 06:19 ?        00:00:00 [btrfs-readahead]
root      4039     2  0 06:19 ?        00:00:00 [btrfs-cleaner]
root      4040     2  0 06:19 ?        00:00:02 [btrfs-transacti]
grid      4404     1  0 07:17 ?        00:00:00 /u01/app/12.1.0.1/grid/bin/tnslsnr LISTENER_SC
grid      4416     1  0 07:18 ?        00:00:02 /u01/app/12.1.0.1/grid/bin/scriptagent.bin
grid      4446     1  0 07:18 ?        00:01:04 /u01/app/12.1.0.1/grid/jdk/bin/java -server -X
grid      5986     1  0 07:18 ?        00:00:00 oracle+ASM1_ocr (DESCRIPTION=(LOCAL=YES)(ADDRE
grid      6978     1  0 07:19 ?        00:00:00 oracle-MGMTDB (DESCRIPTION=(LOCAL=YES)(ADDRESS
root      8339     1  0 06:27 ?        00:00:00 /sbin/udevd -d
root      8382     2  0 06:27 ?        00:00:07 [kworker/1:1]
root      8899     2  0 06:27 ?        00:00:11 [flush-btrfs-2]
root      9431     1  0 07:20 ?        00:00:55 /u01/app/12.1.0.1/grid/bin/ologgerd -M -d /u01
grid      9443     1  0 07:20 ?        00:00:00 oracle-MGMTDB (LOCAL=NO)
grid      9445     1  0 07:20 ?        00:00:00 oracle-MGMTDB (LOCAL=NO)
grid      9451     1  0 07:20 ?        00:00:17 oracle-MGMTDB (LOCAL=NO)
root      9454     2  0 07:20 ?        00:00:03 [btrfs-endio-wri]
root      9536     2  0 07:24 ?        00:00:01 [btrfs-endio-wri]
root      9679     2  0 07:29 ?        00:00:02 [btrfs-endio-wri]
root     10152     2  0 07:30 ?        00:00:00 [kworker/0:1]
grid     10196     1  0 07:30 ?        00:00:26 asm_dia0_+ASM1
root     11434     2  0 07:31 ?        00:00:02 [btrfs-delayed-m]
root     11454     2  0 07:32 ?        00:00:00 [btrfs-flush_del]
grid     13736     1  0 07:35 ?        00:00:01 oracle-MGMTDB (LOCAL=NO)
root     13775     2  0 07:36 ?        00:00:00 [btrfs-endio-met]
root     14192     2  0 07:43 ?        00:00:00 [btrfs-worker-3]
root     14400     2  0 07:45 ?        00:00:00 [btrfs-delayed-m]
root     17833     2  0 07:45 ?        00:00:00 [btrfs-worker-2]
root     18194     1  0 06:42 ?        00:00:00 /bin/sh /etc/init.d/init.ohasd run
root     22895     2  0 07:46 ?        00:00:00 [btrfs-endio-met]
root     24222     2  0 07:46 ?        00:00:00 [btrfs-endio-2]
root     24810     2  0 07:50 ?        00:00:00 [kworker/1:2]
postfix  24991  1180  0 07:58 ?        00:00:00 pickup -l -t fifo -u
grid     25403     1  0 08:16 ?        00:00:12 mdb_o000_-MGMTDB
grid     25405     1  0 08:16 ?        00:00:00 oracle+ASM1_o000_-mgmtdb (DESCRIPTION=(LOCAL=Y
root     25851     2  0 08:36 ?        00:00:00 [kworker/0:2]
grid     26286     1  0 08:56 ?        00:00:00 mdb_w000_-MGMTDB
root     26356     2  0 08:57 ?        00:00:00 [btrfs-endio-wri]
root     26489     2  0 08:58 ?        00:00:00 [btrfs-endio-2]
grid     27180     1  0 09:05 ?        00:00:00 mdb_w001_-MGMTDB
root     27555     2  0 09:21 ?        00:00:00 [kworker/1:0]
root     27562     2  0 09:21 ?        00:00:00 [btrfs-endio-wri]
root     27636     2  0 09:23 ?        00:00:00 [btrfs-endio-wri]
root     27651     2  0 09:23 ?        00:00:00 [btrfs-worker-2]
root     27652     2  0 09:23 ?        00:00:00 [btrfs-endio-2]
root     27653     2  0 09:23 ?        00:00:00 [btrfs-endio-3]
root     27654     2  0 09:23 ?        00:00:00 [btrfs-endio-4]
root     27676  1104  1 09:24 ?        00:00:00 sshd: vagrant [priv]
vagrant  27678 27676  3 09:24 ?        00:00:00 sshd: vagrant@pts/0
root     27679 27678  1 09:24 pts/0    00:00:00 sudo ps -fea
root     27698 27679  5 09:24 pts/0    00:00:00 ps -fea
Connection to 127.0.0.1 closed.
