Oracle Interim Patch Installer version 12.1.0.1.2
Copyright (c) 2013, Oracle Corporation.  All rights reserved.


Oracle Home       : /u01/app/oracle/product/12.1.0.1/dbhome_1
Central Inventory : /u01/app/oraInventory
   from           : /u01/app/oracle/product/12.1.0.1/dbhome_1/oraInst.loc
OPatch version    : 12.1.0.1.2
OUI version       : 12.1.0.1.0
Log file location : /u01/app/oracle/product/12.1.0.1/dbhome_1/cfgtoollogs/opatch/opatch2014-02-03_09-00-23AM_1.log

Lsinventory Output file location : /u01/app/oracle/product/12.1.0.1/dbhome_1/cfgtoollogs/opatch/lsinv/lsinventory2014-02-03_09-00-23AM.txt

--------------------------------------------------------------------------------
Installed Top-level Products (1): 

Oracle Database 12c                                                  12.1.0.1.0
There are 1 products installed in this Oracle Home.


Interim patches (1) :

Patch  17552800     : applied on Mon Feb 03 07:48:19 NZDT 2014
Unique Patch ID:  16974186
Patch description:  "Database Patch Set Update : 12.1.0.1.2 (17552800)"
   Created on 3 Jan 2014, 03:21:20 hrs PST8PDT
   Bugs fixed:
     17034172, 16694728, 17439871, 16320173, 17082983, 16313881, 16715647
     17362796, 16450169, 16392068, 16977973, 14197853, 16712618, 17552800
     17922172, 17441661, 16524071, 16856570, 16410570, 16372203, 16849982
     16837842, 16459685, 16802693, 16978185, 16845022, 16195633, 14536110
     17579911, 16787973, 16850996, 17311728, 16838328, 16178562, 17244462
     16503473, 16935643, 14355775, 16362358, 16994576, 16928832, 16864359
     17080436, 16679874, 16788832, 16585173, 15986012, 14852021, 16191248
     17174391, 17249820, 16946990, 16589507, 16173738, 16874123, 16784143
     17343514, 17346196, 17324822, 16495802, 16859937, 16590848, 17068536
     16910001, 16527374, 16730813, 16663303, 16186165, 16675739, 16457621
     16170787, 16524968, 17032726, 16543323, 17005047, 17981677, 17442449
     16795944, 16668226, 16070351, 16698577, 17088068, 16621274, 17330580
     16888264, 16448848, 16863422, 16465158, 16634384, 17443671, 16816103
     16910734, 16911800, 16517900, 16825779, 17019974, 16707927, 16347904
     17263661, 17273253, 16902138, 17179261, 16465149, 17184677, 16689109
     16705020, 16864864, 16682595, 16972213, 16946613, 16721594, 16964279
     16855292, 17205719, 17026503, 16964686, 16674842, 16757934, 16864562
     15996344, 16842274, 17000176, 16769019, 17572525, 16485876, 16709437
     17289787, 16919176, 17217040, 16796277, 16462834, 16617325, 17308691
     16921340, 16784167, 16733884, 16483559, 16057129, 16822629, 16286774
     16660558, 17596344, 17570606, 16674666, 16697600, 16993424, 16772060
     16991789, 16790307, 16275522, 16603924, 16427054, 16227068, 16784901
     13521413, 16836849, 16007562, 16663465, 16551086, 17027533, 16675710
     16406802, 17465741, 17171530, 16523150, 16212405, 16741246, 16930325, 16443657



Rac system comprising of multiple nodes
  Local node = node2
  Remote node = node1

--------------------------------------------------------------------------------

OPatch succeeded.
Connection to 127.0.0.1 closed.
