[node2] Running provisioner: shell...
[node2] Running: inline script
overwriting /etc/hosts
[node2] Running provisioner: shell...
[node2] Running: inline script
[node2] Running provisioner: shell...
[node2] Running: inline script
/dev/sdb: UUID="1f09c6f7-17d6-4d19-be0b-c9d9c4f2f621" UUID_SUB="8cf669c7-654d-4d80-aa3f-2ee0a986811b" TYPE="btrfs" 
filesystem metadata found on sdb, ignoring
[node2] Running provisioner: shell...
[node2] Running: inline script
oracleasm configured
/dev/sdc1: LABEL="DATA" TYPE="oracleasm" 
filesystem metadata found on sdc, ignoring
[node2] Running provisioner: shell...
[node2] Running: inline script
oracleasm configured
/dev/sdd1: LABEL="FRA" TYPE="oracleasm" 
filesystem metadata found on sdd, ignoring
[node2] Running provisioner: shell...
[node2] Running: inline script
installing oracle-rdbms-server-12cR1-preinstall
oracle-rdbms-server-12cR1-preinstall-1.0-11.el6.x86_64
perl-5.10.1-136.el6.x86_64
yum-plugin-fs-snapshot-1.1.30-14.0.1.el6.noarch
ocfs2-tools-1.8.0-11.el6.x86_64
reflink-0.1.0-3.el6.x86_64
btrfs-progs-0.20-1.5.git7854c8b.el6.x86_64
parted-2.1-21.el6.x86_64
oracleasm-support-2.1.8-1.el6.x86_64
unzip-6.0-1.el6.x86_64
sudo-1.8.6p3-12.el6.x86_64
seems this part was already executed
Changing password for user oracle.
passwd: all authentication tokens updated successfully.
Changing password for user grid.
passwd: all authentication tokens updated successfully.
Starting udev: [  OK  ]
Archive:  /media/stagefiles/db/zip/linuxamd64_12c_grid_1of2.zip
  inflating: /u01/stage/grid/rpm/cvuqdisk-1.0.9-1.rpm  
Archive:  /media/stagefiles/db/zip/linuxamd64_12c_grid_1of2.zip
  inflating: /u01/stage/grid/sshsetup/sshUserSetup.sh  
Loaded plugins: fs-snapshot, security
Setting up Install Process
Examining /u01/stage/grid/rpm/cvuqdisk-1.0.9-1.rpm: cvuqdisk-1.0.9-1.x86_64
/u01/stage/grid/rpm/cvuqdisk-1.0.9-1.rpm: does not update installed package.
Error: Nothing to do
net.ipv4.conf.eth2.rp_filter=2
net.ipv4.conf.eth3.rp_filter=2
error: "net.bridge.bridge-nf-call-ip6tables" is an unknown key
error: "net.bridge.bridge-nf-call-iptables" is an unknown key
error: "net.bridge.bridge-nf-call-arptables" is an unknown key
net.ipv4.ip_forward = 0
net.ipv4.conf.default.rp_filter = 1
net.ipv4.conf.default.accept_source_route = 0
kernel.sysrq = 0
kernel.core_uses_pid = 1
net.ipv4.tcp_syncookies = 1
kernel.msgmnb = 65536
kernel.msgmax = 65536
kernel.shmall = 4294967296
fs.file-max = 6815744
kernel.sem = 250 32000 100 128
kernel.shmmni = 4096
kernel.shmmax = 4398046511104
net.core.rmem_default = 262144
net.core.rmem_max = 4194304
net.core.wmem_default = 262144
net.core.wmem_max = 1048576
fs.aio-max-nr = 1048576
net.ipv4.ip_local_port_range = 9000 65500
net.ipv4.conf.eth2.rp_filter = 2
net.ipv4.conf.eth3.rp_filter = 2
[node1] Running provisioner: shell...
[node1] Running: inline script
overwriting /etc/hosts
[node1] Running provisioner: shell...
[node1] Running: inline script
[node1] Running provisioner: shell...
[node1] Running: inline script
/dev/sdb: UUID="10df8908-e439-47dd-86b2-d6087119343a" UUID_SUB="1c31a331-055f-4487-b5e6-f951778fe8b4" TYPE="btrfs" 
filesystem metadata found on sdb, ignoring
[node1] Running provisioner: shell...
[node1] Running: inline script
oracleasm configured
/dev/sdc1: LABEL="DATA" TYPE="oracleasm" 
filesystem metadata found on sdc, ignoring
[node1] Running provisioner: shell...
[node1] Running: inline script
oracleasm configured
/dev/sdd1: LABEL="FRA" TYPE="oracleasm" 
filesystem metadata found on sdd, ignoring
[node1] Running provisioner: shell...
[node1] Running: inline script
installing oracle-rdbms-server-12cR1-preinstall
oracle-rdbms-server-12cR1-preinstall-1.0-11.el6.x86_64
perl-5.10.1-136.el6.x86_64
yum-plugin-fs-snapshot-1.1.30-14.0.1.el6.noarch
ocfs2-tools-1.8.0-11.el6.x86_64
reflink-0.1.0-3.el6.x86_64
btrfs-progs-0.20-1.5.git7854c8b.el6.x86_64
parted-2.1-21.el6.x86_64
oracleasm-support-2.1.8-1.el6.x86_64
unzip-6.0-1.el6.x86_64
sudo-1.8.6p3-12.el6.x86_64
seems this part was already executed
Changing password for user oracle.
passwd: all authentication tokens updated successfully.
Changing password for user grid.
passwd: all authentication tokens updated successfully.
Starting udev: [  OK  ]
Archive:  /media/stagefiles/db/zip/linuxamd64_12c_grid_1of2.zip
  inflating: /u01/stage/grid/rpm/cvuqdisk-1.0.9-1.rpm  
Archive:  /media/stagefiles/db/zip/linuxamd64_12c_grid_1of2.zip
  inflating: /u01/stage/grid/sshsetup/sshUserSetup.sh  
Loaded plugins: fs-snapshot, security
Setting up Install Process
Examining /u01/stage/grid/rpm/cvuqdisk-1.0.9-1.rpm: cvuqdisk-1.0.9-1.x86_64
/u01/stage/grid/rpm/cvuqdisk-1.0.9-1.rpm: does not update installed package.
Error: Nothing to do
net.ipv4.conf.eth2.rp_filter=2
net.ipv4.conf.eth3.rp_filter=2
error: "net.bridge.bridge-nf-call-ip6tables" is an unknown key
error: "net.bridge.bridge-nf-call-iptables" is an unknown key
error: "net.bridge.bridge-nf-call-arptables" is an unknown key
net.ipv4.ip_forward = 0
net.ipv4.conf.default.rp_filter = 1
net.ipv4.conf.default.accept_source_route = 0
kernel.sysrq = 0
kernel.core_uses_pid = 1
net.ipv4.tcp_syncookies = 1
kernel.msgmnb = 65536
kernel.msgmax = 65536
kernel.shmall = 4294967296
fs.file-max = 6815744
kernel.sem = 250 32000 100 128
kernel.shmmni = 4096
kernel.shmmax = 4398046511104
net.core.rmem_default = 262144
net.core.rmem_max = 4194304
net.core.wmem_default = 262144
net.core.wmem_max = 1048576
fs.aio-max-nr = 1048576
net.ipv4.ip_local_port_range = 9000 65500
net.ipv4.conf.eth2.rp_filter = 2
net.ipv4.conf.eth3.rp_filter = 2
[node1] Running provisioner: shell...
[node1] Running: inline script
/u01 found
OK: /media/stagefiles/db//zip/linuxamd64_12c_database_1of2.zip found
OK: /media/stagefiles/db//zip/linuxamd64_12c_database_2of2.zip found
OK: /media/stagefiles/db//zip/linuxamd64_12c_grid_1of2.zip found
OK: /media/stagefiles/db//zip/linuxamd64_12c_grid_2of2.zip found
OK: /media/stagefiles/db//zip/p6880880_121010_Linux-x86-64.zip found
OK: /media/stagefiles/db//zip/p17735306_121010_Linux-x86-64.zip found
unzipping /media/stagefiles/db//zip/linuxamd64_12c_database_1of2.zip
unzipping /media/stagefiles/db//zip/linuxamd64_12c_database_2of2.zip
unzipping /media/stagefiles/db//zip/linuxamd64_12c_grid_1of2.zip
unzipping /media/stagefiles/db//zip/linuxamd64_12c_grid_2of2.zip
[node1] Running provisioner: shell...
[node1] Running: inline script
stage grid found ..
oraInventory in /u01/app/oraInventory
Oracle Base for grid is /u01/app/grid 
Oracle Home for grid is /u01/app/12.1.0.1/grid 
spawn /u01/stage/grid/sshsetup/sshUserSetup.sh -user root -hosts node1 node2 -noPromptPassphrase -advanced
The output of this script is also logged into /tmp/sshUserSetup_2014-02-03-06-29-40.log
Hosts are node1 node2
user is root
Platform:- Linux 
Checking if the remote hosts are reachable
PING node1 (192.168.56.11) 56(84) bytes of data.
64 bytes from node1 (192.168.56.11): icmp_seq=1 ttl=64 time=0.036 ms
64 bytes from node1 (192.168.56.11): icmp_seq=2 ttl=64 time=0.038 ms
64 bytes from node1 (192.168.56.11): icmp_seq=3 ttl=64 time=0.055 ms
64 bytes from node1 (192.168.56.11): icmp_seq=4 ttl=64 time=0.046 ms
64 bytes from node1 (192.168.56.11): icmp_seq=5 ttl=64 time=0.048 ms

--- node1 ping statistics ---
5 packets transmitted, 5 received, 0% packet loss, time 4004ms
rtt min/avg/max/mdev = 0.036/0.044/0.055/0.010 ms
PING node2 (192.168.56.12) 56(84) bytes of data.
64 bytes from node2 (192.168.56.12): icmp_seq=1 ttl=64 time=0.822 ms
64 bytes from node2 (192.168.56.12): icmp_seq=2 ttl=64 time=0.371 ms
64 bytes from node2 (192.168.56.12): icmp_seq=3 ttl=64 time=0.413 ms
64 bytes from node2 (192.168.56.12): icmp_seq=4 ttl=64 time=0.366 ms
64 bytes from node2 (192.168.56.12): icmp_seq=5 ttl=64 time=0.627 ms

--- node2 ping statistics ---
5 packets transmitted, 5 received, 0% packet loss, time 4008ms
rtt min/avg/max/mdev = 0.366/0.519/0.822/0.181 ms
Remote host reachability check succeeded.
The following hosts are reachable: node1 node2.
The following hosts are not reachable: .
All hosts are reachable. Proceeding further...
firsthost node1
numhosts 2
The script will setup SSH connectivity from the host node1 to all
the remote hosts. After the script is executed, the user can use SSH to run
commands on the remote hosts or copy files between this host node1
and the remote hosts without being prompted for passwords or confirmations.

NOTE 1:
As part of the setup procedure, this script will use ssh and scp to copy
files between the local host and the remote hosts. Since the script does not
store passwords, you may be prompted for the passwords during the execution of
the script whenever ssh or scp is invoked.

NOTE 2:
AS PER SSH REQUIREMENTS, THIS SCRIPT WILL SECURE THE USER HOME DIRECTORY
AND THE .ssh DIRECTORY BY REVOKING GROUP AND WORLD WRITE PRIVILEDGES TO THESE
directories.

Do you want to continue and let the script make the above mentioned changes (yes/no)?yes


The user chose yes
User chose to skip passphrase related questions.
Creating .ssh directory on local host, if not present already
Creating authorized_keys file on local host
Changing permissions on authorized_keys to 644 on local host
Creating known_hosts file on local host
Changing permissions on known_hosts to 644 on local host
Creating config file on local host
If a config file exists already at /root/.ssh/config, it would be backed up to /root/.ssh/config.backup.
Removing old private/public keys on local host
Running SSH keygen on local host with empty passphrase
Generating public/private rsa key pair.
Your identification has been saved in /root/.ssh/id_rsa.
Your public key has been saved in /root/.ssh/id_rsa.pub.
The key fingerprint is:
8e:1a:01:f3:b8:22:18:ee:c6:a6:42:94:6d:03:f5:7d root@node1
The key's randomart image is:
+--[ RSA 1024]----+
|  ..             |
| .  . .          |
|  *  . . E       |
| o O    .        |
|o o +   S        |
|oo . . o         |
|*.. . . .        |
|+=   o           |
|*.  .            |
+-----------------+
Creating .ssh directory and setting permissions on remote host node1
THE SCRIPT WOULD ALSO BE REVOKING WRITE PERMISSIONS FOR group AND others ON THE HOME DIRECTORY FOR root. THIS IS AN SSH REQUIREMENT.
The script would create ~root/.ssh/config file on remote host node1. If a config file exists already at ~root/.ssh/config, it would be backed up to ~root/.ssh/config.backup.
The user may be prompted for a password here since the script would be running SSH on host node1.
Warning: Permanently added 'node1,192.168.56.11' (RSA) to the list of known hosts.
root@node1's password: 
Done with creating .ssh directory and setting permissions on remote host node1.
Creating .ssh directory and setting permissions on remote host node2
THE SCRIPT WOULD ALSO BE REVOKING WRITE PERMISSIONS FOR group AND others ON THE HOME DIRECTORY FOR root. THIS IS AN SSH REQUIREMENT.
The script would create ~root/.ssh/config file on remote host node2. If a config file exists already at ~root/.ssh/config, it would be backed up to ~root/.ssh/config.backup.
The user may be prompted for a password here since the script would be running SSH on host node2.
Warning: Permanently added 'node2,192.168.56.12' (RSA) to the list of known hosts.
root@node2's password: 
Done with creating .ssh directory and setting permissions on remote host node2.
Copying local host public key to the remote host node1
The user may be prompted for a password or passphrase here since the script would be using SCP for host node1.
root@node1's password: 
Done copying local host public key to the remote host node1
Copying local host public key to the remote host node2
The user may be prompted for a password or passphrase here since the script would be using SCP for host node2.
root@node2's password: 
Done copying local host public key to the remote host node2
Creating keys on remote host node1 if they do not exist already. This is required to setup SSH on host node1.

Creating keys on remote host node2 if they do not exist already. This is required to setup SSH on host node2.
Generating public/private rsa key pair.
Your identification has been saved in .ssh/id_rsa.
Your public key has been saved in .ssh/id_rsa.pub.
The key fingerprint is:
41:05:cd:a5:db:34:35:3c:f8:c9:8b:55:6e:c9:34:11 root@node2
The key's randomart image is:
+--[ RSA 1024]----+
|        o=...ooEo|
|       .  o...o+.|
|        . . ooo=o|
|         . + .=oo|
|        S . .o o |
|            . .  |
|                 |
|                 |
|                 |
+-----------------+
Updating authorized_keys file on remote host node1
Updating known_hosts file on remote host node1
Updating authorized_keys file on remote host node2
Updating known_hosts file on remote host node2
cat: /root/.ssh/known_hosts.tmp: No such file or directory
cat: /root/.ssh/authorized_keys.tmp: No such file or directory
SSH setup is complete.

------------------------------------------------------------------------
Verifying SSH setup
===================
The script will now run the date command on the remote nodes using ssh
to verify if ssh is setup correctly. IF THE SETUP IS CORRECTLY SETUP,
THERE SHOULD BE NO OUTPUT OTHER THAN THE DATE AND SSH SHOULD NOT ASK FOR
PASSWORDS. If you see any output other than date or are prompted for the
password, ssh is not setup correctly and you will need to resolve the
issue and set up ssh again.
The possible causes for failure could be:
1. The server settings in /etc/ssh/sshd_config file do not allow ssh
for user root.
2. The server may have disabled public key based authentication.
3. The client public key on the server may be outdated.
4. ~root or ~root/.ssh on the remote host may not be owned by root.
5. User may not have passed -shared option for shared remote users or
may be passing the -shared option for non-shared remote users.
6. If there is output in addition to the date, but no password is asked,
it may be a security alert shown as part of company policy. Append the
additional text to the <OMS HOME>/sysman/prov/resources/ignoreMessages.txt file.
------------------------------------------------------------------------
--node1:--
Running /usr/bin/ssh -x -l root node1 date to verify SSH connectivity has been setup from local host to node1.
IF YOU SEE ANY OTHER OUTPUT BESIDES THE OUTPUT OF THE DATE COMMAND OR IF YOU ARE PROMPTED FOR A PASSWORD HERE, IT MEANS SSH SETUP HAS NOT BEEN SUCCESSFUL. Please note that being prompted for a passphrase may be OK but being prompted for a password is ERROR.
Mon Feb  3 06:29:50 NZDT 2014
------------------------------------------------------------------------
--node2:--
Running /usr/bin/ssh -x -l root node2 date to verify SSH connectivity has been setup from local host to node2.
IF YOU SEE ANY OTHER OUTPUT BESIDES THE OUTPUT OF THE DATE COMMAND OR IF YOU ARE PROMPTED FOR A PASSWORD HERE, IT MEANS SSH SETUP HAS NOT BEEN SUCCESSFUL. Please note that being prompted for a passphrase may be OK but being prompted for a password is ERROR.
Mon Feb  3 06:29:50 NZDT 2014
------------------------------------------------------------------------
------------------------------------------------------------------------
Verifying SSH connectivity has been setup from node1 to node1
IF YOU SEE ANY OTHER OUTPUT BESIDES THE OUTPUT OF THE DATE COMMAND OR IF YOU ARE PROMPTED FOR A PASSWORD HERE, IT MEANS SSH SETUP HAS NOT BEEN SUCCESSFUL.
Mon Feb  3 06:29:50 NZDT 2014
------------------------------------------------------------------------
------------------------------------------------------------------------
Verifying SSH connectivity has been setup from node1 to node2
IF YOU SEE ANY OTHER OUTPUT BESIDES THE OUTPUT OF THE DATE COMMAND OR IF YOU ARE PROMPTED FOR A PASSWORD HERE, IT MEANS SSH SETUP HAS NOT BEEN SUCCESSFUL.
Mon Feb  3 06:29:50 NZDT 2014
------------------------------------------------------------------------
-Verification from complete-
SSH verification complete.
finished
spawn /u01/stage/grid/sshsetup/sshUserSetup.sh -user grid -hosts node1 node2 -noPromptPassphrase -advanced
The output of this script is also logged into /tmp/sshUserSetup_2014-02-03-06-29-50.log
Hosts are node1 node2
user is grid
Platform:- Linux 
Checking if the remote hosts are reachable
PING node1 (192.168.56.11) 56(84) bytes of data.
64 bytes from node1 (192.168.56.11): icmp_seq=1 ttl=64 time=0.041 ms
64 bytes from node1 (192.168.56.11): icmp_seq=2 ttl=64 time=0.055 ms
64 bytes from node1 (192.168.56.11): icmp_seq=3 ttl=64 time=0.044 ms
64 bytes from node1 (192.168.56.11): icmp_seq=4 ttl=64 time=0.040 ms
64 bytes from node1 (192.168.56.11): icmp_seq=5 ttl=64 time=0.042 ms

--- node1 ping statistics ---
5 packets transmitted, 5 received, 0% packet loss, time 4000ms
rtt min/avg/max/mdev = 0.040/0.044/0.055/0.008 ms
PING node2 (192.168.56.12) 56(84) bytes of data.
64 bytes from node2 (192.168.56.12): icmp_seq=1 ttl=64 time=0.518 ms
64 bytes from node2 (192.168.56.12): icmp_seq=2 ttl=64 time=0.603 ms
64 bytes from node2 (192.168.56.12): icmp_seq=3 ttl=64 time=0.612 ms
64 bytes from node2 (192.168.56.12): icmp_seq=4 ttl=64 time=0.738 ms
64 bytes from node2 (192.168.56.12): icmp_seq=5 ttl=64 time=0.427 ms

--- node2 ping statistics ---
5 packets transmitted, 5 received, 0% packet loss, time 4008ms
rtt min/avg/max/mdev = 0.427/0.579/0.738/0.107 ms
Remote host reachability check succeeded.
The following hosts are reachable: node1 node2.
The following hosts are not reachable: .
All hosts are reachable. Proceeding further...
firsthost node1
numhosts 2
The script will setup SSH connectivity from the host node1 to all
the remote hosts. After the script is executed, the user can use SSH to run
commands on the remote hosts or copy files between this host node1
and the remote hosts without being prompted for passwords or confirmations.

NOTE 1:
As part of the setup procedure, this script will use ssh and scp to copy
files between the local host and the remote hosts. Since the script does not
store passwords, you may be prompted for the passwords during the execution of
the script whenever ssh or scp is invoked.

NOTE 2:
AS PER SSH REQUIREMENTS, THIS SCRIPT WILL SECURE THE USER HOME DIRECTORY
AND THE .ssh DIRECTORY BY REVOKING GROUP AND WORLD WRITE PRIVILEDGES TO THESE
directories.

Do you want to continue and let the script make the above mentioned changes (yes/no)?
yes

The user chose yes
User chose to skip passphrase related questions.
Creating .ssh directory on local host, if not present already
Creating authorized_keys file on local host
Changing permissions on authorized_keys to 644 on local host
Creating known_hosts file on local host
Changing permissions on known_hosts to 644 on local host
Creating config file on local host
If a config file exists already at /home/grid/.ssh/config, it would be backed up to /home/grid/.ssh/config.backup.
Removing old private/public keys on local host
Running SSH keygen on local host with empty passphrase
Generating public/private rsa key pair.
Your identification has been saved in /home/grid/.ssh/id_rsa.
Your public key has been saved in /home/grid/.ssh/id_rsa.pub.
The key fingerprint is:
7c:62:55:a6:7b:7d:7d:c5:f3:c4:58:a1:76:c7:6f:09 grid@node1
The key's randomart image is:
+--[ RSA 1024]----+
|            o  .o|
|           +  .* |
|          o  E.oB|
|       . . ...o.O|
|        S o . ..B|
|       . o .   o.|
|                 |
|                 |
|                 |
+-----------------+
Creating .ssh directory and setting permissions on remote host node1
THE SCRIPT WOULD ALSO BE REVOKING WRITE PERMISSIONS FOR group AND others ON THE HOME DIRECTORY FOR grid. THIS IS AN SSH REQUIREMENT.
The script would create ~grid/.ssh/config file on remote host node1. If a config file exists already at ~grid/.ssh/config, it would be backed up to ~grid/.ssh/config.backup.
The user may be prompted for a password here since the script would be running SSH on host node1.
Warning: Permanently added 'node1,192.168.56.11' (RSA) to the list of known hosts.
grid@node1's password: 
Done with creating .ssh directory and setting permissions on remote host node1.
Creating .ssh directory and setting permissions on remote host node2
THE SCRIPT WOULD ALSO BE REVOKING WRITE PERMISSIONS FOR group AND others ON THE HOME DIRECTORY FOR grid. THIS IS AN SSH REQUIREMENT.
The script would create ~grid/.ssh/config file on remote host node2. If a config file exists already at ~grid/.ssh/config, it would be backed up to ~grid/.ssh/config.backup.
The user may be prompted for a password here since the script would be running SSH on host node2.
Warning: Permanently added 'node2,192.168.56.12' (RSA) to the list of known hosts.
grid@node2's password: 
Done with creating .ssh directory and setting permissions on remote host node2.
Copying local host public key to the remote host node1
The user may be prompted for a password or passphrase here since the script would be using SCP for host node1.
grid@node1's password: 
Done copying local host public key to the remote host node1
Copying local host public key to the remote host node2
The user may be prompted for a password or passphrase here since the script would be using SCP for host node2.
grid@node2's password: 
Done copying local host public key to the remote host node2
Creating keys on remote host node1 if they do not exist already. This is required to setup SSH on host node1.

Creating keys on remote host node2 if they do not exist already. This is required to setup SSH on host node2.
Generating public/private rsa key pair.
Your identification has been saved in .ssh/id_rsa.
Your public key has been saved in .ssh/id_rsa.pub.
The key fingerprint is:
f5:10:b9:99:32:01:f0:00:ea:eb:ac:3d:b4:37:cf:27 grid@node2
The key's randomart image is:
+--[ RSA 1024]----+
|  ..o...  ..     |
| .   o  . ..     |
|.     .  .o+     |
|.       o.+o     |
| .      So  .    |
|  o              |
| o .             |
|o.o o.E .        |
|oo.o ooo         |
+-----------------+
Updating authorized_keys file on remote host node1
Updating known_hosts file on remote host node1
Updating authorized_keys file on remote host node2
Updating known_hosts file on remote host node2
cat: /home/grid/.ssh/known_hosts.tmp: No such file or directory
cat: /home/grid/.ssh/authorized_keys.tmp: No such file or directory
SSH setup is complete.

------------------------------------------------------------------------
Verifying SSH setup
===================
The script will now run the date command on the remote nodes using ssh
to verify if ssh is setup correctly. IF THE SETUP IS CORRECTLY SETUP,
THERE SHOULD BE NO OUTPUT OTHER THAN THE DATE AND SSH SHOULD NOT ASK FOR
PASSWORDS. If you see any output other than date or are prompted for the
password, ssh is not setup correctly and you will need to resolve the
issue and set up ssh again.
The possible causes for failure could be:
1. The server settings in /etc/ssh/sshd_config file do not allow ssh
for user grid.
2. The server may have disabled public key based authentication.
3. The client public key on the server may be outdated.
4. ~grid or ~grid/.ssh on the remote host may not be owned by grid.
5. User may not have passed -shared option for shared remote users or
may be passing the -shared option for non-shared remote users.
6. If there is output in addition to the date, but no password is asked,
it may be a security alert shown as part of company policy. Append the
additional text to the <OMS HOME>/sysman/prov/resources/ignoreMessages.txt file.
------------------------------------------------------------------------
--node1:--
Running /usr/bin/ssh -x -l grid node1 date to verify SSH connectivity has been setup from local host to node1.
IF YOU SEE ANY OTHER OUTPUT BESIDES THE OUTPUT OF THE DATE COMMAND OR IF YOU ARE PROMPTED FOR A PASSWORD HERE, IT MEANS SSH SETUP HAS NOT BEEN SUCCESSFUL. Please note that being prompted for a passphrase may be OK but being prompted for a password is ERROR.
Mon Feb  3 06:30:00 NZDT 2014
------------------------------------------------------------------------
--node2:--
Running /usr/bin/ssh -x -l grid node2 date to verify SSH connectivity has been setup from local host to node2.
IF YOU SEE ANY OTHER OUTPUT BESIDES THE OUTPUT OF THE DATE COMMAND OR IF YOU ARE PROMPTED FOR A PASSWORD HERE, IT MEANS SSH SETUP HAS NOT BEEN SUCCESSFUL. Please note that being prompted for a passphrase may be OK but being prompted for a password is ERROR.
Mon Feb  3 06:30:00 NZDT 2014
------------------------------------------------------------------------
------------------------------------------------------------------------
Verifying SSH connectivity has been setup from node1 to node1
IF YOU SEE ANY OTHER OUTPUT BESIDES THE OUTPUT OF THE DATE COMMAND OR IF YOU ARE PROMPTED FOR A PASSWORD HERE, IT MEANS SSH SETUP HAS NOT BEEN SUCCESSFUL.
Mon Feb  3 06:30:01 NZDT 2014
------------------------------------------------------------------------
------------------------------------------------------------------------
Verifying SSH connectivity has been setup from node1 to node2
IF YOU SEE ANY OTHER OUTPUT BESIDES THE OUTPUT OF THE DATE COMMAND OR IF YOU ARE PROMPTED FOR A PASSWORD HERE, IT MEANS SSH SETUP HAS NOT BEEN SUCCESSFUL.
Mon Feb  3 06:30:01 NZDT 2014
------------------------------------------------------------------------
-Verification from complete-
SSH verification complete.
finished
Starting Oracle Universal Installer...

Checking Temp space: must be greater than 120 MB.   Actual 26006 MB    Passed
Checking swap space: must be greater than 150 MB.   Actual 5999 MB    Passed
Preparing to launch Oracle Universal Installer from /tmp/OraInstall2014-02-03_06-30-01AM. Please wait ...You can find the log of this install session at:
 /u01/app/oraInventory/logs/installActions2014-02-03_06-30-01AM.log
The installation of Oracle Grid Infrastructure 12c was successful.
Please check '/u01/app/oraInventory/logs/silentInstall2014-02-03_06-30-01AM.log' for more details.

As a root user, execute the following script(s):
	1. /u01/app/oraInventory/orainstRoot.sh
	2. /u01/app/12.1.0.1/grid/root.sh

Execute /u01/app/oraInventory/orainstRoot.sh on the following nodes: 
[node1, node2]
Execute /u01/app/12.1.0.1/grid/root.sh on the following nodes: 
[node1, node2]

Run the script on the local node first. After successful completion, you can start the script in parallel on all other nodes.

Successfully Setup Software.
As install user, execute the following script to complete the configuration.
	1. /u01/app/12.1.0.1/grid/cfgtoollogs/configToolAllCommands RESPONSE_FILE=<response_file>

 	Note:
	1. This script must be run on the same host from where installer was run. 
	2. This script needs a small password properties file for configuration assistants that require passwords (refer to install guide documentation).


Changing permissions of /u01/app/oraInventory.
Adding read,write permissions for group.
Removing read,write,execute permissions for world.

Changing groupname of /u01/app/oraInventory to oinstall.
The execution of the script is complete.
Changing permissions of /u01/app/oraInventory.
Adding read,write permissions for group.
Removing read,write,execute permissions for world.

Changing groupname of /u01/app/oraInventory to oinstall.
The execution of the script is complete.
Check /u01/app/12.1.0.1/grid/install/root_node1_2014-02-03_06-41-07.log for the output of root script
Check /u01/app/12.1.0.1/grid/install/root_node2_2014-02-03_06-48-25.log for the output of root script
Setting the invPtrLoc to /u01/app/12.1.0.1/grid/oraInst.loc

perform - mode is starting for action: configure

Feb 3, 2014 6:53:14 AM oracle.install.driver.oui.UpdateNodelistJob call
INFO: UpdateNodelist data:
Feb 3, 2014 6:53:14 AM oracle.install.driver.oui.UpdateNodelistJob call
INFO: oracle.installer.oui_loc:/u01/app/12.1.0.1/grid/oui
Feb 3, 2014 6:53:14 AM oracle.install.driver.oui.UpdateNodelistJob call
INFO: oracle.installer.jre_loc:/u01/app/12.1.0.1/grid/jdk/jre
Feb 3, 2014 6:53:14 AM oracle.install.driver.oui.UpdateNodelistJob call
INFO: oracle.installer.doNotUpdateNodeList:true
Feb 3, 2014 6:53:14 AM oracle.install.driver.oui.UpdateNodelistJob call
INFO: OracleHomeToUpdate:/u01/app/12.1.0.1/grid;isCRS:true;isCFS:false;isLocal:false
Feb 3, 2014 6:53:14 AM oracle.install.driver.oui.UpdateNodelistJob call
INFO: From map: Hosts:[node1, node2] => Nodelist:[node1, node2]
Feb 3, 2014 6:53:14 AM oracle.install.driver.oui.UpdateNodelistJob call
INFO: Before calling api: Hosts:[node1, node2] => Nodelist:[node1, node2], update localnode? true
Feb 3, 2014 6:54:07 AM oracle.install.config.common.NetCAInternalPlugIn invoke
INFO: NetCAInternalPlugIn: ... adding </ouiinternal>
Feb 3, 2014 6:54:07 AM oracle.install.driver.oui.config.GenericInternalPlugIn invoke
INFO: Executing NETCA
Feb 3, 2014 6:54:07 AM oracle.install.driver.oui.config.GenericInternalPlugIn invoke
INFO: Command /u01/app/12.1.0.1/grid/bin/netca /orahome /u01/app/12.1.0.1/grid /orahnam OraGI12Home1 /instype typical /inscomp client,oraclenet,javavm,server,ano /insprtcl tcp /cfg local /authadp NO_VALUE /responseFile /u01/app/12.1.0.1/grid/network/install/netca_typ.rsp /silent  /silent   /ouiinternal 
Feb 3, 2014 6:54:07 AM oracle.install.driver.oui.config.GenericInternalPlugIn handleProcess
INFO: ... GenericInternalPlugIn.handleProcess() entered.
Feb 3, 2014 6:54:07 AM oracle.install.driver.oui.config.GenericInternalPlugIn handleProcess
INFO: ... GenericInternalPlugIn: getting configAssistantParmas.
Feb 3, 2014 6:54:07 AM oracle.install.driver.oui.config.GenericInternalPlugIn handleProcess
INFO: ... GenericInternalPlugIn: checking secretArguments.
Feb 3, 2014 6:54:07 AM oracle.install.driver.oui.config.GenericInternalPlugIn handleProcess
INFO: No arguments to pass to stdin
Feb 3, 2014 6:54:07 AM oracle.install.driver.oui.config.GenericInternalPlugIn handleProcess
INFO: ... GenericInternalPlugIn: starting read loop.
Feb 3, 2014 6:54:09 AM oracle.install.driver.oui.config.GenericInternalPlugIn handleProcess
INFO: Read: 
Feb 3, 2014 6:54:09 AM oracle.install.driver.oui.config.GenericInternalPlugIn handleProcess
WARNING: Skipping line: 
Feb 3, 2014 6:54:09 AM oracle.install.driver.oui.config.GenericInternalPlugIn handleProcess
INFO: End of argument passing to stdin
Feb 3, 2014 6:54:09 AM oracle.install.driver.oui.config.GenericInternalPlugIn handleProcess
INFO: Read: Parsing command line arguments:
Feb 3, 2014 6:54:09 AM oracle.install.driver.oui.config.GenericInternalPlugIn handleProcess
WARNING: Skipping line: Parsing command line arguments:
Feb 3, 2014 6:54:09 AM oracle.install.driver.oui.config.GenericInternalPlugIn handleProcess
INFO: Exceeded the number of arguments passed to stdin. CurrentCount:1 Total args:0
Feb 3, 2014 6:54:09 AM oracle.install.driver.oui.config.GenericInternalPlugIn handleProcess
INFO: Read:     Parameter "orahome" = /u01/app/12.1.0.1/grid
Feb 3, 2014 6:54:09 AM oracle.install.driver.oui.config.GenericInternalPlugIn handleProcess
WARNING: Skipping line:     Parameter "orahome" = /u01/app/12.1.0.1/grid
Feb 3, 2014 6:54:09 AM oracle.install.driver.oui.config.GenericInternalPlugIn handleProcess
INFO: Exceeded the number of arguments passed to stdin. CurrentCount:1 Total args:0
Feb 3, 2014 6:54:09 AM oracle.install.driver.oui.config.GenericInternalPlugIn handleProcess
INFO: Read:     Parameter "orahnam" = OraGI12Home1
Feb 3, 2014 6:54:09 AM oracle.install.driver.oui.config.GenericInternalPlugIn handleProcess
WARNING: Skipping line:     Parameter "orahnam" = OraGI12Home1
Feb 3, 2014 6:54:09 AM oracle.install.driver.oui.config.GenericInternalPlugIn handleProcess
INFO: Exceeded the number of arguments passed to stdin. CurrentCount:1 Total args:0
Feb 3, 2014 6:54:09 AM oracle.install.driver.oui.config.GenericInternalPlugIn handleProcess
INFO: Read:     Parameter "instype" = typical
Feb 3, 2014 6:54:09 AM oracle.install.driver.oui.config.GenericInternalPlugIn handleProcess
WARNING: Skipping line:     Parameter "instype" = typical
Feb 3, 2014 6:54:09 AM oracle.install.driver.oui.config.GenericInternalPlugIn handleProcess
INFO: Exceeded the number of arguments passed to stdin. CurrentCount:1 Total args:0
Feb 3, 2014 6:54:09 AM oracle.install.driver.oui.config.GenericInternalPlugIn handleProcess
INFO: Read:     Parameter "inscomp" = client,oraclenet,javavm,server,ano
Feb 3, 2014 6:54:09 AM oracle.install.driver.oui.config.GenericInternalPlugIn handleProcess
WARNING: Skipping line:     Parameter "inscomp" = client,oraclenet,javavm,server,ano
Feb 3, 2014 6:54:09 AM oracle.install.driver.oui.config.GenericInternalPlugIn handleProcess
INFO: Exceeded the number of arguments passed to stdin. CurrentCount:1 Total args:0
Feb 3, 2014 6:54:09 AM oracle.install.driver.oui.config.GenericInternalPlugIn handleProcess
INFO: Read:     Parameter "insprtcl" = tcp
Feb 3, 2014 6:54:09 AM oracle.install.driver.oui.config.GenericInternalPlugIn handleProcess
WARNING: Skipping line:     Parameter "insprtcl" = tcp
Feb 3, 2014 6:54:09 AM oracle.install.driver.oui.config.GenericInternalPlugIn handleProcess
INFO: Exceeded the number of arguments passed to stdin. CurrentCount:1 Total args:0
Feb 3, 2014 6:54:09 AM oracle.install.driver.oui.config.GenericInternalPlugIn handleProcess
INFO: Read:     Parameter "cfg" = local
Feb 3, 2014 6:54:09 AM oracle.install.driver.oui.config.GenericInternalPlugIn handleProcess
WARNING: Skipping line:     Parameter "cfg" = local
Feb 3, 2014 6:54:09 AM oracle.install.driver.oui.config.GenericInternalPlugIn handleProcess
INFO: Exceeded the number of arguments passed to stdin. CurrentCount:1 Total args:0
Feb 3, 2014 6:54:09 AM oracle.install.driver.oui.config.GenericInternalPlugIn handleProcess
INFO: Read:     Parameter "authadp" = NO_VALUE
Feb 3, 2014 6:54:09 AM oracle.install.driver.oui.config.GenericInternalPlugIn handleProcess
WARNING: Skipping line:     Parameter "authadp" = NO_VALUE
Feb 3, 2014 6:54:09 AM oracle.install.driver.oui.config.GenericInternalPlugIn handleProcess
INFO: Exceeded the number of arguments passed to stdin. CurrentCount:1 Total args:0
Feb 3, 2014 6:54:09 AM oracle.install.driver.oui.config.GenericInternalPlugIn handleProcess
INFO: Read:     Parameter "responsefile" = /u01/app/12.1.0.1/grid/network/install/netca_typ.rsp
Feb 3, 2014 6:54:09 AM oracle.install.driver.oui.config.GenericInternalPlugIn handleProcess
WARNING: Skipping line:     Parameter "responsefile" = /u01/app/12.1.0.1/grid/network/install/netca_typ.rsp
Feb 3, 2014 6:54:09 AM oracle.install.driver.oui.config.GenericInternalPlugIn handleProcess
INFO: Exceeded the number of arguments passed to stdin. CurrentCount:1 Total args:0
Feb 3, 2014 6:54:09 AM oracle.install.driver.oui.config.GenericInternalPlugIn handleProcess
INFO: Read:     Parameter "silent" = true
Feb 3, 2014 6:54:09 AM oracle.install.driver.oui.config.GenericInternalPlugIn handleProcess
WARNING: Skipping line:     Parameter "silent" = true
Feb 3, 2014 6:54:09 AM oracle.install.driver.oui.config.GenericInternalPlugIn handleProcess
INFO: Exceeded the number of arguments passed to stdin. CurrentCount:1 Total args:0
Feb 3, 2014 6:54:09 AM oracle.install.driver.oui.config.GenericInternalPlugIn handleProcess
INFO: Read:     Parameter "silent" = true
Feb 3, 2014 6:54:09 AM oracle.install.driver.oui.config.GenericInternalPlugIn handleProcess
WARNING: Skipping line:     Parameter "silent" = true
Feb 3, 2014 6:54:09 AM oracle.install.driver.oui.config.GenericInternalPlugIn handleProcess
INFO: Exceeded the number of arguments passed to stdin. CurrentCount:1 Total args:0
Feb 3, 2014 6:54:09 AM oracle.install.driver.oui.config.GenericInternalPlugIn handleProcess
INFO: Read:     Parameter "ouiinternal" = true
Feb 3, 2014 6:54:09 AM oracle.install.driver.oui.config.GenericInternalPlugIn handleProcess
WARNING: Skipping line:     Parameter "ouiinternal" = true
Feb 3, 2014 6:54:09 AM oracle.install.driver.oui.config.GenericInternalPlugIn handleProcess
INFO: Exceeded the number of arguments passed to stdin. CurrentCount:1 Total args:0
Feb 3, 2014 6:54:09 AM oracle.install.driver.oui.config.GenericInternalPlugIn handleProcess
INFO: Read: Done parsing command line arguments.
Feb 3, 2014 6:54:09 AM oracle.install.driver.oui.config.GenericInternalPlugIn handleProcess
WARNING: Skipping line: Done parsing command line arguments.
Feb 3, 2014 6:54:09 AM oracle.install.driver.oui.config.GenericInternalPlugIn handleProcess
INFO: Exceeded the number of arguments passed to stdin. CurrentCount:1 Total args:0
Feb 3, 2014 6:54:12 AM oracle.install.driver.oui.config.GenericInternalPlugIn handleProcess
INFO: Read: Oracle Net Services Configuration:
Feb 3, 2014 6:54:12 AM oracle.install.driver.oui.config.GenericInternalPlugIn handleProcess
WARNING: Skipping line: Oracle Net Services Configuration:
Feb 3, 2014 6:54:12 AM oracle.install.driver.oui.config.GenericInternalPlugIn handleProcess
INFO: Exceeded the number of arguments passed to stdin. CurrentCount:1 Total args:0
Feb 3, 2014 6:54:13 AM oracle.install.driver.oui.config.GenericInternalPlugIn handleProcess
INFO: Read: Profile configuration complete.
Feb 3, 2014 6:54:13 AM oracle.install.driver.oui.config.GenericInternalPlugIn handleProcess
WARNING: Skipping line: Profile configuration complete.
Feb 3, 2014 6:54:13 AM oracle.install.driver.oui.config.GenericInternalPlugIn handleProcess
INFO: Exceeded the number of arguments passed to stdin. CurrentCount:1 Total args:0
Feb 3, 2014 6:54:14 AM oracle.install.driver.oui.config.GenericInternalPlugIn handleProcess
INFO: Read: Profile configuration complete.
Feb 3, 2014 6:54:14 AM oracle.install.driver.oui.config.GenericInternalPlugIn handleProcess
WARNING: Skipping line: Profile configuration complete.
Feb 3, 2014 6:54:14 AM oracle.install.driver.oui.config.GenericInternalPlugIn handleProcess
INFO: Exceeded the number of arguments passed to stdin. CurrentCount:1 Total args:0
Feb 3, 2014 6:54:14 AM oracle.install.driver.oui.config.GenericInternalPlugIn handleProcess
INFO: Read: Listener "LISTENER" already exists.
Feb 3, 2014 6:54:14 AM oracle.install.driver.oui.config.GenericInternalPlugIn handleProcess
WARNING: Skipping line: Listener "LISTENER" already exists.
Feb 3, 2014 6:54:14 AM oracle.install.driver.oui.config.GenericInternalPlugIn handleProcess
INFO: Exceeded the number of arguments passed to stdin. CurrentCount:1 Total args:0
Feb 3, 2014 6:54:14 AM oracle.install.driver.oui.config.GenericInternalPlugIn handleProcess
INFO: Read: Oracle Net Services configuration successful. The exit code is 0
Feb 3, 2014 6:54:14 AM oracle.install.driver.oui.config.GenericInternalPlugIn handleProcess
WARNING: Skipping line: Oracle Net Services configuration successful. The exit code is 0
Feb 3, 2014 6:54:14 AM oracle.install.driver.oui.config.GenericInternalPlugIn handleProcess
INFO: Exceeded the number of arguments passed to stdin. CurrentCount:1 Total args:0
Feb 3, 2014 6:54:14 AM oracle.install.driver.oui.config.GenericInternalPlugIn invoke
INFO: Executing ASMCA
Feb 3, 2014 6:54:14 AM oracle.install.driver.oui.config.GenericInternalPlugIn invoke
INFO: Command /u01/app/12.1.0.1/grid/bin/asmca -silent -postConfigureASM -oui_internal  
Feb 3, 2014 6:54:14 AM oracle.install.driver.oui.config.GenericInternalPlugIn handleProcess
INFO: ... GenericInternalPlugIn.handleProcess() entered.
Feb 3, 2014 6:54:14 AM oracle.install.driver.oui.config.GenericInternalPlugIn handleProcess
INFO: ... GenericInternalPlugIn: getting configAssistantParmas.
Feb 3, 2014 6:54:14 AM oracle.install.driver.oui.config.GenericInternalPlugIn handleProcess
INFO: ... GenericInternalPlugIn: checking secretArguments.
Feb 3, 2014 6:54:14 AM oracle.install.driver.oui.config.GenericInternalPlugIn handleProcess
INFO: ... GenericInternalPlugIn: starting read loop.
Feb 3, 2014 6:54:19 AM oracle.install.driver.oui.config.GenericInternalPlugIn handleProcess
INFO: Read: SYS_PASSWORD_PROMPT
Feb 3, 2014 6:54:19 AM oracle.install.driver.oui.config.GenericInternalPlugIn handleProcess
INFO: Processing: SYS_PASSWORD_PROMPT for argument tag -sysAsmPassword
Feb 3, 2014 6:54:19 AM oracle.install.driver.oui.config.GenericInternalPlugIn handleProcess
INFO: Read: ASMSNMP_PASSWORD_PROMPT
Feb 3, 2014 6:54:19 AM oracle.install.driver.oui.config.GenericInternalPlugIn handleProcess
INFO: Processing: ASMSNMP_PASSWORD_PROMPT for argument tag -asmMonitorPassword
Feb 3, 2014 6:54:19 AM oracle.install.driver.oui.config.GenericInternalPlugIn handleProcess
INFO: End of argument passing to stdin
Feb 3, 2014 6:54:21 AM oracle.install.driver.oui.config.GenericInternalPlugIn handleProcess
INFO: Read: 
Feb 3, 2014 6:54:21 AM oracle.install.driver.oui.config.GenericInternalPlugIn handleProcess
WARNING: Skipping line: 
Feb 3, 2014 6:54:21 AM oracle.install.driver.oui.config.GenericInternalPlugIn handleProcess
INFO: Exceeded the number of arguments passed to stdin. CurrentCount:3 Total args:2
Feb 3, 2014 6:54:21 AM oracle.install.driver.oui.config.GenericInternalPlugIn handleProcess
INFO: Read: PostConfiguration completed successfully
Feb 3, 2014 6:54:21 AM oracle.install.driver.oui.config.GenericInternalPlugIn handleProcess
WARNING: Skipping line: PostConfiguration completed successfully
Feb 3, 2014 6:54:21 AM oracle.install.driver.oui.config.GenericInternalPlugIn handleProcess
INFO: Exceeded the number of arguments passed to stdin. CurrentCount:3 Total args:2
Feb 3, 2014 6:54:21 AM oracle.install.driver.oui.config.GenericInternalPlugIn handleProcess
INFO: Read: 
Feb 3, 2014 6:54:21 AM oracle.install.driver.oui.config.GenericInternalPlugIn handleProcess
WARNING: Skipping line: 
Feb 3, 2014 6:54:21 AM oracle.install.driver.oui.config.GenericInternalPlugIn handleProcess
INFO: Exceeded the number of arguments passed to stdin. CurrentCount:3 Total args:2
Feb 3, 2014 6:54:22 AM oracle.install.config.crs.MgmtDBInternalPlugIn invoke
INFO: MgmtDBInternalPlugIn: ... adding </oui_internal>
Feb 3, 2014 6:54:22 AM oracle.install.driver.oui.config.GenericInternalPlugIn invoke
INFO: Executing MGMTDB
Feb 3, 2014 6:54:22 AM oracle.install.driver.oui.config.GenericInternalPlugIn invoke
INFO: Command /u01/app/12.1.0.1/grid/bin/dbca  -silent -createDatabase -templateName MGMTSeed_Database.dbc -sid -MGMTDB -gdbName _mgmtdb -storageType ASM -diskGroupName DATA -datafileJarLocation /u01/app/12.1.0.1/grid/assistants/dbca/templates -characterset AL32UTF8 -autoGeneratePasswords   -oui_internal 
Feb 3, 2014 6:54:22 AM oracle.install.driver.oui.config.GenericInternalPlugIn handleProcess
INFO: ... GenericInternalPlugIn.handleProcess() entered.
Feb 3, 2014 6:54:22 AM oracle.install.driver.oui.config.GenericInternalPlugIn handleProcess
INFO: ... GenericInternalPlugIn: getting configAssistantParmas.
Feb 3, 2014 6:54:22 AM oracle.install.driver.oui.config.GenericInternalPlugIn handleProcess
INFO: ... GenericInternalPlugIn: checking secretArguments.
Feb 3, 2014 6:54:22 AM oracle.install.driver.oui.config.GenericInternalPlugIn handleProcess
INFO: No arguments to pass to stdin
Feb 3, 2014 6:54:22 AM oracle.install.driver.oui.config.GenericInternalPlugIn handleProcess
INFO: ... GenericInternalPlugIn: starting read loop.
Feb 3, 2014 6:54:28 AM oracle.install.driver.oui.config.GenericInternalPlugIn handleProcess
INFO: Read: Copying database files
Feb 3, 2014 6:54:28 AM oracle.install.driver.oui.config.GenericInternalPlugIn handleProcess
WARNING: Skipping line: Copying database files
Feb 3, 2014 6:54:28 AM oracle.install.driver.oui.config.GenericInternalPlugIn handleProcess
INFO: End of argument passing to stdin
Feb 3, 2014 6:54:28 AM oracle.install.driver.oui.config.GenericInternalPlugIn handleProcess
INFO: Read: 1% complete
Feb 3, 2014 6:54:28 AM oracle.install.driver.oui.config.GenericInternalPlugIn handleProcess
WARNING: Skipping line: 1% complete
Feb 3, 2014 6:54:28 AM oracle.install.driver.oui.config.GenericInternalPlugIn handleProcess
INFO: Exceeded the number of arguments passed to stdin. CurrentCount:1 Total args:0
Feb 3, 2014 6:54:41 AM oracle.install.driver.oui.config.GenericInternalPlugIn handleProcess
INFO: Read: 3% complete
Feb 3, 2014 6:54:41 AM oracle.install.driver.oui.config.GenericInternalPlugIn handleProcess
WARNING: Skipping line: 3% complete
Feb 3, 2014 6:54:41 AM oracle.install.driver.oui.config.GenericInternalPlugIn handleProcess
INFO: Exceeded the number of arguments passed to stdin. CurrentCount:1 Total args:0
Feb 3, 2014 6:54:41 AM oracle.install.driver.oui.config.GenericInternalPlugIn handleProcess
INFO: Read: 10% complete
Feb 3, 2014 6:54:41 AM oracle.install.driver.oui.config.GenericInternalPlugIn handleProcess
WARNING: Skipping line: 10% complete
Feb 3, 2014 6:54:41 AM oracle.install.driver.oui.config.GenericInternalPlugIn handleProcess
INFO: Exceeded the number of arguments passed to stdin. CurrentCount:1 Total args:0
Feb 3, 2014 6:54:51 AM oracle.install.driver.oui.config.GenericInternalPlugIn handleProcess
INFO: Read: 17% complete
Feb 3, 2014 6:54:51 AM oracle.install.driver.oui.config.GenericInternalPlugIn handleProcess
WARNING: Skipping line: 17% complete
Feb 3, 2014 6:54:51 AM oracle.install.driver.oui.config.GenericInternalPlugIn handleProcess
INFO: Exceeded the number of arguments passed to stdin. CurrentCount:1 Total args:0
Feb 3, 2014 6:55:11 AM oracle.install.driver.oui.config.GenericInternalPlugIn handleProcess
INFO: Read: 24% complete
Feb 3, 2014 6:55:11 AM oracle.install.driver.oui.config.GenericInternalPlugIn handleProcess
WARNING: Skipping line: 24% complete
Feb 3, 2014 6:55:11 AM oracle.install.driver.oui.config.GenericInternalPlugIn handleProcess
INFO: Exceeded the number of arguments passed to stdin. CurrentCount:1 Total args:0
Feb 3, 2014 6:55:51 AM oracle.install.driver.oui.config.GenericInternalPlugIn handleProcess
INFO: Read: 31% complete
Feb 3, 2014 6:55:51 AM oracle.install.driver.oui.config.GenericInternalPlugIn handleProcess
WARNING: Skipping line: 31% complete
Feb 3, 2014 6:55:51 AM oracle.install.driver.oui.config.GenericInternalPlugIn handleProcess
INFO: Exceeded the number of arguments passed to stdin. CurrentCount:1 Total args:0
Feb 3, 2014 6:56:00 AM oracle.install.driver.oui.config.GenericInternalPlugIn handleProcess
INFO: Read: 35% complete
Feb 3, 2014 6:56:00 AM oracle.install.driver.oui.config.GenericInternalPlugIn handleProcess
WARNING: Skipping line: 35% complete
Feb 3, 2014 6:56:00 AM oracle.install.driver.oui.config.GenericInternalPlugIn handleProcess
INFO: Exceeded the number of arguments passed to stdin. CurrentCount:1 Total args:0
Feb 3, 2014 6:56:00 AM oracle.install.driver.oui.config.GenericInternalPlugIn handleProcess
INFO: Read: Creating and starting Oracle instance
Feb 3, 2014 6:56:00 AM oracle.install.driver.oui.config.GenericInternalPlugIn handleProcess
WARNING: Skipping line: Creating and starting Oracle instance
Feb 3, 2014 6:56:00 AM oracle.install.driver.oui.config.GenericInternalPlugIn handleProcess
INFO: Exceeded the number of arguments passed to stdin. CurrentCount:1 Total args:0
Feb 3, 2014 6:56:22 AM oracle.install.driver.oui.config.GenericInternalPlugIn handleProcess
INFO: Read: 37% complete
Feb 3, 2014 6:56:22 AM oracle.install.driver.oui.config.GenericInternalPlugIn handleProcess
WARNING: Skipping line: 37% complete
Feb 3, 2014 6:56:22 AM oracle.install.driver.oui.config.GenericInternalPlugIn handleProcess
INFO: Exceeded the number of arguments passed to stdin. CurrentCount:1 Total args:0
Feb 3, 2014 6:56:36 AM oracle.install.driver.oui.config.GenericInternalPlugIn handleProcess
INFO: Read: 42% complete
Feb 3, 2014 6:56:36 AM oracle.install.driver.oui.config.GenericInternalPlugIn handleProcess
WARNING: Skipping line: 42% complete
Feb 3, 2014 6:56:36 AM oracle.install.driver.oui.config.GenericInternalPlugIn handleProcess
INFO: Exceeded the number of arguments passed to stdin. CurrentCount:1 Total args:0
Feb 3, 2014 6:56:44 AM oracle.install.driver.oui.config.GenericInternalPlugIn handleProcess
INFO: Read: 47% complete
Feb 3, 2014 6:56:44 AM oracle.install.driver.oui.config.GenericInternalPlugIn handleProcess
WARNING: Skipping line: 47% complete
Feb 3, 2014 6:56:44 AM oracle.install.driver.oui.config.GenericInternalPlugIn handleProcess
INFO: Exceeded the number of arguments passed to stdin. CurrentCount:1 Total args:0
Feb 3, 2014 6:56:46 AM oracle.install.driver.oui.config.GenericInternalPlugIn handleProcess
INFO: Read: 52% complete
Feb 3, 2014 6:56:46 AM oracle.install.driver.oui.config.GenericInternalPlugIn handleProcess
WARNING: Skipping line: 52% complete
Feb 3, 2014 6:56:46 AM oracle.install.driver.oui.config.GenericInternalPlugIn handleProcess
INFO: Exceeded the number of arguments passed to stdin. CurrentCount:1 Total args:0
Feb 3, 2014 6:56:57 AM oracle.install.driver.oui.config.GenericInternalPlugIn handleProcess
INFO: Read: 53% complete
Feb 3, 2014 6:56:57 AM oracle.install.driver.oui.config.GenericInternalPlugIn handleProcess
WARNING: Skipping line: 53% complete
Feb 3, 2014 6:56:57 AM oracle.install.driver.oui.config.GenericInternalPlugIn handleProcess
INFO: Exceeded the number of arguments passed to stdin. CurrentCount:1 Total args:0
Feb 3, 2014 6:56:57 AM oracle.install.driver.oui.config.GenericInternalPlugIn handleProcess
INFO: Read: 56% complete
Feb 3, 2014 6:56:57 AM oracle.install.driver.oui.config.GenericInternalPlugIn handleProcess
WARNING: Skipping line: 56% complete
Feb 3, 2014 6:56:57 AM oracle.install.driver.oui.config.GenericInternalPlugIn handleProcess
INFO: Exceeded the number of arguments passed to stdin. CurrentCount:1 Total args:0
Feb 3, 2014 6:56:57 AM oracle.install.driver.oui.config.GenericInternalPlugIn handleProcess
INFO: Read: 58% complete
Feb 3, 2014 6:56:57 AM oracle.install.driver.oui.config.GenericInternalPlugIn handleProcess
WARNING: Skipping line: 58% complete
Feb 3, 2014 6:56:57 AM oracle.install.driver.oui.config.GenericInternalPlugIn handleProcess
INFO: Exceeded the number of arguments passed to stdin. CurrentCount:1 Total args:0
Feb 3, 2014 6:56:57 AM oracle.install.driver.oui.config.GenericInternalPlugIn handleProcess
INFO: Read: Registering database with Oracle Grid Infrastructure
Feb 3, 2014 6:56:57 AM oracle.install.driver.oui.config.GenericInternalPlugIn handleProcess
WARNING: Skipping line: Registering database with Oracle Grid Infrastructure
Feb 3, 2014 6:56:57 AM oracle.install.driver.oui.config.GenericInternalPlugIn handleProcess
INFO: Exceeded the number of arguments passed to stdin. CurrentCount:1 Total args:0
Feb 3, 2014 6:56:58 AM oracle.install.driver.oui.config.GenericInternalPlugIn handleProcess
INFO: Read: 64% complete
Feb 3, 2014 6:56:58 AM oracle.install.driver.oui.config.GenericInternalPlugIn handleProcess
WARNING: Skipping line: 64% complete
Feb 3, 2014 6:56:58 AM oracle.install.driver.oui.config.GenericInternalPlugIn handleProcess
INFO: Exceeded the number of arguments passed to stdin. CurrentCount:1 Total args:0
Feb 3, 2014 6:56:58 AM oracle.install.driver.oui.config.GenericInternalPlugIn handleProcess
INFO: Read: Completing Database Creation
Feb 3, 2014 6:56:58 AM oracle.install.driver.oui.config.GenericInternalPlugIn handleProcess
WARNING: Skipping line: Completing Database Creation
Feb 3, 2014 6:56:58 AM oracle.install.driver.oui.config.GenericInternalPlugIn handleProcess
INFO: Exceeded the number of arguments passed to stdin. CurrentCount:1 Total args:0
Feb 3, 2014 6:56:58 AM oracle.install.driver.oui.config.GenericInternalPlugIn handleProcess
INFO: Read: 68% complete
Feb 3, 2014 6:56:58 AM oracle.install.driver.oui.config.GenericInternalPlugIn handleProcess
WARNING: Skipping line: 68% complete
Feb 3, 2014 6:56:58 AM oracle.install.driver.oui.config.GenericInternalPlugIn handleProcess
INFO: Exceeded the number of arguments passed to stdin. CurrentCount:1 Total args:0
Feb 3, 2014 6:57:11 AM oracle.install.driver.oui.config.GenericInternalPlugIn handleProcess
INFO: Read: 78% complete
Feb 3, 2014 6:57:11 AM oracle.install.driver.oui.config.GenericInternalPlugIn handleProcess
WARNING: Skipping line: 78% complete
Feb 3, 2014 6:57:11 AM oracle.install.driver.oui.config.GenericInternalPlugIn handleProcess
INFO: Exceeded the number of arguments passed to stdin. CurrentCount:1 Total args:0
Feb 3, 2014 6:59:08 AM oracle.install.driver.oui.config.GenericInternalPlugIn handleProcess
INFO: Read: 89% complete
Feb 3, 2014 6:59:08 AM oracle.install.driver.oui.config.GenericInternalPlugIn handleProcess
WARNING: Skipping line: 89% complete
Feb 3, 2014 6:59:08 AM oracle.install.driver.oui.config.GenericInternalPlugIn handleProcess
INFO: Exceeded the number of arguments passed to stdin. CurrentCount:1 Total args:0
Feb 3, 2014 6:59:08 AM oracle.install.driver.oui.config.GenericInternalPlugIn handleProcess
INFO: Read: 100% complete
Feb 3, 2014 6:59:08 AM oracle.install.driver.oui.config.GenericInternalPlugIn handleProcess
WARNING: Skipping line: 100% complete
Feb 3, 2014 6:59:08 AM oracle.install.driver.oui.config.GenericInternalPlugIn handleProcess
INFO: Exceeded the number of arguments passed to stdin. CurrentCount:1 Total args:0
Feb 3, 2014 6:59:08 AM oracle.install.driver.oui.config.GenericInternalPlugIn handleProcess
INFO: Read: Look at the log file "/u01/app/grid/cfgtoollogs/dbca/_mgmtdb/_mgmtdb.log" for further details.
Feb 3, 2014 6:59:08 AM oracle.install.driver.oui.config.GenericInternalPlugIn handleProcess
WARNING: Skipping line: Look at the log file "/u01/app/grid/cfgtoollogs/dbca/_mgmtdb/_mgmtdb.log" for further details.
Feb 3, 2014 6:59:08 AM oracle.install.driver.oui.config.GenericInternalPlugIn handleProcess
INFO: Exceeded the number of arguments passed to stdin. CurrentCount:1 Total args:0

perform - mode finished for action: configure

You can see the log file: /u01/app/12.1.0.1/grid/cfgtoollogs/oui/configActions2014-02-03_06-53-13-AM.log

Disk Group FRA created successfully.

Archive:  /u01/stage/p6880880_121010_Linux-x86-64.zip
  inflating: /u01/app/12.1.0.1/grid/OPatch/opatchauto  
  inflating: /u01/app/12.1.0.1/grid/OPatch/jlib/oracle.opatch.classpath.jar  
  inflating: /u01/app/12.1.0.1/grid/OPatch/jlib/oracle.opatch.classpath.windows.jar  
  inflating: /u01/app/12.1.0.1/grid/OPatch/jlib/opatch.jar  
  inflating: /u01/app/12.1.0.1/grid/OPatch/jlib/opatchsdk.jar  
  inflating: /u01/app/12.1.0.1/grid/OPatch/jlib/oracle.opatch.classpath.unix.jar  
  inflating: /u01/app/12.1.0.1/grid/OPatch/oplan/oplan.bat  
  inflating: /u01/app/12.1.0.1/grid/OPatch/oplan/jlib/oplan.jar  
  inflating: /u01/app/12.1.0.1/grid/OPatch/oplan/jlib/osysmodel-utils.jar  
  inflating: /u01/app/12.1.0.1/grid/OPatch/oplan/jlib/patchsdk.jar  
  inflating: /u01/app/12.1.0.1/grid/OPatch/oplan/jlib/JMXDrivers.jar  
  inflating: /u01/app/12.1.0.1/grid/OPatch/oplan/jlib/Validation.jar  
  inflating: /u01/app/12.1.0.1/grid/OPatch/oplan/jlib/bundle.jar  
  inflating: /u01/app/12.1.0.1/grid/OPatch/oplan/jlib/oracle.oplan.classpath.jar  
  inflating: /u01/app/12.1.0.1/grid/OPatch/oplan/jlib/OuiDriver.jar  
  inflating: /u01/app/12.1.0.1/grid/OPatch/oplan/jlib/automation.jar  
  inflating: /u01/app/12.1.0.1/grid/OPatch/oplan/jlib/jaxb/jaxb-impl.jar  
  inflating: /u01/app/12.1.0.1/grid/OPatch/oplan/jlib/jaxb/activation.jar  
  inflating: /u01/app/12.1.0.1/grid/OPatch/oplan/jlib/jaxb/jaxb-api.jar  
  inflating: /u01/app/12.1.0.1/grid/OPatch/oplan/jlib/jaxb/jsr173_1.0_api.jar  
  inflating: /u01/app/12.1.0.1/grid/OPatch/oplan/jlib/EMrepoDrivers.jar  
  inflating: /u01/app/12.1.0.1/grid/OPatch/oplan/jlib/CRSProductDriver.jar  
  inflating: /u01/app/12.1.0.1/grid/OPatch/oplan/jlib/ValidationRules.jar  
  inflating: /u01/app/12.1.0.1/grid/OPatch/oplan/jlib/apache-commons/commons-cli-1.0.jar  
  inflating: /u01/app/12.1.0.1/grid/OPatch/oplan/jlib/OsysModel.jar  
  inflating: /u01/app/12.1.0.1/grid/OPatch/oplan/oplan  
  inflating: /u01/app/12.1.0.1/grid/OPatch/oplan/README.txt  
  inflating: /u01/app/12.1.0.1/grid/OPatch/oplan/README.html  
  inflating: /u01/app/12.1.0.1/grid/OPatch/opatchprereqs/prerequisite.properties  
  inflating: /u01/app/12.1.0.1/grid/OPatch/opatchprereqs/opatch/opatch_prereq.xml  
  inflating: /u01/app/12.1.0.1/grid/OPatch/opatchprereqs/opatch/runtime_prereq.xml  
  inflating: /u01/app/12.1.0.1/grid/OPatch/opatchprereqs/opatch/rulemap.xml  
  inflating: /u01/app/12.1.0.1/grid/OPatch/opatchprereqs/oui/knowledgesrc.xml  
  inflating: /u01/app/12.1.0.1/grid/OPatch/emdpatch.pl  
  inflating: /u01/app/12.1.0.1/grid/OPatch/opatch.pl  
  inflating: /u01/app/12.1.0.1/grid/OPatch/opatch  
  inflating: /u01/app/12.1.0.1/grid/OPatch/opatch.bat  
  inflating: /u01/app/12.1.0.1/grid/OPatch/README.txt  
  inflating: /u01/app/12.1.0.1/grid/OPatch/datapatch.bat  
  inflating: /u01/app/12.1.0.1/grid/OPatch/docs/Prereq_Users_Guide.txt  
  inflating: /u01/app/12.1.0.1/grid/OPatch/docs/Users_Guide.txt  
  inflating: /u01/app/12.1.0.1/grid/OPatch/docs/FAQ  
  inflating: /u01/app/12.1.0.1/grid/OPatch/ocm/ocm_platforms.txt  
 extracting: /u01/app/12.1.0.1/grid/OPatch/ocm/ocm.zip  
  inflating: /u01/app/12.1.0.1/grid/OPatch/ocm/lib/emocmclnt.jar  
  inflating: /u01/app/12.1.0.1/grid/OPatch/ocm/lib/emocmclnt-14.jar  
  inflating: /u01/app/12.1.0.1/grid/OPatch/ocm/lib/http_client.jar  
  inflating: /u01/app/12.1.0.1/grid/OPatch/ocm/lib/osdt_jce.jar  
  inflating: /u01/app/12.1.0.1/grid/OPatch/ocm/lib/jnet.jar  
  inflating: /u01/app/12.1.0.1/grid/OPatch/ocm/lib/emocmcommon.jar  
  inflating: /u01/app/12.1.0.1/grid/OPatch/ocm/lib/xmlparserv2.jar  
  inflating: /u01/app/12.1.0.1/grid/OPatch/ocm/lib/log4j-core.jar  
  inflating: /u01/app/12.1.0.1/grid/OPatch/ocm/lib/jcert.jar  
  inflating: /u01/app/12.1.0.1/grid/OPatch/ocm/lib/jsse.jar  
  inflating: /u01/app/12.1.0.1/grid/OPatch/ocm/lib/osdt_core3.jar  
  inflating: /u01/app/12.1.0.1/grid/OPatch/ocm/lib/regexp.jar  
  inflating: /u01/app/12.1.0.1/grid/OPatch/ocm/bin/emocmrsp  
  inflating: /u01/app/12.1.0.1/grid/OPatch/operr_readme.txt  
 extracting: /u01/app/12.1.0.1/grid/OPatch/version.txt  
  inflating: /u01/app/12.1.0.1/grid/OPatch/operr.bat  
  inflating: /u01/app/12.1.0.1/grid/OPatch/opatch.ini  
  inflating: /u01/app/12.1.0.1/grid/OPatch/datapatch  
  inflating: /u01/app/12.1.0.1/grid/OPatch/operr  
Archive:  /u01/stage/p6880880_121010_Linux-x86-64.zip
  inflating: /u01/app/12.1.0.1/grid/OPatch/opatchauto  
  inflating: /u01/app/12.1.0.1/grid/OPatch/jlib/oracle.opatch.classpath.jar  
  inflating: /u01/app/12.1.0.1/grid/OPatch/jlib/oracle.opatch.classpath.windows.jar  
  inflating: /u01/app/12.1.0.1/grid/OPatch/jlib/opatch.jar  
  inflating: /u01/app/12.1.0.1/grid/OPatch/jlib/opatchsdk.jar  
  inflating: /u01/app/12.1.0.1/grid/OPatch/jlib/oracle.opatch.classpath.unix.jar  
  inflating: /u01/app/12.1.0.1/grid/OPatch/oplan/oplan.bat  
  inflating: /u01/app/12.1.0.1/grid/OPatch/oplan/jlib/oplan.jar  
  inflating: /u01/app/12.1.0.1/grid/OPatch/oplan/jlib/osysmodel-utils.jar  
  inflating: /u01/app/12.1.0.1/grid/OPatch/oplan/jlib/patchsdk.jar  
  inflating: /u01/app/12.1.0.1/grid/OPatch/oplan/jlib/JMXDrivers.jar  
  inflating: /u01/app/12.1.0.1/grid/OPatch/oplan/jlib/Validation.jar  
  inflating: /u01/app/12.1.0.1/grid/OPatch/oplan/jlib/bundle.jar  
  inflating: /u01/app/12.1.0.1/grid/OPatch/oplan/jlib/oracle.oplan.classpath.jar  
  inflating: /u01/app/12.1.0.1/grid/OPatch/oplan/jlib/OuiDriver.jar  
  inflating: /u01/app/12.1.0.1/grid/OPatch/oplan/jlib/automation.jar  
  inflating: /u01/app/12.1.0.1/grid/OPatch/oplan/jlib/jaxb/jaxb-impl.jar  
  inflating: /u01/app/12.1.0.1/grid/OPatch/oplan/jlib/jaxb/activation.jar  
  inflating: /u01/app/12.1.0.1/grid/OPatch/oplan/jlib/jaxb/jaxb-api.jar  
  inflating: /u01/app/12.1.0.1/grid/OPatch/oplan/jlib/jaxb/jsr173_1.0_api.jar  
  inflating: /u01/app/12.1.0.1/grid/OPatch/oplan/jlib/EMrepoDrivers.jar  
  inflating: /u01/app/12.1.0.1/grid/OPatch/oplan/jlib/CRSProductDriver.jar  
  inflating: /u01/app/12.1.0.1/grid/OPatch/oplan/jlib/ValidationRules.jar  
  inflating: /u01/app/12.1.0.1/grid/OPatch/oplan/jlib/apache-commons/commons-cli-1.0.jar  
  inflating: /u01/app/12.1.0.1/grid/OPatch/oplan/jlib/OsysModel.jar  
  inflating: /u01/app/12.1.0.1/grid/OPatch/oplan/oplan  
  inflating: /u01/app/12.1.0.1/grid/OPatch/oplan/README.txt  
  inflating: /u01/app/12.1.0.1/grid/OPatch/oplan/README.html  
  inflating: /u01/app/12.1.0.1/grid/OPatch/opatchprereqs/prerequisite.properties  
  inflating: /u01/app/12.1.0.1/grid/OPatch/opatchprereqs/opatch/opatch_prereq.xml  
  inflating: /u01/app/12.1.0.1/grid/OPatch/opatchprereqs/opatch/runtime_prereq.xml  
  inflating: /u01/app/12.1.0.1/grid/OPatch/opatchprereqs/opatch/rulemap.xml  
  inflating: /u01/app/12.1.0.1/grid/OPatch/opatchprereqs/oui/knowledgesrc.xml  
  inflating: /u01/app/12.1.0.1/grid/OPatch/emdpatch.pl  
  inflating: /u01/app/12.1.0.1/grid/OPatch/opatch.pl  
  inflating: /u01/app/12.1.0.1/grid/OPatch/opatch  
  inflating: /u01/app/12.1.0.1/grid/OPatch/opatch.bat  
  inflating: /u01/app/12.1.0.1/grid/OPatch/README.txt  
  inflating: /u01/app/12.1.0.1/grid/OPatch/datapatch.bat  
  inflating: /u01/app/12.1.0.1/grid/OPatch/docs/Prereq_Users_Guide.txt  
  inflating: /u01/app/12.1.0.1/grid/OPatch/docs/Users_Guide.txt  
  inflating: /u01/app/12.1.0.1/grid/OPatch/docs/FAQ  
  inflating: /u01/app/12.1.0.1/grid/OPatch/ocm/ocm_platforms.txt  
 extracting: /u01/app/12.1.0.1/grid/OPatch/ocm/ocm.zip  
  inflating: /u01/app/12.1.0.1/grid/OPatch/ocm/lib/emocmclnt.jar  
  inflating: /u01/app/12.1.0.1/grid/OPatch/ocm/lib/emocmclnt-14.jar  
  inflating: /u01/app/12.1.0.1/grid/OPatch/ocm/lib/http_client.jar  
  inflating: /u01/app/12.1.0.1/grid/OPatch/ocm/lib/osdt_jce.jar  
  inflating: /u01/app/12.1.0.1/grid/OPatch/ocm/lib/jnet.jar  
  inflating: /u01/app/12.1.0.1/grid/OPatch/ocm/lib/emocmcommon.jar  
  inflating: /u01/app/12.1.0.1/grid/OPatch/ocm/lib/xmlparserv2.jar  
  inflating: /u01/app/12.1.0.1/grid/OPatch/ocm/lib/log4j-core.jar  
  inflating: /u01/app/12.1.0.1/grid/OPatch/ocm/lib/jcert.jar  
  inflating: /u01/app/12.1.0.1/grid/OPatch/ocm/lib/jsse.jar  
  inflating: /u01/app/12.1.0.1/grid/OPatch/ocm/lib/osdt_core3.jar  
  inflating: /u01/app/12.1.0.1/grid/OPatch/ocm/lib/regexp.jar  
  inflating: /u01/app/12.1.0.1/grid/OPatch/ocm/bin/emocmrsp  
  inflating: /u01/app/12.1.0.1/grid/OPatch/operr_readme.txt  
 extracting: /u01/app/12.1.0.1/grid/OPatch/version.txt  
  inflating: /u01/app/12.1.0.1/grid/OPatch/operr.bat  
  inflating: /u01/app/12.1.0.1/grid/OPatch/opatch.ini  
  inflating: /u01/app/12.1.0.1/grid/OPatch/datapatch  
  inflating: /u01/app/12.1.0.1/grid/OPatch/operr  
OPatch Automation Tool
Copyright (c) 2013, Oracle Corporation.  All rights reserved.

OPatchauto version : 12.1.0.1.2
OUI version        : 12.1.0.1.0
Running from       : /u01/app/12.1.0.1/grid

opatchauto log file: /u01/app/12.1.0.1/grid/cfgtoollogs/opatchauto/17735306/opatch_gi_2014-02-03_07-03-04_deploy.log

Parameter Validation: Successful

User specified following Grid Infrastructure home:
/u01/app/12.1.0.1/grid

Configuration Validation: Successful

Patch Location: /u01/stage/17735306/17735306
Grid Infrastructure Patch(es): 17077442 17303297 17552800 
RAC Patch(es): 17077442 17552800 

Patch Validation: Successful

Stopping CRS ... Successful

Applying patch(es) to "/u01/app/12.1.0.1/grid" ...
Patch "/u01/stage/17735306/17735306/17077442" successfully applied to "/u01/app/12.1.0.1/grid".
Patch "/u01/stage/17735306/17735306/17303297" successfully applied to "/u01/app/12.1.0.1/grid".
Patch "/u01/stage/17735306/17735306/17552800" successfully applied to "/u01/app/12.1.0.1/grid".

Starting CRS ... Successful

Apply Summary:
Following patch(es) are successfully installed:
GI Home: /u01/app/12.1.0.1/grid: 17077442, 17303297, 17552800

opatchauto succeeded.
OPatch Automation Tool
Copyright (c) 2013, Oracle Corporation.  All rights reserved.

OPatchauto version : 12.1.0.1.2
OUI version        : 12.1.0.1.0
Running from       : /u01/app/12.1.0.1/grid

opatchauto log file: /u01/app/12.1.0.1/grid/cfgtoollogs/opatchauto/17735306/opatch_gi_2014-02-03_07-17-11_deploy.log

Parameter Validation: Successful

User specified following Grid Infrastructure home:
/u01/app/12.1.0.1/grid

Configuration Validation: Successful

Patch Location: /u01/stage/17735306/17735306
Grid Infrastructure Patch(es): 17077442 17303297 17552800 
RAC Patch(es): 17077442 17552800 

Patch Validation: Successful

Stopping CRS ... Successful

Applying patch(es) to "/u01/app/12.1.0.1/grid" ...
Patch "/u01/stage/17735306/17735306/17077442" successfully applied to "/u01/app/12.1.0.1/grid".
Patch "/u01/stage/17735306/17735306/17303297" successfully applied to "/u01/app/12.1.0.1/grid".
Patch "/u01/stage/17735306/17735306/17552800" successfully applied to "/u01/app/12.1.0.1/grid".

Starting CRS ... Successful

Apply Summary:
Following patch(es) are successfully installed:
GI Home: /u01/app/12.1.0.1/grid: 17077442, 17303297, 17552800

opatchauto succeeded.
spawn /u01/stage/grid/sshsetup/sshUserSetup.sh -user oracle -hosts node1 node2 -noPromptPassphrase -advanced
The output of this script is also logged into /tmp/sshUserSetup_2014-02-03-07-30-41.log
Hosts are node1 node2
user is oracle
Platform:- Linux 
Checking if the remote hosts are reachable
PING node1 (192.168.56.11) 56(84) bytes of data.
64 bytes from node1 (192.168.56.11): icmp_seq=1 ttl=64 time=0.040 ms
64 bytes from node1 (192.168.56.11): icmp_seq=2 ttl=64 time=0.043 ms
64 bytes from node1 (192.168.56.11): icmp_seq=3 ttl=64 time=0.046 ms
64 bytes from node1 (192.168.56.11): icmp_seq=4 ttl=64 time=0.038 ms
64 bytes from node1 (192.168.56.11): icmp_seq=5 ttl=64 time=0.034 ms

--- node1 ping statistics ---
5 packets transmitted, 5 received, 0% packet loss, time 4001ms
rtt min/avg/max/mdev = 0.034/0.040/0.046/0.005 ms
PING node2 (192.168.56.12) 56(84) bytes of data.
64 bytes from node2 (192.168.56.12): icmp_seq=1 ttl=64 time=0.507 ms
64 bytes from node2 (192.168.56.12): icmp_seq=2 ttl=64 time=0.332 ms
64 bytes from node2 (192.168.56.12): icmp_seq=3 ttl=64 time=0.487 ms
64 bytes from node2 (192.168.56.12): icmp_seq=4 ttl=64 time=0.352 ms
64 bytes from node2 (192.168.56.12): icmp_seq=5 ttl=64 time=0.597 ms

--- node2 ping statistics ---
5 packets transmitted, 5 received, 0% packet loss, time 4003ms
rtt min/avg/max/mdev = 0.332/0.455/0.597/0.099 ms
Remote host reachability check succeeded.
The following hosts are reachable: node1 node2.
The following hosts are not reachable: .
All hosts are reachable. Proceeding further...
firsthost node1
numhosts 2
The script will setup SSH connectivity from the host node1 to all
the remote hosts. After the script is executed, the user can use SSH to run
commands on the remote hosts or copy files between this host node1
and the remote hosts without being prompted for passwords or confirmations.

NOTE 1:
As part of the setup procedure, this script will use ssh and scp to copy
files between the local host and the remote hosts. Since the script does not
store passwords, you may be prompted for the passwords during the execution of
the script whenever ssh or scp is invoked.

NOTE 2:
AS PER SSH REQUIREMENTS, THIS SCRIPT WILL SECURE THE USER HOME DIRECTORY
AND THE .ssh DIRECTORY BY REVOKING GROUP AND WORLD WRITE PRIVILEDGES TO THESE
directories.

Do you want to continue and let the script make the above mentioned changes (yes/no)?
yes

The user chose yes
User chose to skip passphrase related questions.
Creating .ssh directory on local host, if not present already
Creating authorized_keys file on local host
Changing permissions on authorized_keys to 644 on local host
Creating known_hosts file on local host
Changing permissions on known_hosts to 644 on local host
Creating config file on local host
If a config file exists already at /home/oracle/.ssh/config, it would be backed up to /home/oracle/.ssh/config.backup.
Removing old private/public keys on local host
Running SSH keygen on local host with empty passphrase
Generating public/private rsa key pair.
Your identification has been saved in /home/oracle/.ssh/id_rsa.
Your public key has been saved in /home/oracle/.ssh/id_rsa.pub.
The key fingerprint is:
1d:b8:e5:84:0b:83:2a:c5:6a:e2:28:09:dd:dd:79:00 oracle@node1
The key's randomart image is:
+--[ RSA 1024]----+
|      E          |
| .   . . o       |
|  o . o + +      |
| + o . + X .     |
|=.o . . S +      |
|*o       .       |
|+.               |
|.                |
|                 |
+-----------------+
Creating .ssh directory and setting permissions on remote host node1
THE SCRIPT WOULD ALSO BE REVOKING WRITE PERMISSIONS FOR group AND others ON THE HOME DIRECTORY FOR oracle. THIS IS AN SSH REQUIREMENT.
The script would create ~oracle/.ssh/config file on remote host node1. If a config file exists already at ~oracle/.ssh/config, it would be backed up to ~oracle/.ssh/config.backup.
The user may be prompted for a password here since the script would be running SSH on host node1.
Warning: Permanently added 'node1,192.168.56.11' (RSA) to the list of known hosts.
oracle@node1's password: 
Done with creating .ssh directory and setting permissions on remote host node1.
Creating .ssh directory and setting permissions on remote host node2
THE SCRIPT WOULD ALSO BE REVOKING WRITE PERMISSIONS FOR group AND others ON THE HOME DIRECTORY FOR oracle. THIS IS AN SSH REQUIREMENT.
The script would create ~oracle/.ssh/config file on remote host node2. If a config file exists already at ~oracle/.ssh/config, it would be backed up to ~oracle/.ssh/config.backup.
The user may be prompted for a password here since the script would be running SSH on host node2.
Warning: Permanently added 'node2,192.168.56.12' (RSA) to the list of known hosts.
oracle@node2's password: 
Done with creating .ssh directory and setting permissions on remote host node2.
Copying local host public key to the remote host node1
The user may be prompted for a password or passphrase here since the script would be using SCP for host node1.
oracle@node1's password: 
Done copying local host public key to the remote host node1
Copying local host public key to the remote host node2
The user may be prompted for a password or passphrase here since the script would be using SCP for host node2.
oracle@node2's password: 
Done copying local host public key to the remote host node2
Creating keys on remote host node1 if they do not exist already. This is required to setup SSH on host node1.

Creating keys on remote host node2 if they do not exist already. This is required to setup SSH on host node2.
Generating public/private rsa key pair.
Your identification has been saved in .ssh/id_rsa.
Your public key has been saved in .ssh/id_rsa.pub.
The key fingerprint is:
cd:e0:62:90:19:86:d0:41:f1:34:9e:12:69:a7:59:23 oracle@node2
The key's randomart image is:
+--[ RSA 1024]----+
|.+===            |
|  E*+*           |
| ..*B.  .        |
|  o. . . +       |
|      o S o      |
|     . .         |
|                 |
|                 |
|                 |
+-----------------+
Updating authorized_keys file on remote host node1
Updating known_hosts file on remote host node1
Updating authorized_keys file on remote host node2
Updating known_hosts file on remote host node2
cat: /home/oracle/.ssh/known_hosts.tmp: No such file or directory
cat: /home/oracle/.ssh/authorized_keys.tmp: No such file or directory
SSH setup is complete.

------------------------------------------------------------------------
Verifying SSH setup
===================
The script will now run the date command on the remote nodes using ssh
to verify if ssh is setup correctly. IF THE SETUP IS CORRECTLY SETUP,
THERE SHOULD BE NO OUTPUT OTHER THAN THE DATE AND SSH SHOULD NOT ASK FOR
PASSWORDS. If you see any output other than date or are prompted for the
password, ssh is not setup correctly and you will need to resolve the
issue and set up ssh again.
The possible causes for failure could be:
1. The server settings in /etc/ssh/sshd_config file do not allow ssh
for user oracle.
2. The server may have disabled public key based authentication.
3. The client public key on the server may be outdated.
4. ~oracle or ~oracle/.ssh on the remote host may not be owned by oracle.
5. User may not have passed -shared option for shared remote users or
may be passing the -shared option for non-shared remote users.
6. If there is output in addition to the date, but no password is asked,
it may be a security alert shown as part of company policy. Append the
additional text to the <OMS HOME>/sysman/prov/resources/ignoreMessages.txt file.
------------------------------------------------------------------------
--node1:--
Running /usr/bin/ssh -x -l oracle node1 date to verify SSH connectivity has been setup from local host to node1.
IF YOU SEE ANY OTHER OUTPUT BESIDES THE OUTPUT OF THE DATE COMMAND OR IF YOU ARE PROMPTED FOR A PASSWORD HERE, IT MEANS SSH SETUP HAS NOT BEEN SUCCESSFUL. Please note that being prompted for a passphrase may be OK but being prompted for a password is ERROR.
Mon Feb  3 07:30:52 NZDT 2014
------------------------------------------------------------------------
--node2:--
Running /usr/bin/ssh -x -l oracle node2 date to verify SSH connectivity has been setup from local host to node2.
IF YOU SEE ANY OTHER OUTPUT BESIDES THE OUTPUT OF THE DATE COMMAND OR IF YOU ARE PROMPTED FOR A PASSWORD HERE, IT MEANS SSH SETUP HAS NOT BEEN SUCCESSFUL. Please note that being prompted for a passphrase may be OK but being prompted for a password is ERROR.
Mon Feb  3 07:30:52 NZDT 2014
------------------------------------------------------------------------
------------------------------------------------------------------------
Verifying SSH connectivity has been setup from node1 to node1
IF YOU SEE ANY OTHER OUTPUT BESIDES THE OUTPUT OF THE DATE COMMAND OR IF YOU ARE PROMPTED FOR A PASSWORD HERE, IT MEANS SSH SETUP HAS NOT BEEN SUCCESSFUL.
Mon Feb  3 07:30:52 NZDT 2014
------------------------------------------------------------------------
------------------------------------------------------------------------
Verifying SSH connectivity has been setup from node1 to node2
IF YOU SEE ANY OTHER OUTPUT BESIDES THE OUTPUT OF THE DATE COMMAND OR IF YOU ARE PROMPTED FOR A PASSWORD HERE, IT MEANS SSH SETUP HAS NOT BEEN SUCCESSFUL.
Mon Feb  3 07:30:52 NZDT 2014
------------------------------------------------------------------------
-Verification from complete-
SSH verification complete.
finished
Starting Oracle Universal Installer...

Checking Temp space: must be greater than 500 MB.   Actual 25987 MB    Passed
Checking swap space: must be greater than 150 MB.   Actual 5997 MB    Passed
Preparing to launch Oracle Universal Installer from /tmp/OraInstall2014-02-03_07-30-52AM. Please wait ...You can find the log of this install session at:
 /u01/app/oraInventory/logs/installActions2014-02-03_07-30-52AM.log
The installation of Oracle Database 12c was successful.
Please check '/u01/app/oraInventory/logs/silentInstall2014-02-03_07-30-52AM.log' for more details.

As a root user, execute the following script(s):
	1. /u01/app/oracle/product/12.1.0.1/dbhome_1/root.sh

Execute /u01/app/oracle/product/12.1.0.1/dbhome_1/root.sh on the following nodes: 
[node1, node2]

Successfully Setup Software.
Check /u01/app/oracle/product/12.1.0.1/dbhome_1/install/root_node1_2014-02-03_07-45-31.log for the output of root script
Check /u01/app/oracle/product/12.1.0.1/dbhome_1/install/root_node2_2014-02-03_07-45-32.log for the output of root script
Archive:  /u01/stage/p6880880_121010_Linux-x86-64.zip
  inflating: /u01/app/oracle/product/12.1.0.1/dbhome_1/OPatch/opatchauto  
  inflating: /u01/app/oracle/product/12.1.0.1/dbhome_1/OPatch/jlib/oracle.opatch.classpath.jar  
  inflating: /u01/app/oracle/product/12.1.0.1/dbhome_1/OPatch/jlib/oracle.opatch.classpath.windows.jar  
  inflating: /u01/app/oracle/product/12.1.0.1/dbhome_1/OPatch/jlib/opatch.jar  
  inflating: /u01/app/oracle/product/12.1.0.1/dbhome_1/OPatch/jlib/opatchsdk.jar  
  inflating: /u01/app/oracle/product/12.1.0.1/dbhome_1/OPatch/jlib/oracle.opatch.classpath.unix.jar  
  inflating: /u01/app/oracle/product/12.1.0.1/dbhome_1/OPatch/oplan/oplan.bat  
  inflating: /u01/app/oracle/product/12.1.0.1/dbhome_1/OPatch/oplan/jlib/oplan.jar  
  inflating: /u01/app/oracle/product/12.1.0.1/dbhome_1/OPatch/oplan/jlib/osysmodel-utils.jar  
  inflating: /u01/app/oracle/product/12.1.0.1/dbhome_1/OPatch/oplan/jlib/patchsdk.jar  
  inflating: /u01/app/oracle/product/12.1.0.1/dbhome_1/OPatch/oplan/jlib/JMXDrivers.jar  
  inflating: /u01/app/oracle/product/12.1.0.1/dbhome_1/OPatch/oplan/jlib/Validation.jar  
  inflating: /u01/app/oracle/product/12.1.0.1/dbhome_1/OPatch/oplan/jlib/bundle.jar  
  inflating: /u01/app/oracle/product/12.1.0.1/dbhome_1/OPatch/oplan/jlib/oracle.oplan.classpath.jar  
  inflating: /u01/app/oracle/product/12.1.0.1/dbhome_1/OPatch/oplan/jlib/OuiDriver.jar  
  inflating: /u01/app/oracle/product/12.1.0.1/dbhome_1/OPatch/oplan/jlib/automation.jar  
  inflating: /u01/app/oracle/product/12.1.0.1/dbhome_1/OPatch/oplan/jlib/jaxb/jaxb-impl.jar  
  inflating: /u01/app/oracle/product/12.1.0.1/dbhome_1/OPatch/oplan/jlib/jaxb/activation.jar  
  inflating: /u01/app/oracle/product/12.1.0.1/dbhome_1/OPatch/oplan/jlib/jaxb/jaxb-api.jar  
  inflating: /u01/app/oracle/product/12.1.0.1/dbhome_1/OPatch/oplan/jlib/jaxb/jsr173_1.0_api.jar  
  inflating: /u01/app/oracle/product/12.1.0.1/dbhome_1/OPatch/oplan/jlib/EMrepoDrivers.jar  
  inflating: /u01/app/oracle/product/12.1.0.1/dbhome_1/OPatch/oplan/jlib/CRSProductDriver.jar  
  inflating: /u01/app/oracle/product/12.1.0.1/dbhome_1/OPatch/oplan/jlib/ValidationRules.jar  
  inflating: /u01/app/oracle/product/12.1.0.1/dbhome_1/OPatch/oplan/jlib/apache-commons/commons-cli-1.0.jar  
  inflating: /u01/app/oracle/product/12.1.0.1/dbhome_1/OPatch/oplan/jlib/OsysModel.jar  
  inflating: /u01/app/oracle/product/12.1.0.1/dbhome_1/OPatch/oplan/oplan  
  inflating: /u01/app/oracle/product/12.1.0.1/dbhome_1/OPatch/oplan/README.txt  
  inflating: /u01/app/oracle/product/12.1.0.1/dbhome_1/OPatch/oplan/README.html  
  inflating: /u01/app/oracle/product/12.1.0.1/dbhome_1/OPatch/opatchprereqs/prerequisite.properties  
  inflating: /u01/app/oracle/product/12.1.0.1/dbhome_1/OPatch/opatchprereqs/opatch/opatch_prereq.xml  
  inflating: /u01/app/oracle/product/12.1.0.1/dbhome_1/OPatch/opatchprereqs/opatch/runtime_prereq.xml  
  inflating: /u01/app/oracle/product/12.1.0.1/dbhome_1/OPatch/opatchprereqs/opatch/rulemap.xml  
  inflating: /u01/app/oracle/product/12.1.0.1/dbhome_1/OPatch/opatchprereqs/oui/knowledgesrc.xml  
  inflating: /u01/app/oracle/product/12.1.0.1/dbhome_1/OPatch/emdpatch.pl  
  inflating: /u01/app/oracle/product/12.1.0.1/dbhome_1/OPatch/opatch.pl  
  inflating: /u01/app/oracle/product/12.1.0.1/dbhome_1/OPatch/opatch  
  inflating: /u01/app/oracle/product/12.1.0.1/dbhome_1/OPatch/opatch.bat  
  inflating: /u01/app/oracle/product/12.1.0.1/dbhome_1/OPatch/README.txt  
  inflating: /u01/app/oracle/product/12.1.0.1/dbhome_1/OPatch/datapatch.bat  
  inflating: /u01/app/oracle/product/12.1.0.1/dbhome_1/OPatch/docs/Prereq_Users_Guide.txt  
  inflating: /u01/app/oracle/product/12.1.0.1/dbhome_1/OPatch/docs/Users_Guide.txt  
  inflating: /u01/app/oracle/product/12.1.0.1/dbhome_1/OPatch/docs/FAQ  
  inflating: /u01/app/oracle/product/12.1.0.1/dbhome_1/OPatch/ocm/ocm_platforms.txt  
 extracting: /u01/app/oracle/product/12.1.0.1/dbhome_1/OPatch/ocm/ocm.zip  
  inflating: /u01/app/oracle/product/12.1.0.1/dbhome_1/OPatch/ocm/lib/emocmclnt.jar  
  inflating: /u01/app/oracle/product/12.1.0.1/dbhome_1/OPatch/ocm/lib/emocmclnt-14.jar  
  inflating: /u01/app/oracle/product/12.1.0.1/dbhome_1/OPatch/ocm/lib/http_client.jar  
  inflating: /u01/app/oracle/product/12.1.0.1/dbhome_1/OPatch/ocm/lib/osdt_jce.jar  
  inflating: /u01/app/oracle/product/12.1.0.1/dbhome_1/OPatch/ocm/lib/jnet.jar  
  inflating: /u01/app/oracle/product/12.1.0.1/dbhome_1/OPatch/ocm/lib/emocmcommon.jar  
  inflating: /u01/app/oracle/product/12.1.0.1/dbhome_1/OPatch/ocm/lib/xmlparserv2.jar  
  inflating: /u01/app/oracle/product/12.1.0.1/dbhome_1/OPatch/ocm/lib/log4j-core.jar  
  inflating: /u01/app/oracle/product/12.1.0.1/dbhome_1/OPatch/ocm/lib/jcert.jar  
  inflating: /u01/app/oracle/product/12.1.0.1/dbhome_1/OPatch/ocm/lib/jsse.jar  
  inflating: /u01/app/oracle/product/12.1.0.1/dbhome_1/OPatch/ocm/lib/osdt_core3.jar  
  inflating: /u01/app/oracle/product/12.1.0.1/dbhome_1/OPatch/ocm/lib/regexp.jar  
  inflating: /u01/app/oracle/product/12.1.0.1/dbhome_1/OPatch/ocm/bin/emocmrsp  
  inflating: /u01/app/oracle/product/12.1.0.1/dbhome_1/OPatch/operr_readme.txt  
 extracting: /u01/app/oracle/product/12.1.0.1/dbhome_1/OPatch/version.txt  
  inflating: /u01/app/oracle/product/12.1.0.1/dbhome_1/OPatch/operr.bat  
  inflating: /u01/app/oracle/product/12.1.0.1/dbhome_1/OPatch/opatch.ini  
  inflating: /u01/app/oracle/product/12.1.0.1/dbhome_1/OPatch/datapatch  
  inflating: /u01/app/oracle/product/12.1.0.1/dbhome_1/OPatch/operr  
Archive:  /u01/stage/p6880880_121010_Linux-x86-64.zip
  inflating: /u01/app/oracle/product/12.1.0.1/dbhome_1/OPatch/opatchauto  
  inflating: /u01/app/oracle/product/12.1.0.1/dbhome_1/OPatch/jlib/oracle.opatch.classpath.jar  
  inflating: /u01/app/oracle/product/12.1.0.1/dbhome_1/OPatch/jlib/oracle.opatch.classpath.windows.jar  
  inflating: /u01/app/oracle/product/12.1.0.1/dbhome_1/OPatch/jlib/opatch.jar  
  inflating: /u01/app/oracle/product/12.1.0.1/dbhome_1/OPatch/jlib/opatchsdk.jar  
  inflating: /u01/app/oracle/product/12.1.0.1/dbhome_1/OPatch/jlib/oracle.opatch.classpath.unix.jar  
  inflating: /u01/app/oracle/product/12.1.0.1/dbhome_1/OPatch/oplan/oplan.bat  
  inflating: /u01/app/oracle/product/12.1.0.1/dbhome_1/OPatch/oplan/jlib/oplan.jar  
  inflating: /u01/app/oracle/product/12.1.0.1/dbhome_1/OPatch/oplan/jlib/osysmodel-utils.jar  
  inflating: /u01/app/oracle/product/12.1.0.1/dbhome_1/OPatch/oplan/jlib/patchsdk.jar  
  inflating: /u01/app/oracle/product/12.1.0.1/dbhome_1/OPatch/oplan/jlib/JMXDrivers.jar  
  inflating: /u01/app/oracle/product/12.1.0.1/dbhome_1/OPatch/oplan/jlib/Validation.jar  
  inflating: /u01/app/oracle/product/12.1.0.1/dbhome_1/OPatch/oplan/jlib/bundle.jar  
  inflating: /u01/app/oracle/product/12.1.0.1/dbhome_1/OPatch/oplan/jlib/oracle.oplan.classpath.jar  
  inflating: /u01/app/oracle/product/12.1.0.1/dbhome_1/OPatch/oplan/jlib/OuiDriver.jar  
  inflating: /u01/app/oracle/product/12.1.0.1/dbhome_1/OPatch/oplan/jlib/automation.jar  
  inflating: /u01/app/oracle/product/12.1.0.1/dbhome_1/OPatch/oplan/jlib/jaxb/jaxb-impl.jar  
  inflating: /u01/app/oracle/product/12.1.0.1/dbhome_1/OPatch/oplan/jlib/jaxb/activation.jar  
  inflating: /u01/app/oracle/product/12.1.0.1/dbhome_1/OPatch/oplan/jlib/jaxb/jaxb-api.jar  
  inflating: /u01/app/oracle/product/12.1.0.1/dbhome_1/OPatch/oplan/jlib/jaxb/jsr173_1.0_api.jar  
  inflating: /u01/app/oracle/product/12.1.0.1/dbhome_1/OPatch/oplan/jlib/EMrepoDrivers.jar  
  inflating: /u01/app/oracle/product/12.1.0.1/dbhome_1/OPatch/oplan/jlib/CRSProductDriver.jar  
  inflating: /u01/app/oracle/product/12.1.0.1/dbhome_1/OPatch/oplan/jlib/ValidationRules.jar  
  inflating: /u01/app/oracle/product/12.1.0.1/dbhome_1/OPatch/oplan/jlib/apache-commons/commons-cli-1.0.jar  
  inflating: /u01/app/oracle/product/12.1.0.1/dbhome_1/OPatch/oplan/jlib/OsysModel.jar  
  inflating: /u01/app/oracle/product/12.1.0.1/dbhome_1/OPatch/oplan/oplan  
  inflating: /u01/app/oracle/product/12.1.0.1/dbhome_1/OPatch/oplan/README.txt  
  inflating: /u01/app/oracle/product/12.1.0.1/dbhome_1/OPatch/oplan/README.html  
  inflating: /u01/app/oracle/product/12.1.0.1/dbhome_1/OPatch/opatchprereqs/prerequisite.properties  
  inflating: /u01/app/oracle/product/12.1.0.1/dbhome_1/OPatch/opatchprereqs/opatch/opatch_prereq.xml  
  inflating: /u01/app/oracle/product/12.1.0.1/dbhome_1/OPatch/opatchprereqs/opatch/runtime_prereq.xml  
  inflating: /u01/app/oracle/product/12.1.0.1/dbhome_1/OPatch/opatchprereqs/opatch/rulemap.xml  
  inflating: /u01/app/oracle/product/12.1.0.1/dbhome_1/OPatch/opatchprereqs/oui/knowledgesrc.xml  
  inflating: /u01/app/oracle/product/12.1.0.1/dbhome_1/OPatch/emdpatch.pl  
  inflating: /u01/app/oracle/product/12.1.0.1/dbhome_1/OPatch/opatch.pl  
  inflating: /u01/app/oracle/product/12.1.0.1/dbhome_1/OPatch/opatch  
  inflating: /u01/app/oracle/product/12.1.0.1/dbhome_1/OPatch/opatch.bat  
  inflating: /u01/app/oracle/product/12.1.0.1/dbhome_1/OPatch/README.txt  
  inflating: /u01/app/oracle/product/12.1.0.1/dbhome_1/OPatch/datapatch.bat  
  inflating: /u01/app/oracle/product/12.1.0.1/dbhome_1/OPatch/docs/Prereq_Users_Guide.txt  
  inflating: /u01/app/oracle/product/12.1.0.1/dbhome_1/OPatch/docs/Users_Guide.txt  
  inflating: /u01/app/oracle/product/12.1.0.1/dbhome_1/OPatch/docs/FAQ  
  inflating: /u01/app/oracle/product/12.1.0.1/dbhome_1/OPatch/ocm/ocm_platforms.txt  
 extracting: /u01/app/oracle/product/12.1.0.1/dbhome_1/OPatch/ocm/ocm.zip  
  inflating: /u01/app/oracle/product/12.1.0.1/dbhome_1/OPatch/ocm/lib/emocmclnt.jar  
  inflating: /u01/app/oracle/product/12.1.0.1/dbhome_1/OPatch/ocm/lib/emocmclnt-14.jar  
  inflating: /u01/app/oracle/product/12.1.0.1/dbhome_1/OPatch/ocm/lib/http_client.jar  
  inflating: /u01/app/oracle/product/12.1.0.1/dbhome_1/OPatch/ocm/lib/osdt_jce.jar  
  inflating: /u01/app/oracle/product/12.1.0.1/dbhome_1/OPatch/ocm/lib/jnet.jar  
  inflating: /u01/app/oracle/product/12.1.0.1/dbhome_1/OPatch/ocm/lib/emocmcommon.jar  
  inflating: /u01/app/oracle/product/12.1.0.1/dbhome_1/OPatch/ocm/lib/xmlparserv2.jar  
  inflating: /u01/app/oracle/product/12.1.0.1/dbhome_1/OPatch/ocm/lib/log4j-core.jar  
  inflating: /u01/app/oracle/product/12.1.0.1/dbhome_1/OPatch/ocm/lib/jcert.jar  
  inflating: /u01/app/oracle/product/12.1.0.1/dbhome_1/OPatch/ocm/lib/jsse.jar  
  inflating: /u01/app/oracle/product/12.1.0.1/dbhome_1/OPatch/ocm/lib/osdt_core3.jar  
  inflating: /u01/app/oracle/product/12.1.0.1/dbhome_1/OPatch/ocm/lib/regexp.jar  
  inflating: /u01/app/oracle/product/12.1.0.1/dbhome_1/OPatch/ocm/bin/emocmrsp  
  inflating: /u01/app/oracle/product/12.1.0.1/dbhome_1/OPatch/operr_readme.txt  
 extracting: /u01/app/oracle/product/12.1.0.1/dbhome_1/OPatch/version.txt  
  inflating: /u01/app/oracle/product/12.1.0.1/dbhome_1/OPatch/operr.bat  
  inflating: /u01/app/oracle/product/12.1.0.1/dbhome_1/OPatch/opatch.ini  
  inflating: /u01/app/oracle/product/12.1.0.1/dbhome_1/OPatch/datapatch  
  inflating: /u01/app/oracle/product/12.1.0.1/dbhome_1/OPatch/operr  
Oracle Interim Patch Installer version 12.1.0.1.2
Copyright (c) 2013, Oracle Corporation.  All rights reserved.


Oracle Home       : /u01/app/oracle/product/12.1.0.1/dbhome_1
Central Inventory : /u01/app/oraInventory
   from           : /u01/app/oracle/product/12.1.0.1/dbhome_1/oraInst.loc
OPatch version    : 12.1.0.1.2
OUI version       : 12.1.0.1.0
Log file location : /u01/app/oracle/product/12.1.0.1/dbhome_1/cfgtoollogs/opatch/17552800_Feb_03_2014_07_45_37/apply2014-02-03_07-45-37AM_1.log

Applying interim patch '17552800' to OH '/u01/app/oracle/product/12.1.0.1/dbhome_1'
Verifying environment and performing prerequisite checks...
Patch 17552800: Optional component(s) missing : [ oracle.network.cman, 12.1.0.1.0 ] 
All checks passed.

This node is part of an Oracle Real Application Cluster.
Remote nodes: 'node2' 
Local node: 'node1'
Please shut down Oracle instances running out of this ORACLE_HOME on all the nodes.
(Oracle Home = '/u01/app/oracle/product/12.1.0.1/dbhome_1')


Are all the nodes ready for patching? [y|n]
Y (auto-answered by -silent)
User Responded with: Y
Backing up files...

Patching component oracle.network.rsf, 12.1.0.1.0...

Patching component oracle.rdbms, 12.1.0.1.0...

Patching component oracle.rdbms.rsf, 12.1.0.1.0...

Patching component oracle.ldap.rsf, 12.1.0.1.0...

Patching component oracle.ldap.rsf.ic, 12.1.0.1.0...

Patching component oracle.rdbms.util, 12.1.0.1.0...

Patching component oracle.rdbms.dbscripts, 12.1.0.1.0...

Patching component oracle.rdbms.rman, 12.1.0.1.0...

Verifying the update...

Patching in all-node mode.

Updating nodes 'node2' 
   Apply-related files are:
     FP = "/u01/app/oracle/product/12.1.0.1/dbhome_1/.patch_storage/17552800_Jan_3_2014_03_21_20/rac/copy_files.txt"
     DP = "/u01/app/oracle/product/12.1.0.1/dbhome_1/.patch_storage/17552800_Jan_3_2014_03_21_20/rac/copy_dirs.txt"
     MP = "/u01/app/oracle/product/12.1.0.1/dbhome_1/.patch_storage/17552800_Jan_3_2014_03_21_20/rac/make_cmds.txt"
     RC = "/u01/app/oracle/product/12.1.0.1/dbhome_1/.patch_storage/17552800_Jan_3_2014_03_21_20/rac/remote_cmds.txt"

Instantiating the file "/u01/app/oracle/product/12.1.0.1/dbhome_1/.patch_storage/17552800_Jan_3_2014_03_21_20/rac/copy_files.txt.instantiated" by replacing $ORACLE_HOME in "/u01/app/oracle/product/12.1.0.1/dbhome_1/.patch_storage/17552800_Jan_3_2014_03_21_20/rac/copy_files.txt" with actual path.
Propagating files to remote nodes...
Instantiating the file "/u01/app/oracle/product/12.1.0.1/dbhome_1/.patch_storage/17552800_Jan_3_2014_03_21_20/rac/copy_dirs.txt.instantiated" by replacing $ORACLE_HOME in "/u01/app/oracle/product/12.1.0.1/dbhome_1/.patch_storage/17552800_Jan_3_2014_03_21_20/rac/copy_dirs.txt" with actual path.
Propagating directories to remote nodes...
Instantiating the file "/u01/app/oracle/product/12.1.0.1/dbhome_1/.patch_storage/17552800_Jan_3_2014_03_21_20/rac/make_cmds.txt.instantiated" by replacing $ORACLE_HOME in "/u01/app/oracle/product/12.1.0.1/dbhome_1/.patch_storage/17552800_Jan_3_2014_03_21_20/rac/make_cmds.txt" with actual path.
Running command on remote node 'node2': 
cd /u01/app/oracle/product/12.1.0.1/dbhome_1/network/lib; /usr/bin/make -f ins_net_client.mk client_sharedlib ORACLE_HOME=/u01/app/oracle/product/12.1.0.1/dbhome_1 || echo REMOTE_MAKE_FAILED::>&2 

Running command on remote node 'node2': 
cd /u01/app/oracle/product/12.1.0.1/dbhome_1/rdbms/lib; /usr/bin/make -f ins_rdbms.mk client_sharedlib ORACLE_HOME=/u01/app/oracle/product/12.1.0.1/dbhome_1 || echo REMOTE_MAKE_FAILED::>&2 

Running command on remote node 'node2': 
cd /u01/app/oracle/product/12.1.0.1/dbhome_1/rdbms/lib; /usr/bin/make -f ins_rdbms.mk iamdu ORACLE_HOME=/u01/app/oracle/product/12.1.0.1/dbhome_1 || echo REMOTE_MAKE_FAILED::>&2 

Running command on remote node 'node2': 
cd /u01/app/oracle/product/12.1.0.1/dbhome_1/rdbms/lib; /usr/bin/make -f ins_rdbms.mk ikfod ORACLE_HOME=/u01/app/oracle/product/12.1.0.1/dbhome_1 || echo REMOTE_MAKE_FAILED::>&2 

Running command on remote node 'node2': 
cd /u01/app/oracle/product/12.1.0.1/dbhome_1/rdbms/lib; /usr/bin/make -f ins_rdbms.mk irenamedg ORACLE_HOME=/u01/app/oracle/product/12.1.0.1/dbhome_1 || echo REMOTE_MAKE_FAILED::>&2 

Running command on remote node 'node2': 
cd /u01/app/oracle/product/12.1.0.1/dbhome_1/rdbms/lib; /usr/bin/make -f ins_rdbms.mk ikfed ORACLE_HOME=/u01/app/oracle/product/12.1.0.1/dbhome_1 || echo REMOTE_MAKE_FAILED::>&2 

Running command on remote node 'node2': 
cd /u01/app/oracle/product/12.1.0.1/dbhome_1/rdbms/lib; /usr/bin/make -f ins_rdbms.mk ioracle ORACLE_HOME=/u01/app/oracle/product/12.1.0.1/dbhome_1 || echo REMOTE_MAKE_FAILED::>&2 

Running command on remote node 'node2': 
cd /u01/app/oracle/product/12.1.0.1/dbhome_1/rdbms/lib; /usr/bin/make -f ins_rdbms.mk iplshprof ORACLE_HOME=/u01/app/oracle/product/12.1.0.1/dbhome_1 || echo REMOTE_MAKE_FAILED::>&2 

Running command on remote node 'node2': 
cd /u01/app/oracle/product/12.1.0.1/dbhome_1/rdbms/lib; /usr/bin/make -f ins_rdbms.mk iextproc ORACLE_HOME=/u01/app/oracle/product/12.1.0.1/dbhome_1 || echo REMOTE_MAKE_FAILED::>&2 

Running command on remote node 'node2': 
cd /u01/app/oracle/product/12.1.0.1/dbhome_1/rdbms/lib; /usr/bin/make -f ins_rdbms.mk irman ORACLE_HOME=/u01/app/oracle/product/12.1.0.1/dbhome_1 || echo REMOTE_MAKE_FAILED::>&2 


All nodes have been patched.  You may start Oracle instances on the local system and nodes 'node2' 

There were relinks on remote nodes.  Remember to check the binary size and timestamp on the nodes 'node2' .
The following make commands were invoked on remote nodes:
'cd /u01/app/oracle/product/12.1.0.1/dbhome_1/network/lib; /usr/bin/make -f ins_net_client.mk client_sharedlib ORACLE_HOME=/u01/app/oracle/product/12.1.0.1/dbhome_1
cd /u01/app/oracle/product/12.1.0.1/dbhome_1/rdbms/lib; /usr/bin/make -f ins_rdbms.mk client_sharedlib ORACLE_HOME=/u01/app/oracle/product/12.1.0.1/dbhome_1
cd /u01/app/oracle/product/12.1.0.1/dbhome_1/rdbms/lib; /usr/bin/make -f ins_rdbms.mk iamdu ORACLE_HOME=/u01/app/oracle/product/12.1.0.1/dbhome_1
cd /u01/app/oracle/product/12.1.0.1/dbhome_1/rdbms/lib; /usr/bin/make -f ins_rdbms.mk ikfod ORACLE_HOME=/u01/app/oracle/product/12.1.0.1/dbhome_1
cd /u01/app/oracle/product/12.1.0.1/dbhome_1/rdbms/lib; /usr/bin/make -f ins_rdbms.mk irenamedg ORACLE_HOME=/u01/app/oracle/product/12.1.0.1/dbhome_1
cd /u01/app/oracle/product/12.1.0.1/dbhome_1/rdbms/lib; /usr/bin/make -f ins_rdbms.mk ikfed ORACLE_HOME=/u01/app/oracle/product/12.1.0.1/dbhome_1
cd /u01/app/oracle/product/12.1.0.1/dbhome_1/rdbms/lib; /usr/bin/make -f ins_rdbms.mk ioracle ORACLE_HOME=/u01/app/oracle/product/12.1.0.1/dbhome_1
cd /u01/app/oracle/product/12.1.0.1/dbhome_1/network/lib; /usr/bin/make -f ins_net_client.mk client_sharedlib ORACLE_HOME=/u01/app/oracle/product/12.1.0.1/dbhome_1
cd /u01/app/oracle/product/12.1.0.1/dbhome_1/rdbms/lib; /usr/bin/make -f ins_rdbms.mk iplshprof ORACLE_HOME=/u01/app/oracle/product/12.1.0.1/dbhome_1
cd /u01/app/oracle/product/12.1.0.1/dbhome_1/rdbms/lib; /usr/bin/make -f ins_rdbms.mk iextproc ORACLE_HOME=/u01/app/oracle/product/12.1.0.1/dbhome_1
cd /u01/app/oracle/product/12.1.0.1/dbhome_1/rdbms/lib; /usr/bin/make -f ins_rdbms.mk irman ORACLE_HOME=/u01/app/oracle/product/12.1.0.1/dbhome_1
'

Patch 17552800 successfully applied
Log file location: /u01/app/oracle/product/12.1.0.1/dbhome_1/cfgtoollogs/opatch/17552800_Feb_03_2014_07_45_37/apply2014-02-03_07-45-37AM_1.log

OPatch succeeded.
============
============
all task finished
well done, oracle grid and database installed
system ready to create a database
