rm -f virtualbox/oracle7-httpd.box
packer build -only=virtualbox oracle7-httpd.json
[1;32mvirtualbox output will be in this color.[0m

[1;32m==> virtualbox: Downloading or copying Guest additions[0m
[0;32m    virtualbox: Downloading or copying: file:///Applications/VirtualBox.app/Contents/MacOS/VBoxGuestAdditions.iso[0m
[1;32m==> virtualbox: Downloading or copying ISO[0m
[0;32m    virtualbox: Downloading or copying: http://ftp.icm.edu.pl/pub/Linux/dist/oracle-linux/OL7/u1/x86_64/OracleLinux-R7-U1-Server-x86_64-dvd.iso[0m
[1;32m==> virtualbox: Starting HTTP server on port 18081[0m
[1;32m==> virtualbox: Creating virtual machine...[0m
[1;32m==> virtualbox: Creating hard drive...[0m
[1;32m==> virtualbox: Creating forwarded port mapping for SSH (host port 3553)[0m
[1;32m==> virtualbox: Executing custom VBoxManage commands...[0m
[0;32m    virtualbox: Executing: modifyvm oracle7-httpd --vram 32[0m
[0;32m    virtualbox: Executing: modifyvm oracle7-httpd --memory 4096[0m
[1;32m==> virtualbox: Starting the virtual machine...[0m
[1;32m==> virtualbox: Waiting 5s for boot...[0m
[1;32m==> virtualbox: Typing the boot command...[0m
[1;32m==> virtualbox: Waiting for SSH to become available...[0m
[1;32m==> virtualbox: Connected to SSH![0m
[1;32m==> virtualbox: Uploading VirtualBox version info (4.3.26)[0m
[1;32m==> virtualbox: Uploading VirtualBox guest additions ISO...[0m
[1;32m==> virtualbox: Uploading proxy.env => /root/proxy.env[0m
[1;32m==> virtualbox: Pausing 1s before the next provisioner...[0m
[1;32m==> virtualbox: Provisioning with shell script: /var/folders/vh/plvhbdqx35ncp68sk1jvs0s80000gp/T/packer-shell146520614[0m
[0;32m    virtualbox: ol7_UEKR3        | 1.2 kB     00:00[0m
[0;32m    virtualbox: ol7_addons       | 1.2 kB     00:00[0m
[0;32m    virtualbox: ol7_latest       | 1.4 kB     00:00[0m
[0;32m    virtualbox: ol7_optional_lat | 1.2 kB     00:00[0m
[0;32m    virtualbox: (1/9): ol7_UEKR3/x |  30 kB   00:00[0m
[0;32m    virtualbox: (2/9): ol7_latest/ | 360 kB   00:00[0m
[0;32m    virtualbox: (3/9): ol7_addons/ | 3.3 kB   00:00[0m
[0;32m    virtualbox: (4/9): ol7_optiona | 269 kB   00:00[0m
[0;32m    virtualbox: (5/9): ol7_addons/ |  21 kB   00:00[0m
[0;32m    virtualbox: (6/9): ol7_latest/ | 652 kB   00:00[0m
[0;32m    virtualbox: (7/9): ol7_optiona | 2.2 MB   00:00[0m
[0;32m    virtualbox: (8/9): ol7_UEKR3/x | 6.9 MB   00:00[0m
[0;32m    virtualbox: (9/9): ol7_latest/ | 8.9 MB   00:00[0m
[0;32m    virtualbox: ol7_UEKR3                       167/167[0m
[0;32m    virtualbox: ol7_addons                        65/65[0m
[0;32m    virtualbox: ol7_latest                    9372/9372[0m
[0;32m    virtualbox: ol7_optional_latest           7396/7396[0m
[0;32m    virtualbox: Resolving Dependencies[0m
[0;32m    virtualbox: --> Running transaction check[0m
[0;32m    virtualbox: ---> Package bind-libs-lite.x86_64 32:9.9.4-18.el7 will be updated[0m
[0;32m    virtualbox: ---> Package bind-libs-lite.x86_64 32:9.9.4-18.el7_1.1 will be an update[0m
[0;32m    virtualbox: ---> Package bind-license.noarch 32:9.9.4-18.el7 will be updated[0m
[0;32m    virtualbox: ---> Package bind-license.noarch 32:9.9.4-18.el7_1.1 will be an update[0m
[0;32m    virtualbox: ---> Package binutils.x86_64 0:2.23.52.0.1-30.el7 will be updated[0m
[0;32m    virtualbox: ---> Package binutils.x86_64 0:2.23.52.0.1-30.el7_1.1 will be an update[0m
[0;32m    virtualbox: ---> Package dnsmasq.x86_64 0:2.66-12.el7 will be updated[0m
[0;32m    virtualbox: ---> Package dnsmasq.x86_64 0:2.66-13.el7_1 will be an update[0m
[0;32m    virtualbox: ---> Package dracut.x86_64 0:033-240.0.1.el7 will be updated[0m
[0;32m    virtualbox: ---> Package dracut.x86_64 0:033-241.0.1.el7_1.1 will be an update[0m
[0;32m    virtualbox: ---> Package dracut-config-rescue.x86_64 0:033-240.0.1.el7 will be updated[0m
[0;32m    virtualbox: ---> Package dracut-config-rescue.x86_64 0:033-241.0.1.el7_1.1 will be an update[0m
[0;32m    virtualbox: ---> Package dracut-network.x86_64 0:033-240.0.1.el7 will be updated[0m
[0;32m    virtualbox: ---> Package dracut-network.x86_64 0:033-241.0.1.el7_1.1 will be an update[0m
[0;32m    virtualbox: ---> Package freetype.x86_64 0:2.4.11-9.el7 will be updated[0m
[0;32m    virtualbox: ---> Package freetype.x86_64 0:2.4.11-10.el7_1.1 will be an update[0m
[0;32m    virtualbox: ---> Package libgudev1.x86_64 0:208-20.0.1.el7 will be updated[0m
[0;32m    virtualbox: ---> Package libgudev1.x86_64 0:208-20.0.1.el7_1.2 will be an update[0m
[0;32m    virtualbox: ---> Package libxml2.x86_64 0:2.9.1-5.0.1.el7_0.1 will be updated[0m
[0;32m    virtualbox: ---> Package libxml2.x86_64 0:2.9.1-5.0.1.el7_1.2 will be an update[0m
[0;32m    virtualbox: ---> Package libxml2-python.x86_64 0:2.9.1-5.0.1.el7_0.1 will be updated[0m
[0;32m    virtualbox: ---> Package libxml2-python.x86_64 0:2.9.1-5.0.1.el7_1.2 will be an update[0m
[0;32m    virtualbox: ---> Package openssl.x86_64 1:1.0.1e-42.el7 will be updated[0m
[0;32m    virtualbox: ---> Package openssl.x86_64 1:1.0.1e-42.el7_1.4 will be an update[0m
[0;32m    virtualbox: ---> Package openssl-libs.x86_64 1:1.0.1e-42.el7 will be updated[0m
[0;32m    virtualbox: ---> Package openssl-libs.x86_64 1:1.0.1e-42.el7_1.4 will be an update[0m
[0;32m    virtualbox: ---> Package systemd.x86_64 0:208-20.0.1.el7 will be updated[0m
[0;32m    virtualbox: ---> Package systemd.x86_64 0:208-20.0.1.el7_1.2 will be an update[0m
[0;32m    virtualbox: ---> Package systemd-libs.x86_64 0:208-20.0.1.el7 will be updated[0m
[0;32m    virtualbox: ---> Package systemd-libs.x86_64 0:208-20.0.1.el7_1.2 will be an update[0m
[0;32m    virtualbox: ---> Package systemd-sysv.x86_64 0:208-20.0.1.el7 will be updated[0m
[0;32m    virtualbox: ---> Package systemd-sysv.x86_64 0:208-20.0.1.el7_1.2 will be an update[0m
[0;32m    virtualbox: ---> Package tzdata.noarch 0:2015a-1.el7 will be updated[0m
[0;32m    virtualbox: ---> Package tzdata.noarch 0:2015b-1.el7 will be an update[0m
[0;32m    virtualbox: ---> Package unzip.x86_64 0:6.0-13.el7 will be updated[0m
[0;32m    virtualbox: ---> Package unzip.x86_64 0:6.0-15.el7 will be an update[0m
[0;32m    virtualbox: --> Finished Dependency Resolution[0m
[0;32m    virtualbox:[0m
[0;32m    virtualbox: Dependencies Resolved[0m
[0;32m    virtualbox:[0m
[0;32m    virtualbox: ========================================[0m
[0;32m    virtualbox: Package      Arch   Version[0m
[0;32m    virtualbox: Repository  Size[0m
[0;32m    virtualbox: ========================================[0m
[0;32m    virtualbox: Updating:[0m
[0;32m    virtualbox: bind-libs-lite[0m
[0;32m    virtualbox: x86_64 32:9.9.4-18.el7_1.1[0m
[0;32m    virtualbox: ol7_latest 712 k[0m
[0;32m    virtualbox: bind-license noarch 32:9.9.4-18.el7_1.1[0m
[0;32m    virtualbox: ol7_latest  79 k[0m
[0;32m    virtualbox: binutils     x86_64 2.23.52.0.1-30.el7_1.1[0m
[0;32m    virtualbox: ol7_latest 5.0 M[0m
[0;32m    virtualbox: dnsmasq      x86_64 2.66-13.el7_1[0m
[0;32m    virtualbox: ol7_latest 228 k[0m
[0;32m    virtualbox: dracut       x86_64 033-241.0.1.el7_1.1[0m
[0;32m    virtualbox: ol7_latest 300 k[0m
[0;32m    virtualbox: dracut-config-rescue[0m
[0;32m    virtualbox: x86_64 033-241.0.1.el7_1.1[0m
[0;32m    virtualbox: ol7_latest  44 k[0m
[0;32m    virtualbox: dracut-network[0m
[0;32m    virtualbox: x86_64 033-241.0.1.el7_1.1[0m
[0;32m    virtualbox: ol7_latest  82 k[0m
[0;32m    virtualbox: freetype     x86_64 2.4.11-10.el7_1.1[0m
[0;32m    virtualbox: ol7_latest 390 k[0m
[0;32m    virtualbox: libgudev1    x86_64 208-20.0.1.el7_1.2[0m
[0;32m    virtualbox: ol7_latest  55 k[0m
[0;32m    virtualbox: libxml2      x86_64 2.9.1-5.0.1.el7_1.2[0m
[0;32m    virtualbox: ol7_latest 664 k[0m
[0;32m    virtualbox: libxml2-python[0m
[0;32m    virtualbox: x86_64 2.9.1-5.0.1.el7_1.2[0m
[0;32m    virtualbox: ol7_latest 244 k[0m
[0;32m    virtualbox: openssl      x86_64 1:1.0.1e-42.el7_1.4[0m
[0;32m    virtualbox: ol7_latest 709 k[0m
[0;32m    virtualbox: openssl-libs x86_64 1:1.0.1e-42.el7_1.4[0m
[0;32m    virtualbox: ol7_latest 947 k[0m
[0;32m    virtualbox: systemd      x86_64 208-20.0.1.el7_1.2[0m
[0;32m    virtualbox: ol7_latest 2.6 M[0m
[0;32m    virtualbox: systemd-libs x86_64 208-20.0.1.el7_1.2[0m
[0;32m    virtualbox: ol7_latest 161 k[0m
[0;32m    virtualbox: systemd-sysv x86_64 208-20.0.1.el7_1.2[0m
[0;32m    virtualbox: ol7_latest  43 k[0m
[0;32m    virtualbox: tzdata       noarch 2015b-1.el7[0m
[0;32m    virtualbox: ol7_latest 434 k[0m
[0;32m    virtualbox: unzip        x86_64 6.0-15.el7[0m
[0;32m    virtualbox: ol7_latest 166 k[0m
[0;32m    virtualbox:[0m
[0;32m    virtualbox: Transaction Summary[0m
[0;32m    virtualbox: ========================================[0m
[0;32m    virtualbox: Upgrade  18 Packages[0m
[0;32m    virtualbox:[0m
[0;32m    virtualbox: Total download size: 13 M[0m
[0;32m    virtualbox: Downloading packages:[0m
[0;32m    virtualbox: No Presto metadata available for ol7_latest[0m
[0;32m    virtualbox: (1/18): bind-licen |  79 kB   00:00[0m
[0;32m    virtualbox: (2/18): bind-libs- | 712 kB   00:00[0m
[0;32m    virtualbox: (3/18): dnsmasq-2. | 228 kB   00:00[0m
[0;32m    virtualbox: (4/18): dracut-033 | 300 kB   00:00[0m
[0;32m    virtualbox: (5/18): dracut-con |  44 kB   00:00[0m
[0;32m    virtualbox: (6/18): dracut-net |  82 kB   00:00[0m
[0;32m    virtualbox: (7/18): freetype-2 | 390 kB   00:00[0m
[0;32m    virtualbox: (8/18): libgudev1- |  55 kB   00:00[0m
[0;32m    virtualbox: (9/18): libxml2-2. | 664 kB   00:00[0m
[0;32m    virtualbox: (10/18): libxml2-p | 244 kB   00:00[0m
[0;32m    virtualbox: (11/18): binutils- | 5.0 MB   00:00[0m
[0;32m    virtualbox: (12/18): openssl-1 | 709 kB   00:00[0m
[0;32m    virtualbox: (13/18): openssl-l | 947 kB   00:00[0m
[0;32m    virtualbox: (14/18): systemd-l | 161 kB   00:00[0m
[0;32m    virtualbox: (15/18): systemd-s |  43 kB   00:00[0m
[0;32m    virtualbox: (16/18): tzdata-20 | 434 kB   00:00[0m
[0;32m    virtualbox: (17/18): unzip-6.0 | 166 kB   00:00[0m
[0;32m    virtualbox: (18/18): systemd-2 | 2.6 MB   00:00[0m
[0;32m    virtualbox: ----------------------------------------[0m
[0;32m    virtualbox: Total       20 MB/s |  13 MB  00:00[0m
[0;32m    virtualbox: Running transaction check[0m
[0;32m    virtualbox: Running transaction test[0m
[0;32m    virtualbox: Transaction test succeeded[0m
[0;32m    virtualbox: Running transaction[0m
[0;32m    virtualbox:   Updating   : libxml2-2.9.1-5.    1/36[0m
[0;32m    virtualbox:   Updating   : systemd-libs-208    2/36[0m
[0;32m    virtualbox:   Updating   : systemd-208-20.0    3/36[0m
[0;32m    virtualbox:   Updating   : dracut-033-241.0    4/36[0m
[0;32m    virtualbox:   Updating   : 1:openssl-libs-1    5/36[0m
[0;32m    virtualbox:   Updating   : systemd-sysv-208    6/36[0m
[0;32m    virtualbox:   Updating   : 32:bind-license-    7/36[0m
[0;32m    virtualbox:   Updating   : 32:bind-libs-lit    8/36[0m
[0;32m    virtualbox:   Updating   : dnsmasq-2.66-13.    9/36[0m
[0;32m    virtualbox:   Updating   : 1:openssl-1.0.1e   10/36[0m
[0;32m    virtualbox:   Updating   : dracut-network-0   11/36[0m
[0;32m    virtualbox:   Updating   : dracut-config-re   12/36[0m
[0;32m    virtualbox:   Updating   : libgudev1-208-20   13/36[0m
[0;32m    virtualbox:   Updating   : libxml2-python-2   14/36[0m
[0;32m    virtualbox:   Updating   : unzip-6.0-15.el7   15/36[0m
[0;32m    virtualbox:   Updating   : freetype-2.4.11-   16/36[0m
[0;32m    virtualbox:   Updating   : binutils-2.23.52   17/36[0m
[0;32m    virtualbox:   Updating   : tzdata-2015b-1.e   18/36[0m
[0;32m    virtualbox: Cleanup    : dracut-config-re   19/36[0m
[0;32m    virtualbox: Cleanup    : dracut-network-0   20/36[0m
[0;32m    virtualbox: Cleanup    : 32:bind-libs-lit   21/36[0m
[0;32m    virtualbox: Cleanup    : dnsmasq-2.66-12.   22/36[0m
[0;32m    virtualbox: Cleanup    : libgudev1-208-20   23/36[0m
[0;32m    virtualbox: Cleanup    : systemd-sysv-208   24/36[0m
[0;32m    virtualbox: Cleanup    : dracut-033-240.0   25/36[0m
[0;32m    virtualbox: Cleanup    : systemd-208-20.0   26/36[0m
[0;32m    virtualbox: Cleanup    : 1:openssl-1.0.1e   27/36[0m
[0;32m    virtualbox: Cleanup    : libxml2-python-2   28/36[0m
[0;32m    virtualbox: Cleanup    : 32:bind-license-   29/36[0m
[0;32m    virtualbox: Cleanup    : tzdata-2015a-1.e   30/36[0m
[0;32m    virtualbox: Cleanup    : libxml2-2.9.1-5.   31/36[0m
[0;32m    virtualbox: Cleanup    : 1:openssl-libs-1   32/36[0m
[0;32m    virtualbox: Cleanup    : systemd-libs-208   33/36[0m
[0;32m    virtualbox: Cleanup    : unzip-6.0-13.el7   34/36[0m
[0;32m    virtualbox: Cleanup    : freetype-2.4.11-   35/36[0m
[0;32m    virtualbox: Cleanup    : binutils-2.23.52   36/36[0m
[0;32m    virtualbox: Verifying  : libxml2-python-2    1/36[0m
[0;32m    virtualbox: Verifying  : dracut-033-241.0    2/36[0m
[0;32m    virtualbox: Verifying  : tzdata-2015b-1.e    3/36[0m
[0;32m    virtualbox: Verifying  : binutils-2.23.52    4/36[0m
[0;32m    virtualbox: Verifying  : dracut-network-0    5/36[0m
[0;32m    virtualbox: Verifying  : dracut-config-re    6/36[0m
[0;32m    virtualbox: Verifying  : libgudev1-208-20    7/36[0m
[0;32m    virtualbox: Verifying  : 32:bind-license-    8/36[0m
[0;32m    virtualbox: Verifying  : freetype-2.4.11-    9/36[0m
[0;32m    virtualbox: Verifying  : 1:openssl-libs-1   10/36[0m
[0;32m    virtualbox: Verifying  : systemd-libs-208   11/36[0m
[0;32m    virtualbox: Verifying  : 32:bind-libs-lit   12/36[0m
[0;32m    virtualbox: Verifying  : systemd-208-20.0   13/36[0m
[0;32m    virtualbox: Verifying  : 1:openssl-1.0.1e   14/36[0m
[0;32m    virtualbox: Verifying  : unzip-6.0-15.el7   15/36[0m
[0;32m    virtualbox: Verifying  : systemd-sysv-208   16/36[0m
[0;32m    virtualbox: Verifying  : libxml2-2.9.1-5.   17/36[0m
[0;32m    virtualbox: Verifying  : dnsmasq-2.66-13.   18/36[0m
[0;32m    virtualbox: Verifying  : 32:bind-license-   19/36[0m
[0;32m    virtualbox: Verifying  : dracut-config-re   20/36[0m
[0;32m    virtualbox: Verifying  : systemd-libs-208   21/36[0m
[0;32m    virtualbox: Verifying  : systemd-sysv-208   22/36[0m
[0;32m    virtualbox: Verifying  : 1:openssl-1.0.1e   23/36[0m
[0;32m    virtualbox: Verifying  : libxml2-python-2   24/36[0m
[0;32m    virtualbox: Verifying  : unzip-6.0-13.el7   25/36[0m
[0;32m    virtualbox: Verifying  : 32:bind-libs-lit   26/36[0m
[0;32m    virtualbox: Verifying  : libxml2-2.9.1-5.   27/36[0m
[0;32m    virtualbox: Verifying  : dracut-033-240.0   28/36[0m
[0;32m    virtualbox: Verifying  : dnsmasq-2.66-12.   29/36[0m
[0;32m    virtualbox: Verifying  : freetype-2.4.11-   30/36[0m
[0;32m    virtualbox: Verifying  : 1:openssl-libs-1   31/36[0m
[0;32m    virtualbox: Verifying  : dracut-network-0   32/36[0m
[0;32m    virtualbox: Verifying  : libgudev1-208-20   33/36[0m
[0;32m    virtualbox: Verifying  : binutils-2.23.52   34/36[0m
[0;32m    virtualbox: Verifying  : tzdata-2015a-1.e   35/36[0m
[0;32m    virtualbox: Verifying  : systemd-208-20.0   36/36[0m
[0;32m    virtualbox:[0m
[0;32m    virtualbox: Updated:[0m
[0;32m    virtualbox: bind-libs-lite.x86_64 32:9.9.4-18.el7_1.1[0m
[0;32m    virtualbox: bind-license.noarch 32:9.9.4-18.el7_1.1[0m
[0;32m    virtualbox: binutils.x86_64 0:2.23.52.0.1-30.el7_1.1[0m
[0;32m    virtualbox: dnsmasq.x86_64 0:2.66-13.el7_1[0m
[0;32m    virtualbox: dracut.x86_64 0:033-241.0.1.el7_1.1[0m
[0;32m    virtualbox: dracut-config-rescue.x86_64 0:033-241.0.1.el7_1.1[0m
[0;32m    virtualbox: dracut-network.x86_64 0:033-241.0.1.el7_1.1[0m
[0;32m    virtualbox: freetype.x86_64 0:2.4.11-10.el7_1.1[0m
[0;32m    virtualbox: libgudev1.x86_64 0:208-20.0.1.el7_1.2[0m
[0;32m    virtualbox: libxml2.x86_64 0:2.9.1-5.0.1.el7_1.2[0m
[0;32m    virtualbox: libxml2-python.x86_64 0:2.9.1-5.0.1.el7_1.2[0m
[0;32m    virtualbox: openssl.x86_64 1:1.0.1e-42.el7_1.4[0m
[0;32m    virtualbox: openssl-libs.x86_64 1:1.0.1e-42.el7_1.4[0m
[0;32m    virtualbox: systemd.x86_64 0:208-20.0.1.el7_1.2[0m
[0;32m    virtualbox: systemd-libs.x86_64 0:208-20.0.1.el7_1.2[0m
[0;32m    virtualbox: systemd-sysv.x86_64 0:208-20.0.1.el7_1.2[0m
[0;32m    virtualbox: tzdata.noarch 0:2015b-1.el7[0m
[0;32m    virtualbox: unzip.x86_64 0:6.0-15.el7[0m
[0;32m    virtualbox:[0m
[0;32m    virtualbox: Complete![0m
[0;32m    virtualbox: epel-release-lat |  14 kB     00:00[0m
[0;32m    virtualbox: Examining /var/tmp/yum-root-omfX3I/epel-release-latest-7.noarch.rpm: epel-release-7-5.noarch[0m
[0;32m    virtualbox: Marking /var/tmp/yum-root-omfX3I/epel-release-latest-7.noarch.rpm to be installed[0m
[0;32m    virtualbox: Resolving Dependencies[0m
[0;32m    virtualbox: --> Running transaction check[0m
[0;32m    virtualbox: ---> Package epel-release.noarch 0:7-5 will be installed[0m
[0;32m    virtualbox: --> Finished Dependency Resolution[0m
[0;32m    virtualbox:[0m
[0;32m    virtualbox: Dependencies Resolved[0m
[0;32m    virtualbox:[0m
[0;32m    virtualbox: ========================================[0m
[0;32m    virtualbox: Package      Arch   Version[0m
[0;32m    virtualbox: Repository[0m
[0;32m    virtualbox: Size[0m
[0;32m    virtualbox: ========================================[0m
[0;32m    virtualbox: Installing:[0m
[0;32m    virtualbox: [1mepel-release(B[m noarch 7-5 /epel-release-latest-7.noarch[0m
[0;32m    virtualbox: 24 k[0m
[0;32m    virtualbox:[0m
[0;32m    virtualbox: Transaction Summary[0m
[0;32m    virtualbox: ========================================[0m
[0;32m    virtualbox: Install  1 Package[0m
[0;32m    virtualbox:[0m
[0;32m    virtualbox: Total size: 24 k[0m
[0;32m    virtualbox: Installed size: 24 k[0m
[0;32m    virtualbox: Downloading packages:[0m
[0;32m    virtualbox: Running transaction check[0m
[0;32m    virtualbox: Running transaction test[0m
[0;32m    virtualbox: Transaction test succeeded[0m
[0;32m    virtualbox: Running transaction[0m
[0;32m    virtualbox:   Installing : epel-release-7-5.n   1/1[0m
[0;32m    virtualbox: Verifying  : epel-release-7-5.n   1/1[0m
[0;32m    virtualbox:[0m
[0;32m    virtualbox: Installed:[0m
[0;32m    virtualbox: epel-release.noarch 0:7-5[0m
[0;32m    virtualbox:[0m
[0;32m    virtualbox: Complete![0m
[0;32m    virtualbox: Cleaning repos: epel ol7_UEKR3[0m
[0;32m    virtualbox: ...: ol7_addons ol7_latest[0m
[0;32m    virtualbox: ...: ol7_optional_latest[0m
[0;32m    virtualbox: Cleaning up everything[0m
[0;32m    virtualbox: ============== repo: epel ==============[0m
[0;32m    virtualbox: [epel][0m
[0;32m    virtualbox: async = True[0m
[0;32m    virtualbox: bandwidth = 0[0m
[0;32m    virtualbox: base_persistdir = /var/lib/yum/repos/x86_64/7Server[0m
[0;32m    virtualbox: baseurl =[0m
[0;32m    virtualbox: cache = 0[0m
[0;32m    virtualbox: cachedir = /var/cache/yum/x86_64/7Server/epel[0m
[0;32m    virtualbox: check_config_file_age = True[0m
[0;32m    virtualbox: cost = 1000[0m
[0;32m    virtualbox: deltarpm_metadata_percentage = 100[0m
[0;32m    virtualbox: deltarpm_percentage =[0m
[0;32m    virtualbox: enabled = 0[0m
[0;32m    virtualbox: enablegroups = True[0m
[0;32m    virtualbox: exclude =[0m
[0;32m    virtualbox: failovermethod = priority[0m
[0;32m    virtualbox: gpgcadir = /var/lib/yum/repos/x86_64/7Server/epel/gpgcadir[0m
[0;32m    virtualbox: gpgcakey =[0m
[0;32m    virtualbox: gpgcheck = True[0m
[0;32m    virtualbox: gpgdir = /var/lib/yum/repos/x86_64/7Server/epel/gpgdir[0m
[0;32m    virtualbox: gpgkey = file:///etc/pki/rpm-gpg/RPM-GPG-KEY-EPEL-7[0m
[0;32m    virtualbox: hdrdir = /var/cache/yum/x86_64/7Server/epel/headers[0m
[0;32m    virtualbox: http_caching = all[0m
[0;32m    virtualbox: includepkgs =[0m
[0;32m    virtualbox: ip_resolve =[0m
[0;32m    virtualbox: keepalive = True[0m
[0;32m    virtualbox: keepcache = False[0m
[0;32m    virtualbox: mddownloadpolicy = sqlite[0m
[0;32m    virtualbox: mdpolicy = group:small[0m
[0;32m    virtualbox: mediaid =[0m
[0;32m    virtualbox: metadata_expire = 21600[0m
[0;32m    virtualbox: metadata_expire_filter = read-only:present[0m
[0;32m    virtualbox: metalink =[0m
[0;32m    virtualbox: minrate = 0[0m
[0;32m    virtualbox: mirrorlist = https://mirrors.fedoraproject.org/metalink?repo=epel-7&arch=x86_64[0m
[0;32m    virtualbox: mirrorlist_expire = 86400[0m
[0;32m    virtualbox: name = Extra Packages for Enterprise Linux 7 - x86_64[0m
[0;32m    virtualbox: old_base_cache_dir =[0m
[0;32m    virtualbox: password =[0m
[0;32m    virtualbox: persistdir = /var/lib/yum/repos/x86_64/7Server/epel[0m
[0;32m    virtualbox: pkgdir = /var/cache/yum/x86_64/7Server/epel/packages[0m
[0;32m    virtualbox: proxy = False[0m
[0;32m    virtualbox: proxy_dict =[0m
[0;32m    virtualbox: proxy_password =[0m
[0;32m    virtualbox: proxy_username =[0m
[0;32m    virtualbox: repo_gpgcheck = False[0m
[0;32m    virtualbox: retries = 10[0m
[0;32m    virtualbox: skip_if_unavailable = False[0m
[0;32m    virtualbox: ssl_check_cert_permissions = True[0m
[0;32m    virtualbox: sslcacert =[0m
[0;32m    virtualbox: sslclientcert =[0m
[0;32m    virtualbox: sslclientkey =[0m
[0;32m    virtualbox: sslverify = True[0m
[0;32m    virtualbox: throttle = 0[0m
[0;32m    virtualbox: timeout = 30.0[0m
[0;32m    virtualbox: ui_id = epel/x86_64[0m
[0;32m    virtualbox: ui_repoid_vars = releasever,[0m
[0;32m    virtualbox: basearch[0m
[0;32m    virtualbox: username =[0m
[0;32m    virtualbox:[0m
[1;32m==> virtualbox: Pausing 1s before the next provisioner...[0m
[1;32m==> virtualbox: Provisioning with shell script: /var/folders/vh/plvhbdqx35ncp68sk1jvs0s80000gp/T/packer-shell972962689[0m
[0;32m    virtualbox: Verifying archive integrity... All good.[0m
[0;32m    virtualbox: Uncompressing VirtualBox 4.3.26 Guest Additions for Linux............[0m
[0;32m    virtualbox: VirtualBox Guest Additions installer[0m
[0;32m    virtualbox: Copying additional installer modules ...[0m
[0;32m    virtualbox: Installing additional modules ...[0m
[0;32m    virtualbox: Removing existing VirtualBox non-DKMS kernel modules[60G[[0;32m  OK  [0;39m][0m
[0;32m    virtualbox: Building the VirtualBox Guest Additions kernel modules[0m
[0;32m    virtualbox: Building the main Guest Additions module[60G[[0;32m  OK  [0;39m][0m
[0;32m    virtualbox: Building the shared folder support module[60G[[0;32m  OK  [0;39m][0m
[0;32m    virtualbox: Building the OpenGL support module[60G[[0;32m  OK  [0;39m][0m
[0;32m    virtualbox: Doing non-kernel setup of the Guest Additions[60G[[0;32m  OK  [0;39m][0m
[0;32m    virtualbox: Starting the VirtualBox Guest Additions [60G[[0;32m  OK  [0;39m][0m
[0;32m    virtualbox: Installing the Window System drivers[0m
[0;32m    virtualbox: Could not find the X.Org or XFree86 Window System, skipping.[0m
[1;32m==> virtualbox: Pausing 1s before the next provisioner...[0m
[1;32m==> virtualbox: Provisioning with shell script: /var/folders/vh/plvhbdqx35ncp68sk1jvs0s80000gp/T/packer-shell440393614[0m
[0;32m    virtualbox: dd: error writing ‘/EMPTY’: No space left on device[0m
[0;32m    virtualbox: 41430+0 records in[0m
[0;32m    virtualbox: 41429+0 records out[0m
[0;32m    virtualbox: 43442135040 bytes (43 GB) copied, 61.0596 s, 711 MB/s[0m
[1;32m==> virtualbox: Pausing 10s before the next provisioner...[0m
[1;32m==> virtualbox: Provisioning with shell script: /var/folders/vh/plvhbdqx35ncp68sk1jvs0s80000gp/T/packer-shell655459415[0m
[0;32m    virtualbox: ol7_UEKR3        | 1.2 kB     00:00[0m
[0;32m    virtualbox: ol7_addons       | 1.2 kB     00:00[0m
[0;32m    virtualbox: ol7_latest       | 1.4 kB     00:00[0m
[0;32m    virtualbox: ol7_optional_lat | 1.2 kB     00:00[0m
[0;32m    virtualbox: (1/9): ol7_UEKR3/x |  30 kB   00:00[0m
[0;32m    virtualbox: (2/9): ol7_latest/ | 360 kB   00:00[0m
[0;32m    virtualbox: (3/9): ol7_addons/ | 3.3 kB   00:00[0m
[0;32m    virtualbox: (4/9): ol7_addons/ |  21 kB   00:00[0m
[0;32m    virtualbox: (5/9): ol7_optiona | 269 kB   00:00[0m
[0;32m    virtualbox: (6/9): ol7_latest/ | 652 kB   00:00[0m
[0;32m    virtualbox: (7/9): ol7_optiona | 2.2 MB   00:00[0m
[0;32m    virtualbox: (8/9): ol7_latest/ | 8.9 MB   00:00[0m
[0;32m    virtualbox: (9/9): ol7_UEKR3/x | 6.9 MB   00:00[0m
[0;32m    virtualbox: ol7_UEKR3                       167/167[0m
[0;32m    virtualbox: ol7_addons                        65/65[0m
[0;32m    virtualbox: ol7_latest                    9372/9372[0m
[0;32m    virtualbox: ol7_optional_latest           7396/7396[0m
[0;32m    virtualbox: Resolving Dependencies[0m
[0;32m    virtualbox: --> Running transaction check[0m
[0;32m    virtualbox: ---> Package httpd.x86_64 0:2.4.6-31.0.1.el7 will be installed[0m
[0;32m    virtualbox: --> Processing Dependency: httpd-tools = 2.4.6-31.0.1.el7 for package: httpd-2.4.6-31.0.1.el7.x86_64[0m
[0;32m    virtualbox: --> Processing Dependency: /etc/mime.types for package: httpd-2.4.6-31.0.1.el7.x86_64[0m
[0;32m    virtualbox: --> Processing Dependency: libaprutil-1.so.0()(64bit) for package: httpd-2.4.6-31.0.1.el7.x86_64[0m
[0;32m    virtualbox: --> Processing Dependency: libapr-1.so.0()(64bit) for package: httpd-2.4.6-31.0.1.el7.x86_64[0m
[0;32m    virtualbox: ---> Package mod_ssl.x86_64 1:2.4.6-31.0.1.el7 will be installed[0m
[0;32m    virtualbox: --> Running transaction check[0m
[0;32m    virtualbox: ---> Package apr.x86_64 0:1.4.8-3.el7 will be installed[0m
[0;32m    virtualbox: ---> Package apr-util.x86_64 0:1.5.2-6.0.1.el7 will be installed[0m
[0;32m    virtualbox: ---> Package httpd-tools.x86_64 0:2.4.6-31.0.1.el7 will be installed[0m
[0;32m    virtualbox: ---> Package mailcap.noarch 0:2.1.41-2.el7 will be installed[0m
[0;32m    virtualbox: --> Finished Dependency Resolution[0m
[0;32m    virtualbox:[0m
[0;32m    virtualbox: Dependencies Resolved[0m
[0;32m    virtualbox:[0m
[0;32m    virtualbox: ========================================[0m
[0;32m    virtualbox: Package     Arch   Version[0m
[0;32m    virtualbox: Repository  Size[0m
[0;32m    virtualbox: ========================================[0m
[0;32m    virtualbox: Installing:[0m
[0;32m    virtualbox: httpd       x86_64 2.4.6-31.0.1.el7[0m
[0;32m    virtualbox: ol7_latest 1.2 M[0m
[0;32m    virtualbox: mod_ssl     x86_64 1:2.4.6-31.0.1.el7[0m
[0;32m    virtualbox: ol7_latest  99 k[0m
[0;32m    virtualbox: Installing for dependencies:[0m
[0;32m    virtualbox: apr         x86_64 1.4.8-3.el7[0m
[0;32m    virtualbox: ol7_latest  99 k[0m
[0;32m    virtualbox: apr-util    x86_64 1.5.2-6.0.1.el7[0m
[0;32m    virtualbox: ol7_latest  91 k[0m
[0;32m    virtualbox: httpd-tools x86_64 2.4.6-31.0.1.el7[0m
[0;32m    virtualbox: ol7_latest  78 k[0m
[0;32m    virtualbox: mailcap     noarch 2.1.41-2.el7[0m
[0;32m    virtualbox: ol7_latest  30 k[0m
[0;32m    virtualbox:[0m
[0;32m    virtualbox: Transaction Summary[0m
[0;32m    virtualbox: ========================================[0m
[0;32m    virtualbox: Install  2 Packages (+4 Dependent packages)[0m
[0;32m    virtualbox:[0m
[0;32m    virtualbox: Total download size: 1.6 M[0m
[0;32m    virtualbox: Installed size: 4.5 M[0m
[0;32m    virtualbox: Downloading packages:[0m
[0;32m    virtualbox: (1/6): apr-1.4.8-3 |  99 kB   00:00[0m
[0;32m    virtualbox: (2/6): apr-util-1. |  91 kB   00:00[0m
[0;32m    virtualbox: (3/6): httpd-2.4.6 | 1.2 MB   00:00[0m
[0;32m    virtualbox: (4/6): httpd-tools |  78 kB   00:00[0m
[0;32m    virtualbox: (5/6): mailcap-2.1 |  30 kB   00:00[0m
[0;32m    virtualbox: (6/6): mod_ssl-2.4 |  99 kB   00:00[0m
[0;32m    virtualbox: ----------------------------------------[0m
[0;32m    virtualbox: Total      1.7 MB/s | 1.6 MB  00:00[0m
[0;32m    virtualbox: Running transaction check[0m
[0;32m    virtualbox: Running transaction test[0m
[0;32m    virtualbox: Transaction test succeeded[0m
[0;32m    virtualbox: Running transaction[0m
[0;32m    virtualbox:   Installing : apr-1.4.8-3.el7.x8   1/6[0m
[0;32m    virtualbox:   Installing : apr-util-1.5.2-6.0   2/6[0m
[0;32m    virtualbox:   Installing : httpd-tools-2.4.6-   3/6[0m
[0;32m    virtualbox:   Installing : mailcap-2.1.41-2.e   4/6[0m
[0;32m    virtualbox:   Installing : httpd-2.4.6-31.0.1   5/6[0m
[0;32m    virtualbox:   Installing : 1:mod_ssl-2.4.6-31   6/6[0m
[0;32m    virtualbox: Verifying  : apr-1.4.8-3.el7.x8   1/6[0m
[0;32m    virtualbox: Verifying  : mailcap-2.1.41-2.e   2/6[0m
[0;32m    virtualbox: Verifying  : 1:mod_ssl-2.4.6-31   3/6[0m
[0;32m    virtualbox: Verifying  : httpd-2.4.6-31.0.1   4/6[0m
[0;32m    virtualbox: Verifying  : apr-util-1.5.2-6.0   5/6[0m
[0;32m    virtualbox: Verifying  : httpd-tools-2.4.6-   6/6[0m
[0;32m    virtualbox:[0m
[0;32m    virtualbox: Installed:[0m
[0;32m    virtualbox: httpd.x86_64 0:2.4.6-31.0.1.el7[0m
[0;32m    virtualbox: mod_ssl.x86_64 1:2.4.6-31.0.1.el7[0m
[0;32m    virtualbox:[0m
[0;32m    virtualbox: Dependency Installed:[0m
[0;32m    virtualbox: apr.x86_64 0:1.4.8-3.el7[0m
[0;32m    virtualbox: apr-util.x86_64 0:1.5.2-6.0.1.el7[0m
[0;32m    virtualbox: httpd-tools.x86_64 0:2.4.6-31.0.1.el7[0m
[0;32m    virtualbox: mailcap.noarch 0:2.1.41-2.el7[0m
[0;32m    virtualbox:[0m
[0;32m    virtualbox: Complete![0m
[1;32m==> virtualbox: Pausing 1s before the next provisioner...[0m
[1;32m==> virtualbox: Provisioning with shell script: /var/folders/vh/plvhbdqx35ncp68sk1jvs0s80000gp/T/packer-shell207582373[0m
[1;32m==> virtualbox: Gracefully halting virtual machine...[0m
[1;32m==> virtualbox: Preparing to export machine...[0m
[0;32m    virtualbox: Deleting forwarded port mapping for SSH (host port 3553)[0m
[1;32m==> virtualbox: Exporting virtual machine...[0m
[0;32m    virtualbox: Executing: export oracle7-httpd --output output-oracle7-httpd-ovf-virtualbox/oracle7-httpd.ovf[0m
[1;32m==> virtualbox: Unregistering and deleting virtual machine...[0m
[1;32m==> virtualbox: Running post-processor: vagrant[0m
[1;32m==> virtualbox (vagrant): Creating Vagrant box for 'virtualbox' provider[0m
[0;32m    virtualbox (vagrant): Copying from artifact: output-oracle7-httpd-ovf-virtualbox/oracle7-httpd-disk1.vmdk[0m
[0;32m    virtualbox (vagrant): Copying from artifact: output-oracle7-httpd-ovf-virtualbox/oracle7-httpd.ovf[0m
[0;32m    virtualbox (vagrant): Renaming the OVF to box.ovf...[0m
[0;32m    virtualbox (vagrant): Compressing: Vagrantfile[0m
[0;32m    virtualbox (vagrant): Compressing: box.ovf[0m
[0;32m    virtualbox (vagrant): Compressing: metadata.json[0m
[0;32m    virtualbox (vagrant): Compressing: oracle7-httpd-disk1.vmdk[0m
[1;32mBuild 'virtualbox' finished.[0m

==> Builds finished. The artifacts of successful builds are:
--> virtualbox: 'virtualbox' provider box: virtualbox/oracle7-httpd.box
rm -f vmware/oracle7-httpd.box
packer build -only=vmware oracle7-httpd.json
[1;32mvmware output will be in this color.[0m

[1;32m==> vmware: Downloading or copying ISO[0m
[0;32m    vmware: Downloading or copying: http://ftp.icm.edu.pl/pub/Linux/dist/oracle-linux/OL7/u1/x86_64/OracleLinux-R7-U1-Server-x86_64-dvd.iso[0m
[1;32m==> vmware: Creating virtual machine disk[0m
[1;32m==> vmware: Building and writing VMX file[0m
[1;32m==> vmware: Starting HTTP server on port 8872[0m
[1;32m==> vmware: Starting virtual machine...[0m
[1;32m==> vmware: Waiting 5s for boot...[0m
[1;32m==> vmware: Connecting to VM via VNC[0m
[1;32m==> vmware: Typing the boot command over VNC...[0m
[1;32m==> vmware: Waiting for SSH to become available...[0m
[1;32m==> vmware: Connected to SSH![0m
[1;32m==> vmware: Uploading the 'linux' VMware Tools[0m
[1;32m==> vmware: Uploading proxy.env => /root/proxy.env[0m
[1;32m==> vmware: Pausing 1s before the next provisioner...[0m
[1;32m==> vmware: Provisioning with shell script: /var/folders/vh/plvhbdqx35ncp68sk1jvs0s80000gp/T/packer-shell197581490[0m
[0;32m    vmware: ol7_UEKR3        | 1.2 kB     00:00[0m
[0;32m    vmware: ol7_addons       | 1.2 kB     00:00[0m
[0;32m    vmware: ol7_latest       | 1.4 kB     00:00[0m
[0;32m    vmware: ol7_optional_lat | 1.2 kB     00:00[0m
[0;32m    vmware: (1/9): ol7_UEKR3/x |  30 kB   00:00[0m
[0;32m    vmware: (2/9): ol7_latest/ | 360 kB   00:00[0m
[0;32m    vmware: (3/9): ol7_addons/ | 3.3 kB   00:00[0m
[0;32m    vmware: (4/9): ol7_optiona | 269 kB   00:00[0m
[0;32m    vmware: (5/9): ol7_addons/ |  21 kB   00:00[0m
[0;32m    vmware: (6/9): ol7_latest/ | 652 kB   00:00[0m
[0;32m    vmware: (7/9): ol7_optiona | 2.2 MB   00:00[0m
[0;32m    vmware: (8/9): ol7_UEKR3/x | 6.9 MB   00:00[0m
[0;32m    vmware: (9/9): ol7_latest/ | 8.9 MB   00:00[0m
[0;32m    vmware: ol7_UEKR3                       167/167[0m
[0;32m    vmware: ol7_addons                        65/65[0m
[0;32m    vmware: ol7_latest                    9372/9372[0m
[0;32m    vmware: ol7_optional_latest           7396/7396[0m
[0;32m    vmware: Resolving Dependencies[0m
[0;32m    vmware: --> Running transaction check[0m
[0;32m    vmware: ---> Package bind-libs-lite.x86_64 32:9.9.4-18.el7 will be updated[0m
[0;32m    vmware: ---> Package bind-libs-lite.x86_64 32:9.9.4-18.el7_1.1 will be an update[0m
[0;32m    vmware: ---> Package bind-license.noarch 32:9.9.4-18.el7 will be updated[0m
[0;32m    vmware: ---> Package bind-license.noarch 32:9.9.4-18.el7_1.1 will be an update[0m
[0;32m    vmware: ---> Package binutils.x86_64 0:2.23.52.0.1-30.el7 will be updated[0m
[0;32m    vmware: ---> Package binutils.x86_64 0:2.23.52.0.1-30.el7_1.1 will be an update[0m
[0;32m    vmware: ---> Package dnsmasq.x86_64 0:2.66-12.el7 will be updated[0m
[0;32m    vmware: ---> Package dnsmasq.x86_64 0:2.66-13.el7_1 will be an update[0m
[0;32m    vmware: ---> Package dracut.x86_64 0:033-240.0.1.el7 will be updated[0m
[0;32m    vmware: ---> Package dracut.x86_64 0:033-241.0.1.el7_1.1 will be an update[0m
[0;32m    vmware: ---> Package dracut-config-rescue.x86_64 0:033-240.0.1.el7 will be updated[0m
[0;32m    vmware: ---> Package dracut-config-rescue.x86_64 0:033-241.0.1.el7_1.1 will be an update[0m
[0;32m    vmware: ---> Package dracut-network.x86_64 0:033-240.0.1.el7 will be updated[0m
[0;32m    vmware: ---> Package dracut-network.x86_64 0:033-241.0.1.el7_1.1 will be an update[0m
[0;32m    vmware: ---> Package freetype.x86_64 0:2.4.11-9.el7 will be updated[0m
[0;32m    vmware: ---> Package freetype.x86_64 0:2.4.11-10.el7_1.1 will be an update[0m
[0;32m    vmware: ---> Package libgudev1.x86_64 0:208-20.0.1.el7 will be updated[0m
[0;32m    vmware: ---> Package libgudev1.x86_64 0:208-20.0.1.el7_1.2 will be an update[0m
[0;32m    vmware: ---> Package libxml2.x86_64 0:2.9.1-5.0.1.el7_0.1 will be updated[0m
[0;32m    vmware: ---> Package libxml2.x86_64 0:2.9.1-5.0.1.el7_1.2 will be an update[0m
[0;32m    vmware: ---> Package libxml2-python.x86_64 0:2.9.1-5.0.1.el7_0.1 will be updated[0m
[0;32m    vmware: ---> Package libxml2-python.x86_64 0:2.9.1-5.0.1.el7_1.2 will be an update[0m
[0;32m    vmware: ---> Package openssl.x86_64 1:1.0.1e-42.el7 will be updated[0m
[0;32m    vmware: ---> Package openssl.x86_64 1:1.0.1e-42.el7_1.4 will be an update[0m
[0;32m    vmware: ---> Package openssl-libs.x86_64 1:1.0.1e-42.el7 will be updated[0m
[0;32m    vmware: ---> Package openssl-libs.x86_64 1:1.0.1e-42.el7_1.4 will be an update[0m
[0;32m    vmware: ---> Package systemd.x86_64 0:208-20.0.1.el7 will be updated[0m
[0;32m    vmware: ---> Package systemd.x86_64 0:208-20.0.1.el7_1.2 will be an update[0m
[0;32m    vmware: ---> Package systemd-libs.x86_64 0:208-20.0.1.el7 will be updated[0m
[0;32m    vmware: ---> Package systemd-libs.x86_64 0:208-20.0.1.el7_1.2 will be an update[0m
[0;32m    vmware: ---> Package systemd-sysv.x86_64 0:208-20.0.1.el7 will be updated[0m
[0;32m    vmware: ---> Package systemd-sysv.x86_64 0:208-20.0.1.el7_1.2 will be an update[0m
[0;32m    vmware: ---> Package tzdata.noarch 0:2015a-1.el7 will be updated[0m
[0;32m    vmware: ---> Package tzdata.noarch 0:2015b-1.el7 will be an update[0m
[0;32m    vmware: ---> Package unzip.x86_64 0:6.0-13.el7 will be updated[0m
[0;32m    vmware: ---> Package unzip.x86_64 0:6.0-15.el7 will be an update[0m
[0;32m    vmware: --> Finished Dependency Resolution[0m
[0;32m    vmware:[0m
[0;32m    vmware: Dependencies Resolved[0m
[0;32m    vmware:[0m
[0;32m    vmware: ========================================[0m
[0;32m    vmware: Package      Arch   Version[0m
[0;32m    vmware: Repository  Size[0m
[0;32m    vmware: ========================================[0m
[0;32m    vmware: Updating:[0m
[0;32m    vmware: bind-libs-lite[0m
[0;32m    vmware: x86_64 32:9.9.4-18.el7_1.1[0m
[0;32m    vmware: ol7_latest 712 k[0m
[0;32m    vmware: bind-license noarch 32:9.9.4-18.el7_1.1[0m
[0;32m    vmware: ol7_latest  79 k[0m
[0;32m    vmware: binutils     x86_64 2.23.52.0.1-30.el7_1.1[0m
[0;32m    vmware: ol7_latest 5.0 M[0m
[0;32m    vmware: dnsmasq      x86_64 2.66-13.el7_1[0m
[0;32m    vmware: ol7_latest 228 k[0m
[0;32m    vmware: dracut       x86_64 033-241.0.1.el7_1.1[0m
[0;32m    vmware: ol7_latest 300 k[0m
[0;32m    vmware: dracut-config-rescue[0m
[0;32m    vmware: x86_64 033-241.0.1.el7_1.1[0m
[0;32m    vmware: ol7_latest  44 k[0m
[0;32m    vmware: dracut-network[0m
[0;32m    vmware: x86_64 033-241.0.1.el7_1.1[0m
[0;32m    vmware: ol7_latest  82 k[0m
[0;32m    vmware: freetype     x86_64 2.4.11-10.el7_1.1[0m
[0;32m    vmware: ol7_latest 390 k[0m
[0;32m    vmware: libgudev1    x86_64 208-20.0.1.el7_1.2[0m
[0;32m    vmware: ol7_latest  55 k[0m
[0;32m    vmware: libxml2      x86_64 2.9.1-5.0.1.el7_1.2[0m
[0;32m    vmware: ol7_latest 664 k[0m
[0;32m    vmware: libxml2-python[0m
[0;32m    vmware: x86_64 2.9.1-5.0.1.el7_1.2[0m
[0;32m    vmware: ol7_latest 244 k[0m
[0;32m    vmware: openssl      x86_64 1:1.0.1e-42.el7_1.4[0m
[0;32m    vmware: ol7_latest 709 k[0m
[0;32m    vmware: openssl-libs x86_64 1:1.0.1e-42.el7_1.4[0m
[0;32m    vmware: ol7_latest 947 k[0m
[0;32m    vmware: systemd      x86_64 208-20.0.1.el7_1.2[0m
[0;32m    vmware: ol7_latest 2.6 M[0m
[0;32m    vmware: systemd-libs x86_64 208-20.0.1.el7_1.2[0m
[0;32m    vmware: ol7_latest 161 k[0m
[0;32m    vmware: systemd-sysv x86_64 208-20.0.1.el7_1.2[0m
[0;32m    vmware: ol7_latest  43 k[0m
[0;32m    vmware: tzdata       noarch 2015b-1.el7[0m
[0;32m    vmware: ol7_latest 434 k[0m
[0;32m    vmware: unzip        x86_64 6.0-15.el7[0m
[0;32m    vmware: ol7_latest 166 k[0m
[0;32m    vmware:[0m
[0;32m    vmware: Transaction Summary[0m
[0;32m    vmware: ========================================[0m
[0;32m    vmware: Upgrade  18 Packages[0m
[0;32m    vmware:[0m
[0;32m    vmware: Total download size: 13 M[0m
[0;32m    vmware: Downloading packages:[0m
[0;32m    vmware: No Presto metadata available for ol7_latest[0m
[0;32m    vmware: (1/18): bind-libs- | 712 kB   00:00[0m
[0;32m    vmware: (2/18): bind-licen |  79 kB   00:00[0m
[0;32m    vmware: (3/18): dnsmasq-2. | 228 kB   00:00[0m
[0;32m    vmware: (4/18): dracut-033 | 300 kB   00:00[0m
[0;32m    vmware: (5/18): dracut-con |  44 kB   00:00[0m
[0;32m    vmware: (6/18): dracut-net |  82 kB   00:00[0m
[0;32m    vmware: (7/18): freetype-2 | 390 kB   00:00[0m
[0;32m    vmware: (8/18): libgudev1- |  55 kB   00:00[0m
[0;32m    vmware: (9/18): libxml2-2. | 664 kB   00:00[0m
[0;32m    vmware: (10/18): libxml2-p | 244 kB   00:00[0m
[0;32m    vmware: (11/18): openssl-1 | 709 kB   00:00[0m
[0;32m    vmware: (12/18): binutils- | 5.0 MB   00:00[0m
[0;32m    vmware: (13/18): openssl-l | 947 kB   00:00[0m
[0;32m    vmware: (14/18): systemd-l | 161 kB   00:00[0m
[0;32m    vmware: (15/18): systemd-s |  43 kB   00:00[0m
[0;32m    vmware: (16/18): tzdata-20 | 434 kB   00:00[0m
[0;32m    vmware: (17/18): unzip-6.0 | 166 kB   00:00[0m
[0;32m    vmware: (18/18): systemd-2 | 2.6 MB   00:00[0m
[0;32m    vmware: ----------------------------------------[0m
[0;32m    vmware: Total       19 MB/s |  13 MB  00:00[0m
[0;32m    vmware: Running transaction check[0m
[0;32m    vmware: Running transaction test[0m
[0;32m    vmware: Transaction test succeeded[0m
[0;32m    vmware: Running transaction[0m
[0;32m    vmware:   Updating   : libxml2-2.9.1-5.    1/36[0m
[0;32m    vmware:   Updating   : systemd-libs-208    2/36[0m
[0;32m    vmware:   Updating   : systemd-208-20.0    3/36[0m
[0;32m    vmware:   Updating   : dracut-033-241.0    4/36[0m
[0;32m    vmware:   Updating   : 1:openssl-libs-1    5/36[0m
[0;32m    vmware:   Updating   : systemd-sysv-208    6/36[0m
[0;32m    vmware:   Updating   : 32:bind-license-    7/36[0m
[0;32m    vmware:   Updating   : 32:bind-libs-lit    8/36[0m
[0;32m    vmware:   Updating   : dnsmasq-2.66-13.    9/36[0m
[0;32m    vmware:   Updating   : 1:openssl-1.0.1e   10/36[0m
[0;32m    vmware:   Updating   : dracut-network-0   11/36[0m
[0;32m    vmware:   Updating   : dracut-config-re   12/36[0m
[0;32m    vmware:   Updating   : libgudev1-208-20   13/36[0m
[0;32m    vmware:   Updating   : libxml2-python-2   14/36[0m
[0;32m    vmware:   Updating   : unzip-6.0-15.el7   15/36[0m
[0;32m    vmware:   Updating   : freetype-2.4.11-   16/36[0m
[0;32m    vmware:   Updating   : binutils-2.23.52   17/36[0m
[0;32m    vmware:   Updating   : tzdata-2015b-1.e   18/36[0m
[0;32m    vmware: Cleanup    : dracut-config-re   19/36[0m
[0;32m    vmware: Cleanup    : dracut-network-0   20/36[0m
[0;32m    vmware: Cleanup    : 32:bind-libs-lit   21/36[0m
[0;32m    vmware: Cleanup    : dnsmasq-2.66-12.   22/36[0m
[0;32m    vmware: Cleanup    : libgudev1-208-20   23/36[0m
[0;32m    vmware: Cleanup    : systemd-sysv-208   24/36[0m
[0;32m    vmware: Cleanup    : dracut-033-240.0   25/36[0m
[0;32m    vmware: Cleanup    : systemd-208-20.0   26/36[0m
[0;32m    vmware: Cleanup    : 1:openssl-1.0.1e   27/36[0m
[0;32m    vmware: Cleanup    : libxml2-python-2   28/36[0m
[0;32m    vmware: Cleanup    : 32:bind-license-   29/36[0m
[0;32m    vmware: Cleanup    : tzdata-2015a-1.e   30/36[0m
[0;32m    vmware: Cleanup    : libxml2-2.9.1-5.   31/36[0m
[0;32m    vmware: Cleanup    : 1:openssl-libs-1   32/36[0m
[0;32m    vmware: Cleanup    : systemd-libs-208   33/36[0m
[0;32m    vmware: Cleanup    : unzip-6.0-13.el7   34/36[0m
[0;32m    vmware: Cleanup    : freetype-2.4.11-   35/36[0m
[0;32m    vmware: Cleanup    : binutils-2.23.52   36/36[0m
[0;32m    vmware: Verifying  : libxml2-python-2    1/36[0m
[0;32m    vmware: Verifying  : dracut-033-241.0    2/36[0m
[0;32m    vmware: Verifying  : tzdata-2015b-1.e    3/36[0m
[0;32m    vmware: Verifying  : binutils-2.23.52    4/36[0m
[0;32m    vmware: Verifying  : dracut-network-0    5/36[0m
[0;32m    vmware: Verifying  : dracut-config-re    6/36[0m
[0;32m    vmware: Verifying  : libgudev1-208-20    7/36[0m
[0;32m    vmware: Verifying  : 32:bind-license-    8/36[0m
[0;32m    vmware: Verifying  : freetype-2.4.11-    9/36[0m
[0;32m    vmware: Verifying  : 1:openssl-libs-1   10/36[0m
[0;32m    vmware: Verifying  : systemd-libs-208   11/36[0m
[0;32m    vmware: Verifying  : 32:bind-libs-lit   12/36[0m
[0;32m    vmware: Verifying  : systemd-208-20.0   13/36[0m
[0;32m    vmware: Verifying  : 1:openssl-1.0.1e   14/36[0m
[0;32m    vmware: Verifying  : unzip-6.0-15.el7   15/36[0m
[0;32m    vmware: Verifying  : systemd-sysv-208   16/36[0m
[0;32m    vmware: Verifying  : libxml2-2.9.1-5.   17/36[0m
[0;32m    vmware: Verifying  : dnsmasq-2.66-13.   18/36[0m
[0;32m    vmware: Verifying  : 32:bind-license-   19/36[0m
[0;32m    vmware: Verifying  : dracut-config-re   20/36[0m
[0;32m    vmware: Verifying  : systemd-libs-208   21/36[0m
[0;32m    vmware: Verifying  : systemd-sysv-208   22/36[0m
[0;32m    vmware: Verifying  : 1:openssl-1.0.1e   23/36[0m
[0;32m    vmware: Verifying  : libxml2-python-2   24/36[0m
[0;32m    vmware: Verifying  : unzip-6.0-13.el7   25/36[0m
[0;32m    vmware: Verifying  : 32:bind-libs-lit   26/36[0m
[0;32m    vmware: Verifying  : libxml2-2.9.1-5.   27/36[0m
[0;32m    vmware: Verifying  : dracut-033-240.0   28/36[0m
[0;32m    vmware: Verifying  : dnsmasq-2.66-12.   29/36[0m
[0;32m    vmware: Verifying  : freetype-2.4.11-   30/36[0m
[0;32m    vmware: Verifying  : 1:openssl-libs-1   31/36[0m
[0;32m    vmware: Verifying  : dracut-network-0   32/36[0m
[0;32m    vmware: Verifying  : libgudev1-208-20   33/36[0m
[0;32m    vmware: Verifying  : binutils-2.23.52   34/36[0m
[0;32m    vmware: Verifying  : tzdata-2015a-1.e   35/36[0m
[0;32m    vmware: Verifying  : systemd-208-20.0   36/36[0m
[0;32m    vmware:[0m
[0;32m    vmware: Updated:[0m
[0;32m    vmware: bind-libs-lite.x86_64 32:9.9.4-18.el7_1.1[0m
[0;32m    vmware: bind-license.noarch 32:9.9.4-18.el7_1.1[0m
[0;32m    vmware: binutils.x86_64 0:2.23.52.0.1-30.el7_1.1[0m
[0;32m    vmware: dnsmasq.x86_64 0:2.66-13.el7_1[0m
[0;32m    vmware: dracut.x86_64 0:033-241.0.1.el7_1.1[0m
[0;32m    vmware: dracut-config-rescue.x86_64 0:033-241.0.1.el7_1.1[0m
[0;32m    vmware: dracut-network.x86_64 0:033-241.0.1.el7_1.1[0m
[0;32m    vmware: freetype.x86_64 0:2.4.11-10.el7_1.1[0m
[0;32m    vmware: libgudev1.x86_64 0:208-20.0.1.el7_1.2[0m
[0;32m    vmware: libxml2.x86_64 0:2.9.1-5.0.1.el7_1.2[0m
[0;32m    vmware: libxml2-python.x86_64 0:2.9.1-5.0.1.el7_1.2[0m
[0;32m    vmware: openssl.x86_64 1:1.0.1e-42.el7_1.4[0m
[0;32m    vmware: openssl-libs.x86_64 1:1.0.1e-42.el7_1.4[0m
[0;32m    vmware: systemd.x86_64 0:208-20.0.1.el7_1.2[0m
[0;32m    vmware: systemd-libs.x86_64 0:208-20.0.1.el7_1.2[0m
[0;32m    vmware: systemd-sysv.x86_64 0:208-20.0.1.el7_1.2[0m
[0;32m    vmware: tzdata.noarch 0:2015b-1.el7[0m
[0;32m    vmware: unzip.x86_64 0:6.0-15.el7[0m
[0;32m    vmware:[0m
[0;32m    vmware: Complete![0m
[0;32m    vmware: epel-release-lat |  14 kB     00:00[0m
[0;32m    vmware: Examining /var/tmp/yum-root-H0diH_/epel-release-latest-7.noarch.rpm: epel-release-7-5.noarch[0m
[0;32m    vmware: Marking /var/tmp/yum-root-H0diH_/epel-release-latest-7.noarch.rpm to be installed[0m
[0;32m    vmware: Resolving Dependencies[0m
[0;32m    vmware: --> Running transaction check[0m
[0;32m    vmware: ---> Package epel-release.noarch 0:7-5 will be installed[0m
[0;32m    vmware: --> Finished Dependency Resolution[0m
[0;32m    vmware:[0m
[0;32m    vmware: Dependencies Resolved[0m
[0;32m    vmware:[0m
[0;32m    vmware: ========================================[0m
[0;32m    vmware: Package      Arch   Version[0m
[0;32m    vmware: Repository[0m
[0;32m    vmware: Size[0m
[0;32m    vmware: ========================================[0m
[0;32m    vmware: Installing:[0m
[0;32m    vmware: [1mepel-release(B[m noarch 7-5 /epel-release-latest-7.noarch[0m
[0;32m    vmware: 24 k[0m
[0;32m    vmware:[0m
[0;32m    vmware: Transaction Summary[0m
[0;32m    vmware: ========================================[0m
[0;32m    vmware: Install  1 Package[0m
[0;32m    vmware:[0m
[0;32m    vmware: Total size: 24 k[0m
[0;32m    vmware: Installed size: 24 k[0m
[0;32m    vmware: Downloading packages:[0m
[0;32m    vmware: Running transaction check[0m
[0;32m    vmware: Running transaction test[0m
[0;32m    vmware: Transaction test succeeded[0m
[0;32m    vmware: Running transaction[0m
[0;32m    vmware:   Installing : epel-release-7-5.n   1/1[0m
[0;32m    vmware: Verifying  : epel-release-7-5.n   1/1[0m
[0;32m    vmware:[0m
[0;32m    vmware: Installed:[0m
[0;32m    vmware: epel-release.noarch 0:7-5[0m
[0;32m    vmware:[0m
[0;32m    vmware: Complete![0m
[0;32m    vmware: Cleaning repos: epel ol7_UEKR3[0m
[0;32m    vmware: ...: ol7_addons ol7_latest[0m
[0;32m    vmware: ...: ol7_optional_latest[0m
[0;32m    vmware: Cleaning up everything[0m
[0;32m    vmware: ============== repo: epel ==============[0m
[0;32m    vmware: [epel][0m
[0;32m    vmware: async = True[0m
[0;32m    vmware: bandwidth = 0[0m
[0;32m    vmware: base_persistdir = /var/lib/yum/repos/x86_64/7Server[0m
[0;32m    vmware: baseurl =[0m
[0;32m    vmware: cache = 0[0m
[0;32m    vmware: cachedir = /var/cache/yum/x86_64/7Server/epel[0m
[0;32m    vmware: check_config_file_age = True[0m
[0;32m    vmware: cost = 1000[0m
[0;32m    vmware: deltarpm_metadata_percentage = 100[0m
[0;32m    vmware: deltarpm_percentage =[0m
[0;32m    vmware: enabled = 0[0m
[0;32m    vmware: enablegroups = True[0m
[0;32m    vmware: exclude =[0m
[0;32m    vmware: failovermethod = priority[0m
[0;32m    vmware: gpgcadir = /var/lib/yum/repos/x86_64/7Server/epel/gpgcadir[0m
[0;32m    vmware: gpgcakey =[0m
[0;32m    vmware: gpgcheck = True[0m
[0;32m    vmware: gpgdir = /var/lib/yum/repos/x86_64/7Server/epel/gpgdir[0m
[0;32m    vmware: gpgkey = file:///etc/pki/rpm-gpg/RPM-GPG-KEY-EPEL-7[0m
[0;32m    vmware: hdrdir = /var/cache/yum/x86_64/7Server/epel/headers[0m
[0;32m    vmware: http_caching = all[0m
[0;32m    vmware: includepkgs =[0m
[0;32m    vmware: ip_resolve =[0m
[0;32m    vmware: keepalive = True[0m
[0;32m    vmware: keepcache = False[0m
[0;32m    vmware: mddownloadpolicy = sqlite[0m
[0;32m    vmware: mdpolicy = group:small[0m
[0;32m    vmware: mediaid =[0m
[0;32m    vmware: metadata_expire = 21600[0m
[0;32m    vmware: metadata_expire_filter = read-only:present[0m
[0;32m    vmware: metalink =[0m
[0;32m    vmware: minrate = 0[0m
[0;32m    vmware: mirrorlist = https://mirrors.fedoraproject.org/metalink?repo=epel-7&arch=x86_64[0m
[0;32m    vmware: mirrorlist_expire = 86400[0m
[0;32m    vmware: name = Extra Packages for Enterprise Linux 7 - x86_64[0m
[0;32m    vmware: old_base_cache_dir =[0m
[0;32m    vmware: password =[0m
[0;32m    vmware: persistdir = /var/lib/yum/repos/x86_64/7Server/epel[0m
[0;32m    vmware: pkgdir = /var/cache/yum/x86_64/7Server/epel/packages[0m
[0;32m    vmware: proxy = False[0m
[0;32m    vmware: proxy_dict =[0m
[0;32m    vmware: proxy_password =[0m
[0;32m    vmware: proxy_username =[0m
[0;32m    vmware: repo_gpgcheck = False[0m
[0;32m    vmware: retries = 10[0m
[0;32m    vmware: skip_if_unavailable = False[0m
[0;32m    vmware: ssl_check_cert_permissions = True[0m
[0;32m    vmware: sslcacert =[0m
[0;32m    vmware: sslclientcert =[0m
[0;32m    vmware: sslclientkey =[0m
[0;32m    vmware: sslverify = True[0m
[0;32m    vmware: throttle = 0[0m
[0;32m    vmware: timeout = 30.0[0m
[0;32m    vmware: ui_id = epel/x86_64[0m
[0;32m    vmware: ui_repoid_vars = releasever,[0m
[0;32m    vmware: basearch[0m
[0;32m    vmware: username =[0m
[0;32m    vmware:[0m
[1;32m==> vmware: Pausing 1s before the next provisioner...[0m
[1;32m==> vmware: Provisioning with shell script: /var/folders/vh/plvhbdqx35ncp68sk1jvs0s80000gp/T/packer-shell660133590[0m
[0;32m    vmware: ol7_UEKR3        | 1.2 kB     00:00[0m
[0;32m    vmware: ol7_addons       | 1.2 kB     00:00[0m
[0;32m    vmware: ol7_latest       | 1.4 kB     00:00[0m
[0;32m    vmware: ol7_optional_lat | 1.2 kB     00:00[0m
[0;32m    vmware: (1/9): ol7_UEKR3/x |  30 kB   00:00[0m
[0;32m    vmware: (2/9): ol7_latest/ | 360 kB   00:00[0m
[0;32m    vmware: (3/9): ol7_addons/ | 3.3 kB   00:00[0m
[0;32m    vmware: (4/9): ol7_addons/ |  21 kB   00:00[0m
[0;32m    vmware: (5/9): ol7_latest/ | 652 kB   00:00[0m
[0;32m    vmware: (6/9): ol7_optiona | 269 kB   00:00[0m
[0;32m    vmware: (7/9): ol7_optiona | 2.2 MB   00:00[0m
[0;32m    vmware: (8/9): ol7_UEKR3/x | 6.9 MB   00:00[0m
[0;32m    vmware: (9/9): ol7_latest/ | 8.9 MB   00:00[0m
[0;32m    vmware: ol7_UEKR3                       167/167[0m
[0;32m    vmware: ol7_addons                        65/65[0m
[0;32m    vmware: ol7_latest                    9372/9372[0m
[0;32m    vmware: ol7_optional_latest           7396/7396[0m
[0;32m    vmware: Package 4:perl-5.16.3-285.el7.x86_64 already installed and latest version[0m
[0;32m    vmware: Resolving Dependencies[0m
[0;32m    vmware: --> Running transaction check[0m
[0;32m    vmware: ---> Package net-tools.x86_64 0:2.0-0.17.20131004git.el7 will be installed[0m
[0;32m    vmware: --> Finished Dependency Resolution[0m
[0;32m    vmware:[0m
[0;32m    vmware: Dependencies Resolved[0m
[0;32m    vmware:[0m
[0;32m    vmware: ========================================[0m
[0;32m    vmware: Package   Arch   Version[0m
[0;32m    vmware: Repository  Size[0m
[0;32m    vmware: ========================================[0m
[0;32m    vmware: Installing:[0m
[0;32m    vmware: net-tools x86_64 2.0-0.17.20131004git.el7[0m
[0;32m    vmware: ol7_latest 303 k[0m
[0;32m    vmware:[0m
[0;32m    vmware: Transaction Summary[0m
[0;32m    vmware: ========================================[0m
[0;32m    vmware: Install  1 Package[0m
[0;32m    vmware:[0m
[0;32m    vmware: Total download size: 303 k[0m
[0;32m    vmware: Installed size: 917 k[0m
[0;32m    vmware: Downloading packages:[0m
[0;32m    vmware: net-tools-2.0-0.17 | 303 kB   00:00[0m
[0;32m    vmware: Running transaction check[0m
[0;32m    vmware: Running transaction test[0m
[0;32m    vmware: Transaction test succeeded[0m
[0;32m    vmware: Running transaction[0m
[0;32m    vmware:   Installing : net-tools-2.0-0.17   1/1[0m
[0;32m    vmware: Verifying  : net-tools-2.0-0.17   1/1[0m
[0;32m    vmware:[0m
[0;32m    vmware: Installed:[0m
[0;32m    vmware: net-tools.x86_64 0:2.0-0.17.20131004git.el7[0m
[0;32m    vmware:[0m
[0;32m    vmware: Complete![0m
[0;32m    vmware: Creating a new VMware Tools installer database using the tar4 format.[0m
[0;32m    vmware:[0m
[0;32m    vmware: Installing VMware Tools.[0m
[0;32m    vmware:[0m
[0;32m    vmware: In which directory do you want to install the binary files?[0m
[0;32m    vmware: [/usr/bin][0m
[0;32m    vmware:[0m
[0;32m    vmware: What is the directory that contains the init directories (rc0.d/ to rc6.d/)?[0m
[0;32m    vmware: [/etc/rc.d][0m
[0;32m    vmware:[0m
[0;32m    vmware: What is the directory that contains the init scripts?[0m
[0;32m    vmware: [/etc/rc.d/init.d][0m
[0;32m    vmware:[0m
[0;32m    vmware: In which directory do you want to install the daemon files?[0m
[0;32m    vmware: [/usr/sbin][0m
[0;32m    vmware:[0m
[0;32m    vmware: In which directory do you want to install the library files?[0m
[0;32m    vmware: [/usr/lib/vmware-tools][0m
[0;32m    vmware:[0m
[0;32m    vmware: The path "/usr/lib/vmware-tools" does not exist currently. This program is[0m
[0;32m    vmware: going to create it, including needed parent directories. Is this what you want?[0m
[0;32m    vmware: [yes][0m
[0;32m    vmware:[0m
[0;32m    vmware: In which directory do you want to install the documentation files?[0m
[0;32m    vmware: [/usr/share/doc/vmware-tools][0m
[0;32m    vmware:[0m
[0;32m    vmware: The path "/usr/share/doc/vmware-tools" does not exist currently. This program[0m
[0;32m    vmware: is going to create it, including needed parent directories. Is this what you[0m
[0;32m    vmware: want? [yes][0m
[0;32m    vmware:[0m
[0;32m    vmware: The installation of VMware Tools 9.9.2 build-2496486 for Linux completed[0m
[0;32m    vmware: successfully. You can decide to remove this software from your system at any[0m
[0;32m    vmware: time by invoking the following command: "/usr/bin/vmware-uninstall-tools.pl".[0m
[0;32m    vmware:[0m
[0;32m    vmware: Before running VMware Tools for the first time, you need to configure it by[0m
[0;32m    vmware: invoking the following command: "/usr/bin/vmware-config-tools.pl". Do you want[0m
[0;32m    vmware: this program to invoke the command for you now? [yes][0m
[0;32m    vmware:[0m
[0;32m    vmware: Initializing...[0m
[0;32m    vmware:[0m
[0;32m    vmware:[0m
[0;32m    vmware: Making sure services for VMware Tools are stopped.[0m
[0;32m    vmware:[0m
[0;32m    vmware: Stopping Thinprint services in the virtual machine:[0m
[0;32m    vmware: Stopping Virtual Printing daemon:[71G done[0m
[0;32m    vmware: Stopping vmware-tools (via systemctl):  [60G[[0;32m  OK  [0;39m][0m
[0;32m    vmware:[0m
[0;32m    vmware:[0m
[0;32m    vmware: The module vmci has already been installed on this system by another installer[0m
[0;32m    vmware: or package and will not be modified by this installer.[0m
[0;32m    vmware:[0m
[0;32m    vmware: The module vsock has already been installed on this system by another installer[0m
[0;32m    vmware: or package and will not be modified by this installer.[0m
[0;32m    vmware:[0m
[0;32m    vmware: The module vmxnet3 has already been installed on this system by another[0m
[0;32m    vmware: installer or package and will not be modified by this installer.[0m
[0;32m    vmware:[0m
[0;32m    vmware: The module pvscsi has already been installed on this system by another[0m
[0;32m    vmware: installer or package and will not be modified by this installer.[0m
[0;32m    vmware:[0m
[0;32m    vmware: The module vmmemctl has already been installed on this system by another[0m
[0;32m    vmware: installer or package and will not be modified by this installer.[0m
[0;32m    vmware:[0m
[0;32m    vmware: The VMware Host-Guest Filesystem allows for shared folders between the host OS[0m
[0;32m    vmware: and the guest OS in a Fusion or Workstation virtual environment.  Do you wish[0m
[0;32m    vmware: to enable this feature? [yes][0m
[0;32m    vmware:[0m
[0;32m    vmware: Using kernel build system.[0m
[0;32m    vmware: make: Entering directory `/tmp/modconfig-ix0KSL/vmhgfs-only'[0m
[0;32m    vmware: /bin/make -C /lib/modules/3.8.13-68.1.2.el7uek.x86_64/build/include/.. SUBDIRS=$PWD SRCROOT=$PWD/. \[0m
[0;32m    vmware: MODULEBUILDDIR= modules[0m
[0;32m    vmware: make[1]: Entering directory `/usr/src/kernels/3.8.13-68.1.2.el7uek.x86_64'[0m
[0;32m    vmware: CC [M]  /tmp/modconfig-ix0KSL/vmhgfs-only/backdoorGcc64.o[0m
[0;32m    vmware: CC [M]  /tmp/modconfig-ix0KSL/vmhgfs-only/message.o[0m
[0;32m    vmware: CC [M]  /tmp/modconfig-ix0KSL/vmhgfs-only/dir.o[0m
[0;32m    vmware: CC [M]  /tmp/modconfig-ix0KSL/vmhgfs-only/rpcout.o[0m
[0;32m    vmware: CC [M]  /tmp/modconfig-ix0KSL/vmhgfs-only/hgfsUtil.o[0m
[0;32m    vmware: CC [M]  /tmp/modconfig-ix0KSL/vmhgfs-only/cpName.o[0m
[0;32m    vmware: CC [M]  /tmp/modconfig-ix0KSL/vmhgfs-only/link.o[0m
[0;32m    vmware: CC [M]  /tmp/modconfig-ix0KSL/vmhgfs-only/request.o[0m
[0;32m    vmware: CC [M]  /tmp/modconfig-ix0KSL/vmhgfs-only/stubs.o[0m
[0;32m    vmware: CC [M]  /tmp/modconfig-ix0KSL/vmhgfs-only/hgfsEscape.o[0m
[0;32m    vmware: CC [M]  /tmp/modconfig-ix0KSL/vmhgfs-only/file.o[0m
[0;32m    vmware: CC [M]  /tmp/modconfig-ix0KSL/vmhgfs-only/bdhandler.o[0m
[0;32m    vmware: CC [M]  /tmp/modconfig-ix0KSL/vmhgfs-only/transport.o[0m
[0;32m    vmware: CC [M]  /tmp/modconfig-ix0KSL/vmhgfs-only/inode.o[0m
[0;32m    vmware: CC [M]  /tmp/modconfig-ix0KSL/vmhgfs-only/super.o[0m
[0;32m    vmware: CC [M]  /tmp/modconfig-ix0KSL/vmhgfs-only/fsutil.o[0m
[0;32m    vmware: CC [M]  /tmp/modconfig-ix0KSL/vmhgfs-only/cpNameLinux.o[0m
[0;32m    vmware: CC [M]  /tmp/modconfig-ix0KSL/vmhgfs-only/hgfsBd.o[0m
[0;32m    vmware: CC [M]  /tmp/modconfig-ix0KSL/vmhgfs-only/filesystem.o[0m
[0;32m    vmware: CC [M]  /tmp/modconfig-ix0KSL/vmhgfs-only/module.o[0m
[0;32m    vmware: CC [M]  /tmp/modconfig-ix0KSL/vmhgfs-only/page.o[0m
[0;32m    vmware: CC [M]  /tmp/modconfig-ix0KSL/vmhgfs-only/backdoor.o[0m
[0;32m    vmware: CC [M]  /tmp/modconfig-ix0KSL/vmhgfs-only/dentry.o[0m
[0;32m    vmware: CC [M]  /tmp/modconfig-ix0KSL/vmhgfs-only/cpNameLite.o[0m
[0;32m    vmware: CC [M]  /tmp/modconfig-ix0KSL/vmhgfs-only/kernelStubsLinux.o[0m
[0;32m    vmware: SDTSTB  /tmp/modconfig-ix0KSL/vmhgfs-only/vmhgfs.sdtstub.S[0m
[0;32m    vmware: AS [M]  /tmp/modconfig-ix0KSL/vmhgfs-only/vmhgfs.sdtstub.o[0m
[0;32m    vmware: LD [M]  /tmp/modconfig-ix0KSL/vmhgfs-only/vmhgfs.o[0m
[0;32m    vmware: Building modules, stage 2.[0m
[0;32m    vmware: MODPOST 1 modules[0m
[0;32m    vmware: SDTINF  /tmp/modconfig-ix0KSL/vmhgfs-only/vmhgfs.sdtinfo.c[0m
[0;32m    vmware: CC      /tmp/modconfig-ix0KSL/vmhgfs-only/vmhgfs.mod.o[0m
[0;32m    vmware: CTF[0m
[0;32m    vmware: LD [M]  /tmp/modconfig-ix0KSL/vmhgfs-only/vmhgfs.ko[0m
[0;32m    vmware: make[1]: Leaving directory `/usr/src/kernels/3.8.13-68.1.2.el7uek.x86_64'[0m
[0;32m    vmware: /bin/make -C $PWD SRCROOT=$PWD/. \[0m
[0;32m    vmware: MODULEBUILDDIR= postbuild[0m
[0;32m    vmware: make[1]: Entering directory `/tmp/modconfig-ix0KSL/vmhgfs-only'[0m
[0;32m    vmware: make[1]: `postbuild' is up to date.[0m
[0;32m    vmware: make[1]: Leaving directory `/tmp/modconfig-ix0KSL/vmhgfs-only'[0m
[0;32m    vmware: cp -f vmhgfs.ko ./../vmhgfs.o[0m
[0;32m    vmware: make: Leaving directory `/tmp/modconfig-ix0KSL/vmhgfs-only'[0m
[0;32m    vmware:[0m
[0;32m    vmware: The vmxnet driver is no longer supported on kernels 3.3 and greater. Please[0m
[0;32m    vmware: upgrade to a newer virtual NIC. (e.g., vmxnet3 or e1000e)[0m
[0;32m    vmware:[0m
[0;32m    vmware: The vmblock enables dragging or copying files between host and guest in a[0m
[0;32m    vmware: Fusion or Workstation virtual environment.  Do you wish to enable this feature?[0m
[0;32m    vmware: [yes][0m
[0;32m    vmware:[0m
[0;32m    vmware: NOTICE:  It appears your system does not have the required fuse packages[0m
[0;32m    vmware: installed.  The VMware blocking filesystem requires the fuse packages and its[0m
[0;32m    vmware: libraries to function properly.  Please install the fuse or fuse-utils package[0m
[0;32m    vmware: using your systems package management utility and re-run this script in order[0m
[0;32m    vmware: to enable the VMware blocking filesystem.[0m
[0;32m    vmware:[0m
[0;32m    vmware: VMware automatic kernel modules enables automatic building and installation of[0m
[0;32m    vmware: VMware kernel modules at boot that are not already present. This feature can be[0m
[0;32m    vmware:[0m
[0;32m    vmware: enabled/disabled by re-running vmware-config-tools.pl.[0m
[0;32m    vmware:[0m
[0;32m    vmware: Would you like to enable VMware automatic kernel modules?[0m
[0;32m    vmware: [no][0m
[0;32m    vmware:[0m
[0;32m    vmware: Do you want to enable Guest Authentication (vgauth)? [yes][0m
[0;32m    vmware:[0m
[0;32m    vmware: No X install found.[0m
[0;32m    vmware:[0m
[0;32m    vmware: Creating a new initrd boot image for the kernel.[0m
[0;32m    vmware: Starting Virtual Printing daemon:[71G done[0m
[0;32m    vmware: Starting vmware-tools (via systemctl):  [60G[[0;32m  OK  [0;39m][0m
[0;32m    vmware: The configuration of VMware Tools 9.9.2 build-2496486 for Linux for this[0m
[0;32m    vmware: running kernel completed successfully.[0m
[0;32m    vmware:[0m
[0;32m    vmware: You must restart your X session before any mouse or graphics changes take[0m
[0;32m    vmware: effect.[0m
[0;32m    vmware:[0m
[0;32m    vmware: You can now run VMware Tools by invoking "/usr/bin/vmware-toolbox-cmd" from the[0m
[0;32m    vmware: command line.[0m
[0;32m    vmware:[0m
[0;32m    vmware: To enable advanced X features (e.g., guest resolution fit, drag and drop, and[0m
[0;32m    vmware: file and text copy/paste), you will need to do one (or more) of the following:[0m
[0;32m    vmware: 1. Manually start /usr/bin/vmware-user[0m
[0;32m    vmware: 2. Log out and log back into your desktop session; and,[0m
[0;32m    vmware: 3. Restart your X session.[0m
[0;32m    vmware:[0m
[0;32m    vmware: Enjoy,[0m
[0;32m    vmware:[0m
[0;32m    vmware: --the VMware team[0m
[0;32m    vmware:[0m
[1;32m==> vmware: Pausing 1s before the next provisioner...[0m
[1;32m==> vmware: Provisioning with shell script: /var/folders/vh/plvhbdqx35ncp68sk1jvs0s80000gp/T/packer-shell202585433[0m
[0;32m    vmware: dd: error writing ‘/EMPTY’: No space left on device[0m
[0;32m    vmware: 41265+0 records in[0m
[0;32m    vmware: 41264+0 records out[0m
[0;32m    vmware: 43268640768 bytes (43 GB) copied, 56.5057 s, 766 MB/s[0m
[1;32m==> vmware: Pausing 10s before the next provisioner...[0m
[1;32m==> vmware: Provisioning with shell script: /var/folders/vh/plvhbdqx35ncp68sk1jvs0s80000gp/T/packer-shell935174042[0m
[0;32m    vmware: ol7_UEKR3        | 1.2 kB     00:00[0m
[0;32m    vmware: ol7_addons       | 1.2 kB     00:00[0m
[0;32m    vmware: ol7_latest       | 1.4 kB     00:00[0m
[0;32m    vmware: ol7_optional_lat | 1.2 kB     00:00[0m
[0;32m    vmware: (1/9): ol7_UEKR3/x |  30 kB   00:00[0m
[0;32m    vmware: (2/9): ol7_latest/ | 360 kB   00:00[0m
[0;32m    vmware: (3/9): ol7_addons/ | 3.3 kB   00:00[0m
[0;32m    vmware: (4/9): ol7_addons/ |  21 kB   00:00[0m
[0;32m    vmware: (5/9): ol7_optiona | 269 kB   00:00[0m
[0;32m    vmware: (6/9): ol7_latest/ | 652 kB   00:00[0m
[0;32m    vmware: (7/9): ol7_optiona | 2.2 MB   00:00[0m
[0;32m    vmware: (8/9): ol7_UEKR3/x | 6.9 MB   00:00[0m
[0;32m    vmware: (9/9): ol7_latest/ | 8.9 MB   00:00[0m
[0;32m    vmware: ol7_UEKR3                       167/167[0m
[0;32m    vmware: ol7_addons                        65/65[0m
[0;32m    vmware: ol7_latest                    9372/9372[0m
[0;32m    vmware: ol7_optional_latest           7396/7396[0m
[0;32m    vmware: Resolving Dependencies[0m
[0;32m    vmware: --> Running transaction check[0m
[0;32m    vmware: ---> Package httpd.x86_64 0:2.4.6-31.0.1.el7 will be installed[0m
[0;32m    vmware: --> Processing Dependency: httpd-tools = 2.4.6-31.0.1.el7 for package: httpd-2.4.6-31.0.1.el7.x86_64[0m
[0;32m    vmware: --> Processing Dependency: /etc/mime.types for package: httpd-2.4.6-31.0.1.el7.x86_64[0m
[0;32m    vmware: --> Processing Dependency: libaprutil-1.so.0()(64bit) for package: httpd-2.4.6-31.0.1.el7.x86_64[0m
[0;32m    vmware: --> Processing Dependency: libapr-1.so.0()(64bit) for package: httpd-2.4.6-31.0.1.el7.x86_64[0m
[0;32m    vmware: ---> Package mod_ssl.x86_64 1:2.4.6-31.0.1.el7 will be installed[0m
[0;32m    vmware: --> Running transaction check[0m
[0;32m    vmware: ---> Package apr.x86_64 0:1.4.8-3.el7 will be installed[0m
[0;32m    vmware: ---> Package apr-util.x86_64 0:1.5.2-6.0.1.el7 will be installed[0m
[0;32m    vmware: ---> Package httpd-tools.x86_64 0:2.4.6-31.0.1.el7 will be installed[0m
[0;32m    vmware: ---> Package mailcap.noarch 0:2.1.41-2.el7 will be installed[0m
[0;32m    vmware: --> Finished Dependency Resolution[0m
[0;32m    vmware:[0m
[0;32m    vmware: Dependencies Resolved[0m
[0;32m    vmware:[0m
[0;32m    vmware: ========================================[0m
[0;32m    vmware: Package     Arch   Version[0m
[0;32m    vmware: Repository  Size[0m
[0;32m    vmware: ========================================[0m
[0;32m    vmware: Installing:[0m
[0;32m    vmware: httpd       x86_64 2.4.6-31.0.1.el7[0m
[0;32m    vmware: ol7_latest 1.2 M[0m
[0;32m    vmware: mod_ssl     x86_64 1:2.4.6-31.0.1.el7[0m
[0;32m    vmware: ol7_latest  99 k[0m
[0;32m    vmware: Installing for dependencies:[0m
[0;32m    vmware: apr         x86_64 1.4.8-3.el7[0m
[0;32m    vmware: ol7_latest  99 k[0m
[0;32m    vmware: apr-util    x86_64 1.5.2-6.0.1.el7[0m
[0;32m    vmware: ol7_latest  91 k[0m
[0;32m    vmware: httpd-tools x86_64 2.4.6-31.0.1.el7[0m
[0;32m    vmware: ol7_latest  78 k[0m
[0;32m    vmware: mailcap     noarch 2.1.41-2.el7[0m
[0;32m    vmware: ol7_latest  30 k[0m
[0;32m    vmware:[0m
[0;32m    vmware: Transaction Summary[0m
[0;32m    vmware: ========================================[0m
[0;32m    vmware: Install  2 Packages (+4 Dependent packages)[0m
[0;32m    vmware:[0m
[0;32m    vmware: Total download size: 1.6 M[0m
[0;32m    vmware: Installed size: 4.5 M[0m
[0;32m    vmware: Downloading packages:[0m
[0;32m    vmware: (1/6): apr-1.4.8-3 |  99 kB   00:00[0m
[0;32m    vmware: (2/6): apr-util-1. |  91 kB   00:00[0m
[0;32m    vmware: (3/6): httpd-tools |  78 kB   00:00[0m
[0;32m    vmware: (4/6): mailcap-2.1 |  30 kB   00:00[0m
[0;32m    vmware: (5/6): httpd-2.4.6 | 1.2 MB   00:00[0m
[0;32m    vmware: (6/6): mod_ssl-2.4 |  99 kB   00:00[0m
[0;32m    vmware: ----------------------------------------[0m
[0;32m    vmware: Total      4.9 MB/s | 1.6 MB  00:00[0m
[0;32m    vmware: Running transaction check[0m
[0;32m    vmware: Running transaction test[0m
[0;32m    vmware: Transaction test succeeded[0m
[0;32m    vmware: Running transaction[0m
[0;32m    vmware:   Installing : apr-1.4.8-3.el7.x8   1/6[0m
[0;32m    vmware:   Installing : apr-util-1.5.2-6.0   2/6[0m
[0;32m    vmware:   Installing : httpd-tools-2.4.6-   3/6[0m
[0;32m    vmware:   Installing : mailcap-2.1.41-2.e   4/6[0m
[0;32m    vmware:   Installing : httpd-2.4.6-31.0.1   5/6[0m
[0;32m    vmware:   Installing : 1:mod_ssl-2.4.6-31   6/6[0m
[0;32m    vmware: Verifying  : apr-1.4.8-3.el7.x8   1/6[0m
[0;32m    vmware: Verifying  : mailcap-2.1.41-2.e   2/6[0m
[0;32m    vmware: Verifying  : 1:mod_ssl-2.4.6-31   3/6[0m
[0;32m    vmware: Verifying  : httpd-2.4.6-31.0.1   4/6[0m
[0;32m    vmware: Verifying  : apr-util-1.5.2-6.0   5/6[0m
[0;32m    vmware: Verifying  : httpd-tools-2.4.6-   6/6[0m
[0;32m    vmware:[0m
[0;32m    vmware: Installed:[0m
[0;32m    vmware: httpd.x86_64 0:2.4.6-31.0.1.el7[0m
[0;32m    vmware: mod_ssl.x86_64 1:2.4.6-31.0.1.el7[0m
[0;32m    vmware:[0m
[0;32m    vmware: Dependency Installed:[0m
[0;32m    vmware: apr.x86_64 0:1.4.8-3.el7[0m
[0;32m    vmware: apr-util.x86_64 0:1.5.2-6.0.1.el7[0m
[0;32m    vmware: httpd-tools.x86_64 0:2.4.6-31.0.1.el7[0m
[0;32m    vmware: mailcap.noarch 0:2.1.41-2.el7[0m
[0;32m    vmware:[0m
[0;32m    vmware: Complete![0m
[1;32m==> vmware: Pausing 1s before the next provisioner...[0m
[1;32m==> vmware: Provisioning with shell script: /var/folders/vh/plvhbdqx35ncp68sk1jvs0s80000gp/T/packer-shell856530168[0m
[0;32m    vmware:[0m
[0;32m    vmware:[0m
[0;32m    vmware:[0m
[0;32m    vmware:[0m
[0;32m    vmware:[0m
[0;32m    vmware:[0m
[1;32m==> vmware: Gracefully halting virtual machine...[0m
[0;32m    vmware: Waiting for VMware to clean up after itself...[0m
[1;32m==> vmware: Deleting unnecessary VMware files...[0m
[0;32m    vmware: Deleting: output-oracle7-httpd-vmx-vmware/oracle7.plist[0m
[0;32m    vmware: Deleting: output-oracle7-httpd-vmx-vmware/oracle7.vmx.lck/M64030.lck[0m
[0;32m    vmware: Deleting: output-oracle7-httpd-vmx-vmware/vmware.log[0m
[1;32m==> vmware: Cleaning VMX prior to finishing up...[0m
[0;32m    vmware: Unmounting floppy from VMX...[0m
[0;32m    vmware: Detaching ISO from CD-ROM device...[0m
[1;32m==> vmware: Compacting the disk image[0m
[1;32m==> vmware: Running post-processor: vagrant[0m
[1;32m==> vmware (vagrant): Creating Vagrant box for 'vmware' provider[0m
[0;32m    vmware (vagrant): Copying: output-oracle7-httpd-vmx-vmware/disk.vmdk[0m
[0;32m    vmware (vagrant): Copying: output-oracle7-httpd-vmx-vmware/oracle7.nvram[0m
[0;32m    vmware (vagrant): Copying: output-oracle7-httpd-vmx-vmware/oracle7.vmsd[0m
[0;32m    vmware (vagrant): Copying: output-oracle7-httpd-vmx-vmware/oracle7.vmx[0m
[0;32m    vmware (vagrant): Copying: output-oracle7-httpd-vmx-vmware/oracle7.vmxf[0m
[0;32m    vmware (vagrant): Compressing: Vagrantfile[0m
[0;32m    vmware (vagrant): Compressing: disk.vmdk[0m
[0;32m    vmware (vagrant): Compressing: metadata.json[0m
[0;32m    vmware (vagrant): Compressing: oracle7.nvram[0m
[0;32m    vmware (vagrant): Compressing: oracle7.vmsd[0m
[0;32m    vmware (vagrant): Compressing: oracle7.vmx[0m
[0;32m    vmware (vagrant): Compressing: oracle7.vmxf[0m
[1;32mBuild 'vmware' finished.[0m

==> Builds finished. The artifacts of successful builds are:
--> vmware: 'vmware' provider box: vmware/oracle7-httpd.box
